18:11:06.293 [main                     ] DEBUG Logger               - Configured Logger
18:11:06.301 [main                     ] DEBUG GameApplication      - Logging settings
Title: Harry Potter: Hogwarts Battle
Version: 2.0
Width: 1920
Height: 1080
Fullscreen: true
Intro: false
Profiling: false
Single step:false
App Mode: DEVELOPER
Menu Key: ESCAPE
Stage Style: DECORATED
Scene Factory: class com.almasb.fxgl.app.scene.SceneFactory

18:11:06.703 [JavaFX Application Thread] DEBUG FXGLApplication      - Initializing FXGL
18:11:06.705 [JavaFX Application Thread] INFO  Engine               - FXGL-21.1 (27.03.2024 07.52) on WINDOWS (J:24.0.2 FX:21.0.1)
18:11:06.705 [JavaFX Application Thread] DEBUG Engine               - JRE Vendor Name: Oracle Corporation
18:11:06.705 [JavaFX Application Thread] DEBUG Engine               - Running on OS: Windows 11 version 10.0
18:11:06.705 [JavaFX Application Thread] DEBUG Engine               - Architecture: amd64
18:11:06.705 [JavaFX Application Thread] INFO  Engine               - Source code and latest versions at: https://github.com/AlmasB/FXGL
18:11:06.705 [JavaFX Application Thread] INFO  Engine               -       Ask questions and discuss at: https://github.com/AlmasB/FXGL/discussions
18:11:06.705 [JavaFX Application Thread] INFO  Engine               -              Join the FXGL chat at: https://gitter.im/AlmasB/FXGL
18:11:06.782 [JavaFX Application Thread] DEBUG PrimaryStageWindow   - Creating a JavaFX scene
18:11:06.816 [JavaFX Application Thread] DEBUG PrimaryStageWindow   - Target settings size: 1920.0 x 1080.0
18:11:06.816 [JavaFX Application Thread] DEBUG PrimaryStageWindow   - Scaled scene size:    1920.0 x 1080.0
18:11:06.816 [JavaFX Application Thread] DEBUG PrimaryStageWindow   - Scaled ratio: (1.0, 1.0)
18:11:06.816 [JavaFX Application Thread] DEBUG PrimaryStageWindow   - Set initial scene to FXGLStartupScene
18:11:06.820 [JavaFX Application Thread] DEBUG PrimaryStageWindow   - Opening main window
18:11:06.881 [JavaFX Application Thread] DEBUG PrimaryStageWindow   - Window border size: (14.6666259765625, 37.3333740234375)
18:11:06.881 [JavaFX Application Thread] DEBUG PrimaryStageWindow   - Scaled size: 1920.0 x 1080.0
18:11:06.881 [JavaFX Application Thread] DEBUG PrimaryStageWindow   - Scaled ratio: (1.0, 1.0)
18:11:06.881 [JavaFX Application Thread] DEBUG PrimaryStageWindow   - Scene size: 1920.0 x 1080.0
18:11:06.881 [JavaFX Application Thread] DEBUG PrimaryStageWindow   - Stage size: 1934.6666259765625 x 1117.3333740234375
18:11:06.887 [FXGL Background Thread 1 ] DEBUG Engine               - Initializing environment variables
18:11:06.933 [FXGL Background Thread 1 ] DEBUG FXGLAssetLoaderServi - User app class for loading assets: class grafica.GameApp
18:11:06.933 [FXGL Background Thread 1 ] DEBUG GameApplicationServi - Applying CSS: fxgl_dark.css
18:11:06.934 [FXGL Background Thread 1 ] DEBUG FXGLAssetLoaderServi - Loading from file system: jar:file:/C:/Users/Leo/.m2/repository/com/github/almasb/fxgl/21.1/fxgl-21.1.jar!/fxglassets/ui/css/fxgl_dark.css
18:11:06.966 [FXGL Background Thread 1 ] DEBUG GameApplicationServi - Initializing application scenes
18:11:07.004 [FXGL Background Thread 1 ] DEBUG GameWorld            - Game world initialized
18:11:07.052 [FXGL Background Thread 1 ] DEBUG PhysicsWorld         - Physics world initialized: appHeight=1080, physics.ppm=50,0
18:11:07.052 [FXGL Background Thread 1 ] DEBUG PhysicsWorld         - Using strategy: BRUTE_FORCE
18:11:07.054 [FXGL Background Thread 1 ] DEBUG GameScene            - Game scene initialized: 1920x1080
18:11:07.061 [FXGL Background Thread 1 ] DEBUG FXGL.DefaultMenu     - createMenuBodyGameMenu()
18:11:07.071 [FXGL Background Thread 1 ] DEBUG FXGL.DefaultMenu     - createOptionsMenu()
18:11:07.079 [FXGL Background Thread 1 ] DEBUG FXGLAssetLoaderServi - Loading from file system: jar:file:/C:/Users/Leo/.m2/repository/com/github/almasb/fxgl/21.1/fxgl-21.1.jar!/fxglassets/textures/particles/smoke.png
18:11:07.161 [FXGL Background Thread 1 ] DEBUG FXGLAssetLoaderServi - Loading from file system: jar:file:/C:/Users/Leo/.m2/repository/com/github/almasb/fxgl/21.1/fxgl-21.1.jar!/fxglassets/textures/particles/trace_horizontal.png
18:11:07.182 [FXGL Background Thread 1 ] DEBUG GameApplicationServi - Application scenes initialized
18:11:07.191 [FXGL Background Thread 1 ] DEBUG SystemBundleService  - Loading FXGL system data
18:11:07.193 [FXGL Background Thread 1 ] DEBUG FileSystemAccess     - Reading from: D:\documenti\Leonardo\università\anno_3\Ingegneria_del_software\Progetto\Progetto_Ing_Software\HogwartsBattle\HogwartsBattle\system\fxgl.bundle
18:11:07.198 [FXGL Background Thread 1 ] DEBUG SystemBundleService  - Bundle FXGL: {}
18:11:07.198 [FXGL Background Thread 1 ] DEBUG UpdaterService       - Checking for updates
18:11:07.201 [FXGL Background Thread 4 ] DEBUG FXGLApplication      - Loading fonts
18:11:07.201 [FXGL Background Thread 4 ] DEBUG FXGLAssetLoaderServi - Loading from file system: jar:file:/C:/Users/Leo/.m2/repository/com/github/almasb/fxgl/21.1/fxgl-21.1.jar!/fxglassets/ui/fonts/VarelaRound-Regular.ttf
18:11:07.202 [FXGL Background Thread 1 ] DEBUG FXGLApplication      - Loading default localization
18:11:07.202 [FXGL Background Thread 1 ] DEBUG FXGLAssetLoaderServi - Loading from file system: jar:file:/C:/Users/Leo/.m2/repository/com/github/almasb/fxgl/21.1/fxgl-21.1.jar!/fxglassets/languages/english.lang
18:11:07.228 [FXGL Background Thread 1 ] INFO  FXGLApplication      - FXGL initialization took: 0,341 sec
18:11:07.229 [JavaFX Application Thread] DEBUG FXGLAssetLoaderServi - Loading from file system: jar:file:/C:/Users/Leo/.m2/repository/com/github/almasb/fxgl/21.1/fxgl-21.1.jar!/fxglassets/textures/fxgl_icon.png
18:11:07.235 [FXGL Background Thread 4 ] DEBUG FXGLAssetLoaderServi - Loading from file system: jar:file:/C:/Users/Leo/.m2/repository/com/github/almasb/fxgl/21.1/fxgl-21.1.jar!/fxglassets/ui/fonts/Abel-Regular.ttf
18:11:07.237 [FXGL Background Thread 4 ] DEBUG FXGLAssetLoaderServi - Loading from file system: jar:file:/C:/Users/Leo/.m2/repository/com/github/almasb/fxgl/21.1/fxgl-21.1.jar!/fxglassets/ui/fonts/TerminalLandMono-Regular.otf
18:11:07.239 [FXGL Background Thread 4 ] DEBUG FXGLAssetLoaderServi - Loading from file system: jar:file:/C:/Users/Leo/.m2/repository/com/github/almasb/fxgl/21.1/fxgl-21.1.jar!/fxglassets/ui/fonts/Courier-Prime.ttf
18:11:07.251 [JavaFX Application Thread] DEBUG FXGLAssetLoaderServi - Loading from file system: jar:file:/C:/Users/Leo/.m2/repository/com/github/almasb/fxgl/21.1/fxgl-21.1.jar!/fxglassets/textures/fxgl_default_cursor.png
18:11:07.270 [JavaFX Application Thread] DEBUG Input                - Registered new binding: Screenshot - CTRL+8
18:11:07.270 [JavaFX Application Thread] DEBUG Input                - Registered new binding: System info dump - CTRL+9
18:11:07.271 [JavaFX Application Thread] DEBUG Input                - Registered new binding: Restart - CTRL+R
18:11:07.272 [JavaFX Application Thread] DEBUG Input                - Registered new binding: Toggle Debug Camera - CTRL+7
18:11:07.277 [JavaFX Application Thread] DEBUG LoopRunner           - Starting loop
18:11:07.277 [JavaFX Application Thread] DEBUG LoopRunner           - Initializing JavaFX AnimationTimerLoop
18:11:07.279 [JavaFX Application Thread] DEBUG GameApplicationServi - Starting new game
18:11:07.280 [JavaFX Application Thread] DEBUG Input                - Clearing active input actions
18:11:07.291 [JavaFX Application Thread] DEBUG GameApplicationServi - Removing overlay from FXGLStartupScene and adding to FXGLLoadingScene
18:11:07.292 [JavaFX Application Thread] DEBUG PrimaryStageWindow   - FXGLStartupScene -> FXGLLoadingScene
18:11:07.292 [JavaFX Application Thread] DEBUG GameApplicationServi - Clearing previous game
18:11:07.292 [JavaFX Application Thread] DEBUG GameScene            - Clearing game scene
18:11:07.292 [JavaFX Application Thread] DEBUG GameWorld            - Clearing game world
18:11:07.292 [JavaFX Application Thread] DEBUG PhysicsWorld         - Clearing physics world
18:11:07.294 [FXGL Background Thread 4 ] DEBUG FXGLApplication      - Initializing game
18:11:07.296 [JavaFX Application Thread] DEBUG FXGLApplication      - Registering font factories with UI factory
18:11:07.330 [FXGL Background Thread 4 ] INFO  FXGLApplication      - Game initialization took: 0,036 sec
18:11:07.359 [JavaFX Application Thread] DEBUG Input                - Clearing active input actions
18:11:07.364 [JavaFX Application Thread] DEBUG GameApplicationServi - Removing overlay from FXGLLoadingScene and adding to GameScene
18:11:07.364 [JavaFX Application Thread] DEBUG PrimaryStageWindow   - FXGLLoadingScene -> GameScene
18:11:10.201 [FXGL Background Thread 3 ] DEBUG Engine               - Logging environment variables
18:11:10.201 [FXGL Background Thread 3 ] DEBUG Engine               - achievements: []
18:11:10.201 [FXGL Background Thread 3 ] DEBUG Engine               - actualHeight: 1080.0
18:11:10.201 [FXGL Background Thread 3 ] DEBUG Engine               - actualHeightProperty: ReadOnlyDoubleProperty [value: 1080.0]
18:11:10.201 [FXGL Background Thread 3 ] DEBUG Engine               - actualWidth: 1920.0
18:11:10.201 [FXGL Background Thread 3 ] DEBUG Engine               - actualWidthProperty: ReadOnlyDoubleProperty [value: 1920.0]
18:11:10.201 [FXGL Background Thread 3 ] DEBUG Engine               - appIcon: fxgl_icon.png
18:11:10.201 [FXGL Background Thread 3 ] DEBUG Engine               - applicationMode: DEVELOPER
18:11:10.201 [FXGL Background Thread 3 ] DEBUG Engine               - cSSList: [fxgl_dark.css]
18:11:10.202 [FXGL Background Thread 3 ] DEBUG Engine               - collisionDetectionStrategy: BRUTE_FORCE
18:11:10.202 [FXGL Background Thread 3 ] DEBUG Engine               - configClass: Optional.empty
18:11:10.202 [FXGL Background Thread 3 ] DEBUG Engine               - credits: []
18:11:10.202 [FXGL Background Thread 3 ] DEBUG Engine               - defaultCursor: CursorInfo(imageName=fxgl_default_cursor.png, hotspotX=7.0, hotspotY=6.0)
18:11:10.202 [FXGL Background Thread 3 ] DEBUG Engine               - devBBoxColorProperty: ObjectProperty [value: 0xff0000ff]
18:11:10.202 [FXGL Background Thread 3 ] DEBUG Engine               - devEnableDebugCameraProperty: BooleanProperty [value: false]
18:11:10.202 [FXGL Background Thread 3 ] DEBUG Engine               - devSensorColorProperty: ObjectProperty [value: 0xffff00ff]
18:11:10.202 [FXGL Background Thread 3 ] DEBUG Engine               - devShowBBoxProperty: BooleanProperty [value: false]
18:11:10.202 [FXGL Background Thread 3 ] DEBUG Engine               - devShowPositionProperty: BooleanProperty [value: false]
18:11:10.202 [FXGL Background Thread 3 ] DEBUG Engine               - enabledMenuItems: []
18:11:10.202 [FXGL Background Thread 3 ] DEBUG Engine               - engineServices: [class com.almasb.fxgl.app.services.FXGLAssetLoaderService, class com.almasb.fxgl.app.FXGLApplication$GameApplicationService, class com.almasb.fxgl.app.services.FXGLDialogService, class com.almasb.fxgl.app.services.IOTaskExecutorService, class com.almasb.fxgl.io.FileSystemService, class com.almasb.fxgl.localization.LocalizationService, class com.almasb.fxgl.app.services.SystemBundleService, class com.almasb.fxgl.profile.SaveLoadService, class com.almasb.fxgl.ui.FXGLUIFactoryServiceProvider, class com.almasb.fxgl.ui.FXGLDialogFactoryServiceProvider, class com.almasb.fxgl.audio.AudioPlayer, class com.almasb.fxgl.notification.impl.NotificationServiceProvider, class com.almasb.fxgl.achievement.AchievementService, class com.almasb.fxgl.cutscene.CutsceneService, class com.almasb.fxgl.minigames.MiniGameService, class com.almasb.fxgl.net.NetService, class com.almasb.fxgl.app.services.UpdaterService, class com.almasb.fxgl.dev.DevService]
18:11:10.202 [FXGL Background Thread 3 ] DEBUG Engine               - fontGame: Abel-Regular.ttf
18:11:10.202 [FXGL Background Thread 3 ] DEBUG Engine               - fontMono: TerminalLandMono-Regular.otf
18:11:10.202 [FXGL Background Thread 3 ] DEBUG Engine               - fontSizeScaleUI: 1.0
18:11:10.202 [FXGL Background Thread 3 ] DEBUG Engine               - fontText: Courier-Prime.ttf
18:11:10.202 [FXGL Background Thread 3 ] DEBUG Engine               - fontUI: VarelaRound-Regular.ttf
18:11:10.203 [FXGL Background Thread 3 ] DEBUG Engine               - fullScreen: BooleanProperty [value: false]
18:11:10.203 [FXGL Background Thread 3 ] DEBUG Engine               - gameDifficulty: MEDIUM
18:11:10.203 [FXGL Background Thread 3 ] DEBUG Engine               - gameDifficultyProperty: ObjectProperty [value: MEDIUM]
18:11:10.203 [FXGL Background Thread 3 ] DEBUG Engine               - globalMusicVolume: 0.5
18:11:10.203 [FXGL Background Thread 3 ] DEBUG Engine               - globalMusicVolumeProperty: DoubleProperty [value: 0.5]
18:11:10.203 [FXGL Background Thread 3 ] DEBUG Engine               - globalSoundVolume: 0.5
18:11:10.203 [FXGL Background Thread 3 ] DEBUG Engine               - globalSoundVolumeProperty: DoubleProperty [value: 0.5]
18:11:10.203 [FXGL Background Thread 3 ] DEBUG Engine               - height: 1080
18:11:10.203 [FXGL Background Thread 3 ] DEBUG Engine               - is3D: false
18:11:10.203 [FXGL Background Thread 3 ] DEBUG Engine               - isAndroid: false
18:11:10.203 [FXGL Background Thread 3 ] DEBUG Engine               - isBrowser: false
18:11:10.203 [FXGL Background Thread 3 ] DEBUG Engine               - isClickFeedbackEnabled: false
18:11:10.203 [FXGL Background Thread 3 ] DEBUG Engine               - isCloseConfirmation: false
18:11:10.203 [FXGL Background Thread 3 ] DEBUG Engine               - isDesktop: true
18:11:10.203 [FXGL Background Thread 3 ] DEBUG Engine               - isDeveloperMenuEnabled: false
18:11:10.203 [FXGL Background Thread 3 ] DEBUG Engine               - isEmbedded: false
18:11:10.203 [FXGL Background Thread 3 ] DEBUG Engine               - isEntityPreloadEnabled: true
18:11:10.203 [FXGL Background Thread 3 ] DEBUG Engine               - isExperimentalTiledLargeMap: false
18:11:10.203 [FXGL Background Thread 3 ] DEBUG Engine               - isFileSystemWriteAllowed: true
18:11:10.203 [FXGL Background Thread 3 ] DEBUG Engine               - isFullScreenAllowed: true
18:11:10.203 [FXGL Background Thread 3 ] DEBUG Engine               - isFullScreenFromStart: false
18:11:10.203 [FXGL Background Thread 3 ] DEBUG Engine               - isGameMenuEnabled: true
18:11:10.203 [FXGL Background Thread 3 ] DEBUG Engine               - isIOS: false
18:11:10.203 [FXGL Background Thread 3 ] DEBUG Engine               - isIntroEnabled: false
18:11:10.203 [FXGL Background Thread 3 ] DEBUG Engine               - isLinux: false
18:11:10.203 [FXGL Background Thread 3 ] DEBUG Engine               - isMac: false
18:11:10.203 [FXGL Background Thread 3 ] DEBUG Engine               - isMainMenuEnabled: false
18:11:10.203 [FXGL Background Thread 3 ] DEBUG Engine               - isManualResizeEnabled: true
18:11:10.203 [FXGL Background Thread 3 ] DEBUG Engine               - isMobile: false
18:11:10.203 [FXGL Background Thread 3 ] DEBUG Engine               - isNative: false
18:11:10.203 [FXGL Background Thread 3 ] DEBUG Engine               - isPauseMusicWhenMinimized: true
18:11:10.204 [FXGL Background Thread 3 ] DEBUG Engine               - isPreserveResizeRatio: true
18:11:10.204 [FXGL Background Thread 3 ] DEBUG Engine               - isProfilingEnabled: false
18:11:10.204 [FXGL Background Thread 3 ] DEBUG Engine               - isScaleAffectedOnResize: true
18:11:10.204 [FXGL Background Thread 3 ] DEBUG Engine               - isSingleStep: false
18:11:10.204 [FXGL Background Thread 3 ] DEBUG Engine               - isUserProfileEnabled: false
18:11:10.204 [FXGL Background Thread 3 ] DEBUG Engine               - isWindows: true
18:11:10.204 [FXGL Background Thread 3 ] DEBUG Engine               - language: ObjectProperty [value: ENGLISH]
18:11:10.204 [FXGL Background Thread 3 ] DEBUG Engine               - menuKey: ESCAPE
18:11:10.204 [FXGL Background Thread 3 ] DEBUG Engine               - mouseSensitivity: 0.2
18:11:10.204 [FXGL Background Thread 3 ] DEBUG Engine               - notificationViewClass: class com.almasb.fxgl.notification.view.XboxNotificationView
18:11:10.204 [FXGL Background Thread 3 ] DEBUG Engine               - pixelsPerMeter: 50.0
18:11:10.204 [FXGL Background Thread 3 ] DEBUG Engine               - platform: WINDOWS
18:11:10.204 [FXGL Background Thread 3 ] DEBUG Engine               - prefHeightProperty: ReadOnlyDoubleProperty [value: 1080.0]
18:11:10.204 [FXGL Background Thread 3 ] DEBUG Engine               - prefWidthProperty: ReadOnlyDoubleProperty [value: 1920.0]
18:11:10.204 [FXGL Background Thread 3 ] DEBUG Engine               - profileDir: profiles/
18:11:10.204 [FXGL Background Thread 3 ] DEBUG Engine               - profileName: StringProperty [value: DEFAULT]
18:11:10.204 [FXGL Background Thread 3 ] DEBUG Engine               - randomSeed: -1
18:11:10.204 [FXGL Background Thread 3 ] DEBUG Engine               - runtimeInfo: RuntimeInfo(platform=WINDOWS, version=21.1, build=27.03.2024 07.52)
18:11:10.204 [FXGL Background Thread 3 ] DEBUG Engine               - saveFileExt: sav
18:11:10.204 [FXGL Background Thread 3 ] DEBUG Engine               - scaledHeightProp$fxgl: DoubleProperty [bound, value: 1080.0]
18:11:10.204 [FXGL Background Thread 3 ] DEBUG Engine               - scaledWidthProp$fxgl: DoubleProperty [bound, value: 1920.0]
18:11:10.204 [FXGL Background Thread 3 ] DEBUG Engine               - sceneFactory: com.almasb.fxgl.app.scene.SceneFactory@1be94971
18:11:10.204 [FXGL Background Thread 3 ] DEBUG Engine               - secondsIn24h: 60
18:11:10.204 [FXGL Background Thread 3 ] DEBUG Engine               - soundMenuBack: menu/back.wav
18:11:10.204 [FXGL Background Thread 3 ] DEBUG Engine               - soundMenuPress: menu/press.wav
18:11:10.204 [FXGL Background Thread 3 ] DEBUG Engine               - soundMenuSelect: menu/select.wav
18:11:10.204 [FXGL Background Thread 3 ] DEBUG Engine               - soundNotification: core/notification.wav
18:11:10.204 [FXGL Background Thread 3 ] DEBUG Engine               - stageStyle: DECORATED
18:11:10.204 [FXGL Background Thread 3 ] DEBUG Engine               - supportedLanguages: [ENGLISH, FRENCH, GERMAN, HUNGARIAN, RUSSIAN]
18:11:10.204 [FXGL Background Thread 3 ] DEBUG Engine               - ticksPerSecond: -1
18:11:10.204 [FXGL Background Thread 3 ] DEBUG Engine               - title: Harry Potter: Hogwarts Battle
18:11:10.204 [FXGL Background Thread 3 ] DEBUG Engine               - urlGithub: https://github.com/AlmasB/FXGL
18:11:10.204 [FXGL Background Thread 3 ] DEBUG Engine               - urlLeaderboard: http://fxgl-top.herokuapp.com/
18:11:10.204 [FXGL Background Thread 3 ] DEBUG Engine               - urlPOM: https://raw.githubusercontent.com/AlmasB/FXGL/release/README.md
18:11:10.204 [FXGL Background Thread 3 ] DEBUG Engine               - userAppClass: class grafica.GameApp
18:11:10.205 [FXGL Background Thread 3 ] DEBUG Engine               - version: 2.0
18:11:10.205 [FXGL Background Thread 3 ] DEBUG Engine               - versionCheckDays: 7
18:11:10.205 [FXGL Background Thread 3 ] DEBUG Engine               - width: 1920
18:11:10.205 [FXGL Background Thread 3 ] DEBUG Engine               - Logging services
18:11:10.205 [FXGL Background Thread 3 ] DEBUG Engine               - class com.almasb.fxgl.app.services.FXGLAssetLoaderService
18:11:10.205 [FXGL Background Thread 3 ] DEBUG Engine               - class com.almasb.fxgl.app.FXGLApplication$GameApplicationService
18:11:10.205 [FXGL Background Thread 3 ] DEBUG Engine               - class com.almasb.fxgl.app.services.FXGLDialogService
18:11:10.205 [FXGL Background Thread 3 ] DEBUG Engine               - class com.almasb.fxgl.app.services.IOTaskExecutorService
18:11:10.205 [FXGL Background Thread 3 ] DEBUG Engine               - class com.almasb.fxgl.io.FileSystemService
18:11:10.205 [FXGL Background Thread 3 ] DEBUG Engine               - class com.almasb.fxgl.localization.LocalizationService
18:11:10.205 [FXGL Background Thread 3 ] DEBUG Engine               - class com.almasb.fxgl.app.services.SystemBundleService
18:11:10.205 [FXGL Background Thread 3 ] DEBUG Engine               - class com.almasb.fxgl.profile.SaveLoadService
18:11:10.205 [FXGL Background Thread 3 ] DEBUG Engine               - class com.almasb.fxgl.ui.FXGLUIFactoryServiceProvider
18:11:10.205 [FXGL Background Thread 3 ] DEBUG Engine               - class com.almasb.fxgl.ui.FXGLDialogFactoryServiceProvider
18:11:10.205 [FXGL Background Thread 3 ] DEBUG Engine               - class com.almasb.fxgl.audio.AudioPlayer
18:11:10.205 [FXGL Background Thread 3 ] DEBUG Engine               - class com.almasb.fxgl.notification.impl.NotificationServiceProvider
18:11:10.205 [FXGL Background Thread 3 ] DEBUG Engine               - class com.almasb.fxgl.achievement.AchievementService
18:11:10.205 [FXGL Background Thread 3 ] DEBUG Engine               - class com.almasb.fxgl.cutscene.CutsceneService
18:11:10.205 [FXGL Background Thread 3 ] DEBUG Engine               - class com.almasb.fxgl.minigames.MiniGameService
18:11:10.205 [FXGL Background Thread 3 ] DEBUG Engine               - class com.almasb.fxgl.net.NetService
18:11:10.205 [FXGL Background Thread 3 ] DEBUG Engine               - class com.almasb.fxgl.app.services.UpdaterService
18:11:10.205 [FXGL Background Thread 3 ] DEBUG Engine               - class com.almasb.fxgl.dev.DevService
18:11:57.534 [JavaFX Application Thread] DEBUG FXGLApplication      - Exiting FXGL
18:11:57.534 [JavaFX Application Thread] DEBUG LoopRunner           - Stopping loop
18:11:57.534 [JavaFX Application Thread] DEBUG SystemBundleService  - Saving FXGL system data
18:11:57.536 [JavaFX Application Thread] DEBUG FileSystemAccess     - Writing to: D:\documenti\Leonardo\università\anno_3\Ingegneria_del_software\Progetto\Progetto_Ing_Software\HogwartsBattle\HogwartsBattle\system\fxgl.bundle
18:11:57.537 [JavaFX Application Thread] DEBUG Async                - Shutting down background threads
18:11:57.537 [JavaFX Application Thread] DEBUG PrimaryStageWindow   - Closing main window
18:11:57.545 [JavaFX Application Thread] DEBUG Logger               - Closing Logger
