14:26:06.564 [main                     ] DEBUG Logger               - Configured Logger
14:26:06.572 [main                     ] DEBUG GameApplication      - Logging settings
Title: Harry Potter: Hogwarts Battle - Deck Building Game
Version: 1.0
Width: 1920
Height: 1080
Fullscreen: true
Intro: false
Profiling: false
Single step:false
App Mode: DEVELOPER
Menu Key: ESCAPE
Stage Style: DECORATED
Scene Factory: class com.almasb.fxgl.app.scene.SceneFactory

14:26:06.958 [JavaFX Application Thread] DEBUG FXGLApplication      - Initializing FXGL
14:26:06.960 [JavaFX Application Thread] INFO  Engine               - FXGL-21.1 (27.03.2024 07.52) on WINDOWS (J:24.0.2 FX:21.0.1)
14:26:06.960 [JavaFX Application Thread] DEBUG Engine               - JRE Vendor Name: Oracle Corporation
14:26:06.960 [JavaFX Application Thread] DEBUG Engine               - Running on OS: Windows 11 version 10.0
14:26:06.960 [JavaFX Application Thread] DEBUG Engine               - Architecture: amd64
14:26:06.961 [JavaFX Application Thread] INFO  Engine               - Source code and latest versions at: https://github.com/AlmasB/FXGL
14:26:06.961 [JavaFX Application Thread] INFO  Engine               -       Ask questions and discuss at: https://github.com/AlmasB/FXGL/discussions
14:26:06.961 [JavaFX Application Thread] INFO  Engine               -              Join the FXGL chat at: https://gitter.im/AlmasB/FXGL
14:26:07.033 [JavaFX Application Thread] DEBUG PrimaryStageWindow   - Creating a JavaFX scene
14:26:07.067 [JavaFX Application Thread] DEBUG PrimaryStageWindow   - Target settings size: 1920.0 x 1080.0
14:26:07.067 [JavaFX Application Thread] DEBUG PrimaryStageWindow   - Scaled scene size:    1920.0 x 1080.0
14:26:07.067 [JavaFX Application Thread] DEBUG PrimaryStageWindow   - Scaled ratio: (1.0, 1.0)
14:26:07.068 [JavaFX Application Thread] DEBUG PrimaryStageWindow   - Set initial scene to FXGLStartupScene
14:26:07.071 [JavaFX Application Thread] DEBUG PrimaryStageWindow   - Opening main window
14:26:07.134 [JavaFX Application Thread] DEBUG PrimaryStageWindow   - Window border size: (14.6666259765625, 37.3333740234375)
14:26:07.135 [JavaFX Application Thread] DEBUG PrimaryStageWindow   - Scaled size: 1920.0 x 1080.0
14:26:07.135 [JavaFX Application Thread] DEBUG PrimaryStageWindow   - Scaled ratio: (1.0, 1.0)
14:26:07.135 [JavaFX Application Thread] DEBUG PrimaryStageWindow   - Scene size: 1920.0 x 1080.0
14:26:07.135 [JavaFX Application Thread] DEBUG PrimaryStageWindow   - Stage size: 1934.6666259765625 x 1117.3333740234375
14:26:07.140 [FXGL Background Thread 1 ] DEBUG Engine               - Initializing environment variables
14:26:07.186 [FXGL Background Thread 1 ] DEBUG FXGLAssetLoaderServi - User app class for loading assets: class grafica.GameController
14:26:07.186 [FXGL Background Thread 1 ] DEBUG GameApplicationServi - Applying CSS: fxgl_dark.css
14:26:07.187 [FXGL Background Thread 1 ] DEBUG FXGLAssetLoaderServi - Loading from file system: jar:file:/C:/Users/Leo/.m2/repository/com/github/almasb/fxgl/21.1/fxgl-21.1.jar!/fxglassets/ui/css/fxgl_dark.css
14:26:07.220 [FXGL Background Thread 1 ] DEBUG GameApplicationServi - Initializing application scenes
14:26:07.256 [FXGL Background Thread 1 ] DEBUG GameWorld            - Game world initialized
14:26:07.301 [FXGL Background Thread 1 ] DEBUG PhysicsWorld         - Physics world initialized: appHeight=1080, physics.ppm=50,0
14:26:07.301 [FXGL Background Thread 1 ] DEBUG PhysicsWorld         - Using strategy: BRUTE_FORCE
14:26:07.303 [FXGL Background Thread 1 ] DEBUG GameScene            - Game scene initialized: 1920x1080
14:26:07.310 [FXGL Background Thread 1 ] DEBUG FXGL.DefaultMenu     - createMenuBodyGameMenu()
14:26:07.320 [FXGL Background Thread 1 ] DEBUG FXGL.DefaultMenu     - createOptionsMenu()
14:26:07.328 [FXGL Background Thread 1 ] DEBUG FXGLAssetLoaderServi - Loading from file system: jar:file:/C:/Users/Leo/.m2/repository/com/github/almasb/fxgl/21.1/fxgl-21.1.jar!/fxglassets/textures/particles/smoke.png
14:26:07.405 [FXGL Background Thread 1 ] DEBUG FXGLAssetLoaderServi - Loading from file system: jar:file:/C:/Users/Leo/.m2/repository/com/github/almasb/fxgl/21.1/fxgl-21.1.jar!/fxglassets/textures/particles/trace_horizontal.png
14:26:07.427 [FXGL Background Thread 1 ] DEBUG GameApplicationServi - Application scenes initialized
14:26:07.436 [FXGL Background Thread 1 ] DEBUG SystemBundleService  - Loading FXGL system data
14:26:07.438 [FXGL Background Thread 1 ] DEBUG FileSystemAccess     - Reading from: D:\documenti\Leonardo\università\anno_3\Ingegneria_del_software\Progetto\Progetto_Ing_Software\HogwartsBattle\HogwartsBattle\system\fxgl.bundle
14:26:07.443 [FXGL Background Thread 1 ] DEBUG SystemBundleService  - Bundle FXGL: {}
14:26:07.443 [FXGL Background Thread 1 ] DEBUG UpdaterService       - Checking for updates
14:26:07.445 [FXGL Background Thread 4 ] DEBUG FXGLApplication      - Loading fonts
14:26:07.446 [FXGL Background Thread 4 ] DEBUG FXGLAssetLoaderServi - Loading from file system: jar:file:/C:/Users/Leo/.m2/repository/com/github/almasb/fxgl/21.1/fxgl-21.1.jar!/fxglassets/ui/fonts/VarelaRound-Regular.ttf
14:26:07.446 [FXGL Background Thread 1 ] DEBUG FXGLApplication      - Loading default localization
14:26:07.447 [FXGL Background Thread 1 ] DEBUG FXGLAssetLoaderServi - Loading from file system: jar:file:/C:/Users/Leo/.m2/repository/com/github/almasb/fxgl/21.1/fxgl-21.1.jar!/fxglassets/languages/english.lang
14:26:07.479 [FXGL Background Thread 4 ] DEBUG FXGLAssetLoaderServi - Loading from file system: jar:file:/C:/Users/Leo/.m2/repository/com/github/almasb/fxgl/21.1/fxgl-21.1.jar!/fxglassets/ui/fonts/Abel-Regular.ttf
14:26:07.480 [FXGL Background Thread 1 ] INFO  FXGLApplication      - FXGL initialization took: 0,340 sec
14:26:07.481 [JavaFX Application Thread] DEBUG FXGLAssetLoaderServi - Loading from file system: jar:file:/C:/Users/Leo/.m2/repository/com/github/almasb/fxgl/21.1/fxgl-21.1.jar!/fxglassets/textures/fxgl_icon.png
14:26:07.482 [FXGL Background Thread 4 ] DEBUG FXGLAssetLoaderServi - Loading from file system: jar:file:/C:/Users/Leo/.m2/repository/com/github/almasb/fxgl/21.1/fxgl-21.1.jar!/fxglassets/ui/fonts/TerminalLandMono-Regular.otf
14:26:07.485 [FXGL Background Thread 4 ] DEBUG FXGLAssetLoaderServi - Loading from file system: jar:file:/C:/Users/Leo/.m2/repository/com/github/almasb/fxgl/21.1/fxgl-21.1.jar!/fxglassets/ui/fonts/Courier-Prime.ttf
14:26:07.502 [JavaFX Application Thread] DEBUG FXGLAssetLoaderServi - Loading from file system: jar:file:/C:/Users/Leo/.m2/repository/com/github/almasb/fxgl/21.1/fxgl-21.1.jar!/fxglassets/textures/fxgl_default_cursor.png
14:26:07.515 [JavaFX Application Thread] DEBUG Input                - Registered new binding: Screenshot - CTRL+8
14:26:07.516 [JavaFX Application Thread] DEBUG Input                - Registered new binding: System info dump - CTRL+9
14:26:07.516 [JavaFX Application Thread] DEBUG Input                - Registered new binding: Restart - CTRL+R
14:26:07.517 [JavaFX Application Thread] DEBUG Input                - Registered new binding: Toggle Debug Camera - CTRL+7
14:26:07.520 [JavaFX Application Thread] DEBUG LoopRunner           - Starting loop
14:26:07.520 [JavaFX Application Thread] DEBUG LoopRunner           - Initializing JavaFX AnimationTimerLoop
14:26:07.522 [JavaFX Application Thread] DEBUG GameApplicationServi - Starting new game
14:26:07.523 [JavaFX Application Thread] DEBUG Input                - Clearing active input actions
14:26:07.534 [JavaFX Application Thread] DEBUG GameApplicationServi - Removing overlay from FXGLStartupScene and adding to FXGLLoadingScene
14:26:07.535 [JavaFX Application Thread] DEBUG PrimaryStageWindow   - FXGLStartupScene -> FXGLLoadingScene
14:26:07.535 [JavaFX Application Thread] DEBUG GameApplicationServi - Clearing previous game
14:26:07.535 [JavaFX Application Thread] DEBUG GameScene            - Clearing game scene
14:26:07.535 [JavaFX Application Thread] DEBUG GameWorld            - Clearing game world
14:26:07.535 [JavaFX Application Thread] DEBUG PhysicsWorld         - Clearing physics world
14:26:07.537 [FXGL Background Thread 4 ] DEBUG FXGLApplication      - Initializing game
14:26:07.539 [JavaFX Application Thread] DEBUG FXGLApplication      - Registering font factories with UI factory
14:26:07.680 [FXGL Background Thread 4 ] INFO  FXGLApplication      - Game initialization took: 0,143 sec
14:26:07.695 [JavaFX Application Thread] DEBUG Input                - Clearing active input actions
14:26:07.700 [JavaFX Application Thread] DEBUG GameApplicationServi - Removing overlay from FXGLLoadingScene and adding to GameScene
14:26:07.700 [JavaFX Application Thread] DEBUG PrimaryStageWindow   - FXGLLoadingScene -> GameScene
14:26:10.151 [JavaFX Application Thread] DEBUG FXGLApplication      - Exiting FXGL
14:26:10.151 [JavaFX Application Thread] DEBUG LoopRunner           - Stopping loop
14:26:10.151 [JavaFX Application Thread] DEBUG SystemBundleService  - Saving FXGL system data
14:26:10.153 [JavaFX Application Thread] DEBUG FileSystemAccess     - Writing to: D:\documenti\Leonardo\università\anno_3\Ingegneria_del_software\Progetto\Progetto_Ing_Software\HogwartsBattle\HogwartsBattle\system\fxgl.bundle
14:26:10.154 [JavaFX Application Thread] DEBUG Async                - Shutting down background threads
14:26:10.154 [JavaFX Application Thread] DEBUG PrimaryStageWindow   - Closing main window
14:26:10.162 [JavaFX Application Thread] DEBUG Logger               - Closing Logger
