12:52:01.703 [main                     ] DEBUG Logger               - Configured Logger
12:52:01.714 [main                     ] DEBUG GameApplication      - Logging settings
Title: Harry Potter: Hogwarts Battle - Deck Building Game
Version: 1.0
Width: 1920
Height: 1080
Fullscreen: true
Intro: false
Profiling: false
Single step:false
App Mode: DEVELOPER
Menu Key: ESCAPE
Stage Style: DECORATED
Scene Factory: class com.almasb.fxgl.app.scene.SceneFactory

12:52:02.313 [JavaFX Application Thread] DEBUG FXGLApplication      - Initializing FXGL
12:52:02.316 [JavaFX Application Thread] INFO  Engine               - FXGL-21.1 (27.03.2024 07.52) on WINDOWS (J:24.0.2 FX:21.0.1)
12:52:02.316 [JavaFX Application Thread] DEBUG Engine               - JRE Vendor Name: Oracle Corporation
12:52:02.316 [JavaFX Application Thread] DEBUG Engine               - Running on OS: Windows 11 version 10.0
12:52:02.316 [JavaFX Application Thread] DEBUG Engine               - Architecture: amd64
12:52:02.316 [JavaFX Application Thread] INFO  Engine               - Source code and latest versions at: https://github.com/AlmasB/FXGL
12:52:02.316 [JavaFX Application Thread] INFO  Engine               -       Ask questions and discuss at: https://github.com/AlmasB/FXGL/discussions
12:52:02.317 [JavaFX Application Thread] INFO  Engine               -              Join the FXGL chat at: https://gitter.im/AlmasB/FXGL
12:52:02.420 [JavaFX Application Thread] DEBUG PrimaryStageWindow   - Creating a JavaFX scene
12:52:02.469 [JavaFX Application Thread] DEBUG PrimaryStageWindow   - Target settings size: 1920.0 x 1080.0
12:52:02.469 [JavaFX Application Thread] DEBUG PrimaryStageWindow   - Scaled scene size:    1920.0 x 1080.0
12:52:02.470 [JavaFX Application Thread] DEBUG PrimaryStageWindow   - Scaled ratio: (1.0, 1.0)
12:52:02.471 [JavaFX Application Thread] DEBUG PrimaryStageWindow   - Set initial scene to FXGLStartupScene
12:52:02.475 [JavaFX Application Thread] DEBUG PrimaryStageWindow   - Opening main window
12:52:02.557 [JavaFX Application Thread] DEBUG PrimaryStageWindow   - Window border size: (14.6666259765625, 37.3333740234375)
12:52:02.558 [JavaFX Application Thread] DEBUG PrimaryStageWindow   - Scaled size: 1920.0 x 1080.0
12:52:02.558 [JavaFX Application Thread] DEBUG PrimaryStageWindow   - Scaled ratio: (1.0, 1.0)
12:52:02.558 [JavaFX Application Thread] DEBUG PrimaryStageWindow   - Scene size: 1920.0 x 1080.0
12:52:02.558 [JavaFX Application Thread] DEBUG PrimaryStageWindow   - Stage size: 1934.6666259765625 x 1117.3333740234375
12:52:02.565 [FXGL Background Thread 1 ] DEBUG Engine               - Initializing environment variables
12:52:02.625 [FXGL Background Thread 1 ] DEBUG FXGLAssetLoaderServi - User app class for loading assets: class grafica.GameController
12:52:02.625 [FXGL Background Thread 1 ] DEBUG GameApplicationServi - Applying CSS: fxgl_dark.css
12:52:02.626 [FXGL Background Thread 1 ] DEBUG FXGLAssetLoaderServi - Loading from file system: jar:file:/C:/Users/Leo/.m2/repository/com/github/almasb/fxgl/21.1/fxgl-21.1.jar!/fxglassets/ui/css/fxgl_dark.css
12:52:02.666 [FXGL Background Thread 1 ] DEBUG GameApplicationServi - Initializing application scenes
12:52:02.719 [FXGL Background Thread 1 ] DEBUG GameWorld            - Game world initialized
12:52:02.761 [FXGL Background Thread 1 ] DEBUG PhysicsWorld         - Physics world initialized: appHeight=1080, physics.ppm=50,0
12:52:02.762 [FXGL Background Thread 1 ] DEBUG PhysicsWorld         - Using strategy: BRUTE_FORCE
12:52:02.769 [FXGL Background Thread 1 ] DEBUG GameScene            - Game scene initialized: 1920x1080
12:52:02.778 [FXGL Background Thread 1 ] DEBUG FXGL.DefaultMenu     - createMenuBodyGameMenu()
12:52:02.790 [FXGL Background Thread 1 ] DEBUG FXGL.DefaultMenu     - createOptionsMenu()
12:52:02.799 [FXGL Background Thread 1 ] DEBUG FXGLAssetLoaderServi - Loading from file system: jar:file:/C:/Users/Leo/.m2/repository/com/github/almasb/fxgl/21.1/fxgl-21.1.jar!/fxglassets/textures/particles/smoke.png
12:52:02.890 [FXGL Background Thread 1 ] DEBUG FXGLAssetLoaderServi - Loading from file system: jar:file:/C:/Users/Leo/.m2/repository/com/github/almasb/fxgl/21.1/fxgl-21.1.jar!/fxglassets/textures/particles/trace_horizontal.png
12:52:02.912 [FXGL Background Thread 1 ] DEBUG GameApplicationServi - Application scenes initialized
12:52:02.923 [FXGL Background Thread 1 ] DEBUG SystemBundleService  - Loading FXGL system data
12:52:02.933 [FXGL Background Thread 1 ] DEBUG FileSystemAccess     - Reading from: D:\documenti\Leonardo\università\anno_3\Ingegneria_del_software\Progetto\Progetto_Ing_Software\HogwartsBattle\HogwartsBattle\system\fxgl.bundle
12:52:02.938 [FXGL Background Thread 1 ] DEBUG SystemBundleService  - Bundle FXGL: {}
12:52:02.938 [FXGL Background Thread 1 ] DEBUG UpdaterService       - Checking for updates
12:52:02.942 [FXGL Background Thread 4 ] DEBUG FXGLApplication      - Loading fonts
12:52:02.942 [FXGL Background Thread 4 ] DEBUG FXGLAssetLoaderServi - Loading from file system: jar:file:/C:/Users/Leo/.m2/repository/com/github/almasb/fxgl/21.1/fxgl-21.1.jar!/fxglassets/ui/fonts/VarelaRound-Regular.ttf
12:52:02.943 [FXGL Background Thread 1 ] DEBUG FXGLApplication      - Loading default localization
12:52:02.943 [FXGL Background Thread 1 ] DEBUG FXGLAssetLoaderServi - Loading from file system: jar:file:/C:/Users/Leo/.m2/repository/com/github/almasb/fxgl/21.1/fxgl-21.1.jar!/fxglassets/languages/english.lang
12:52:02.980 [FXGL Background Thread 1 ] INFO  FXGLApplication      - FXGL initialization took: 0,415 sec
12:52:02.981 [FXGL Background Thread 4 ] DEBUG FXGLAssetLoaderServi - Loading from file system: jar:file:/C:/Users/Leo/.m2/repository/com/github/almasb/fxgl/21.1/fxgl-21.1.jar!/fxglassets/ui/fonts/Abel-Regular.ttf
12:52:02.982 [JavaFX Application Thread] DEBUG FXGLAssetLoaderServi - Loading from file system: jar:file:/C:/Users/Leo/.m2/repository/com/github/almasb/fxgl/21.1/fxgl-21.1.jar!/fxglassets/textures/fxgl_icon.png
12:52:02.984 [FXGL Background Thread 4 ] DEBUG FXGLAssetLoaderServi - Loading from file system: jar:file:/C:/Users/Leo/.m2/repository/com/github/almasb/fxgl/21.1/fxgl-21.1.jar!/fxglassets/ui/fonts/TerminalLandMono-Regular.otf
12:52:02.987 [FXGL Background Thread 4 ] DEBUG FXGLAssetLoaderServi - Loading from file system: jar:file:/C:/Users/Leo/.m2/repository/com/github/almasb/fxgl/21.1/fxgl-21.1.jar!/fxglassets/ui/fonts/Courier-Prime.ttf
12:52:03.010 [JavaFX Application Thread] DEBUG FXGLAssetLoaderServi - Loading from file system: jar:file:/C:/Users/Leo/.m2/repository/com/github/almasb/fxgl/21.1/fxgl-21.1.jar!/fxglassets/textures/fxgl_default_cursor.png
12:52:03.033 [JavaFX Application Thread] DEBUG Input                - Registered new binding: Screenshot - CTRL+8
12:52:03.034 [JavaFX Application Thread] DEBUG Input                - Registered new binding: System info dump - CTRL+9
12:52:03.035 [JavaFX Application Thread] DEBUG Input                - Registered new binding: Restart - CTRL+R
12:52:03.037 [JavaFX Application Thread] DEBUG Input                - Registered new binding: Toggle Debug Camera - CTRL+7
12:52:03.044 [JavaFX Application Thread] DEBUG LoopRunner           - Starting loop
12:52:03.044 [JavaFX Application Thread] DEBUG LoopRunner           - Initializing JavaFX AnimationTimerLoop
12:52:03.048 [JavaFX Application Thread] DEBUG GameApplicationServi - Starting new game
12:52:03.048 [JavaFX Application Thread] DEBUG Input                - Clearing active input actions
12:52:03.062 [JavaFX Application Thread] DEBUG GameApplicationServi - Removing overlay from FXGLStartupScene and adding to FXGLLoadingScene
12:52:03.062 [JavaFX Application Thread] DEBUG PrimaryStageWindow   - FXGLStartupScene -> FXGLLoadingScene
12:52:03.062 [JavaFX Application Thread] DEBUG GameApplicationServi - Clearing previous game
12:52:03.062 [JavaFX Application Thread] DEBUG GameScene            - Clearing game scene
12:52:03.062 [JavaFX Application Thread] DEBUG GameWorld            - Clearing game world
12:52:03.062 [JavaFX Application Thread] DEBUG PhysicsWorld         - Clearing physics world
12:52:03.066 [FXGL Background Thread 4 ] DEBUG FXGLApplication      - Initializing game
12:52:03.068 [JavaFX Application Thread] DEBUG FXGLApplication      - Registering font factories with UI factory
12:52:03.323 [FXGL Background Thread 4 ] INFO  FXGLApplication      - Game initialization took: 0,257 sec
12:52:03.324 [JavaFX Application Thread] DEBUG Input                - Clearing active input actions
12:52:03.330 [JavaFX Application Thread] DEBUG GameApplicationServi - Removing overlay from FXGLLoadingScene and adding to GameScene
12:52:03.330 [JavaFX Application Thread] DEBUG PrimaryStageWindow   - FXGLLoadingScene -> GameScene
12:52:05.941 [FXGL Background Thread 3 ] DEBUG Engine               - Logging environment variables
12:52:05.941 [FXGL Background Thread 3 ] DEBUG Engine               - achievements: []
12:52:05.941 [FXGL Background Thread 3 ] DEBUG Engine               - actualHeight: 1080.0
12:52:05.941 [FXGL Background Thread 3 ] DEBUG Engine               - actualHeightProperty: ReadOnlyDoubleProperty [value: 1369.333251953125]
12:52:05.941 [FXGL Background Thread 3 ] DEBUG Engine               - actualWidth: 1920.0
12:52:05.941 [FXGL Background Thread 3 ] DEBUG Engine               - actualWidthProperty: ReadOnlyDoubleProperty [value: 2560.0001220703125]
12:52:05.941 [FXGL Background Thread 3 ] DEBUG Engine               - appIcon: fxgl_icon.png
12:52:05.941 [FXGL Background Thread 3 ] DEBUG Engine               - applicationMode: DEVELOPER
12:52:05.941 [FXGL Background Thread 3 ] DEBUG Engine               - cSSList: [fxgl_dark.css]
12:52:05.942 [FXGL Background Thread 3 ] DEBUG Engine               - collisionDetectionStrategy: BRUTE_FORCE
12:52:05.942 [FXGL Background Thread 3 ] DEBUG Engine               - configClass: Optional.empty
12:52:05.942 [FXGL Background Thread 3 ] DEBUG Engine               - credits: []
12:52:05.942 [FXGL Background Thread 3 ] DEBUG Engine               - defaultCursor: CursorInfo(imageName=fxgl_default_cursor.png, hotspotX=7.0, hotspotY=6.0)
12:52:05.942 [FXGL Background Thread 3 ] DEBUG Engine               - devBBoxColorProperty: ObjectProperty [value: 0xff0000ff]
12:52:05.942 [FXGL Background Thread 3 ] DEBUG Engine               - devEnableDebugCameraProperty: BooleanProperty [value: false]
12:52:05.942 [FXGL Background Thread 3 ] DEBUG Engine               - devSensorColorProperty: ObjectProperty [value: 0xffff00ff]
12:52:05.942 [FXGL Background Thread 3 ] DEBUG Engine               - devShowBBoxProperty: BooleanProperty [value: false]
12:52:05.942 [FXGL Background Thread 3 ] DEBUG Engine               - devShowPositionProperty: BooleanProperty [value: false]
12:52:05.942 [FXGL Background Thread 3 ] DEBUG Engine               - enabledMenuItems: []
12:52:05.942 [FXGL Background Thread 3 ] DEBUG Engine               - engineServices: [class com.almasb.fxgl.app.services.FXGLAssetLoaderService, class com.almasb.fxgl.app.FXGLApplication$GameApplicationService, class com.almasb.fxgl.app.services.FXGLDialogService, class com.almasb.fxgl.app.services.IOTaskExecutorService, class com.almasb.fxgl.io.FileSystemService, class com.almasb.fxgl.localization.LocalizationService, class com.almasb.fxgl.app.services.SystemBundleService, class com.almasb.fxgl.profile.SaveLoadService, class com.almasb.fxgl.ui.FXGLUIFactoryServiceProvider, class com.almasb.fxgl.ui.FXGLDialogFactoryServiceProvider, class com.almasb.fxgl.audio.AudioPlayer, class com.almasb.fxgl.notification.impl.NotificationServiceProvider, class com.almasb.fxgl.achievement.AchievementService, class com.almasb.fxgl.cutscene.CutsceneService, class com.almasb.fxgl.minigames.MiniGameService, class com.almasb.fxgl.net.NetService, class com.almasb.fxgl.app.services.UpdaterService, class com.almasb.fxgl.dev.DevService]
12:52:05.942 [FXGL Background Thread 3 ] DEBUG Engine               - fontGame: Abel-Regular.ttf
12:52:05.942 [FXGL Background Thread 3 ] DEBUG Engine               - fontMono: TerminalLandMono-Regular.otf
12:52:05.942 [FXGL Background Thread 3 ] DEBUG Engine               - fontSizeScaleUI: 1.0
12:52:05.942 [FXGL Background Thread 3 ] DEBUG Engine               - fontText: Courier-Prime.ttf
12:52:05.942 [FXGL Background Thread 3 ] DEBUG Engine               - fontUI: VarelaRound-Regular.ttf
12:52:05.942 [FXGL Background Thread 3 ] DEBUG Engine               - fullScreen: BooleanProperty [value: false]
12:52:05.942 [FXGL Background Thread 3 ] DEBUG Engine               - gameDifficulty: MEDIUM
12:52:05.943 [FXGL Background Thread 3 ] DEBUG Engine               - gameDifficultyProperty: ObjectProperty [value: MEDIUM]
12:52:05.943 [FXGL Background Thread 3 ] DEBUG Engine               - globalMusicVolume: 0.5
12:52:05.943 [FXGL Background Thread 3 ] DEBUG Engine               - globalMusicVolumeProperty: DoubleProperty [value: 0.5]
12:52:05.943 [FXGL Background Thread 3 ] DEBUG Engine               - globalSoundVolume: 0.5
12:52:05.943 [FXGL Background Thread 3 ] DEBUG Engine               - globalSoundVolumeProperty: DoubleProperty [value: 0.5]
12:52:05.943 [FXGL Background Thread 3 ] DEBUG Engine               - height: 1080
12:52:05.943 [FXGL Background Thread 3 ] DEBUG Engine               - is3D: false
12:52:05.943 [FXGL Background Thread 3 ] DEBUG Engine               - isAndroid: false
12:52:05.943 [FXGL Background Thread 3 ] DEBUG Engine               - isBrowser: false
12:52:05.943 [FXGL Background Thread 3 ] DEBUG Engine               - isClickFeedbackEnabled: false
12:52:05.943 [FXGL Background Thread 3 ] DEBUG Engine               - isCloseConfirmation: false
12:52:05.943 [FXGL Background Thread 3 ] DEBUG Engine               - isDesktop: true
12:52:05.943 [FXGL Background Thread 3 ] DEBUG Engine               - isDeveloperMenuEnabled: false
12:52:05.943 [FXGL Background Thread 3 ] DEBUG Engine               - isEmbedded: false
12:52:05.943 [FXGL Background Thread 3 ] DEBUG Engine               - isEntityPreloadEnabled: true
12:52:05.943 [FXGL Background Thread 3 ] DEBUG Engine               - isExperimentalTiledLargeMap: false
12:52:05.943 [FXGL Background Thread 3 ] DEBUG Engine               - isFileSystemWriteAllowed: true
12:52:05.943 [FXGL Background Thread 3 ] DEBUG Engine               - isFullScreenAllowed: true
12:52:05.943 [FXGL Background Thread 3 ] DEBUG Engine               - isFullScreenFromStart: false
12:52:05.943 [FXGL Background Thread 3 ] DEBUG Engine               - isGameMenuEnabled: true
12:52:05.943 [FXGL Background Thread 3 ] DEBUG Engine               - isIOS: false
12:52:05.943 [FXGL Background Thread 3 ] DEBUG Engine               - isIntroEnabled: false
12:52:05.943 [FXGL Background Thread 3 ] DEBUG Engine               - isLinux: false
12:52:05.943 [FXGL Background Thread 3 ] DEBUG Engine               - isMac: false
12:52:05.943 [FXGL Background Thread 3 ] DEBUG Engine               - isMainMenuEnabled: false
12:52:05.943 [FXGL Background Thread 3 ] DEBUG Engine               - isManualResizeEnabled: true
12:52:05.943 [FXGL Background Thread 3 ] DEBUG Engine               - isMobile: false
12:52:05.943 [FXGL Background Thread 3 ] DEBUG Engine               - isNative: false
12:52:05.943 [FXGL Background Thread 3 ] DEBUG Engine               - isPauseMusicWhenMinimized: true
12:52:05.944 [FXGL Background Thread 3 ] DEBUG Engine               - isPreserveResizeRatio: false
12:52:05.944 [FXGL Background Thread 3 ] DEBUG Engine               - isProfilingEnabled: false
12:52:05.944 [FXGL Background Thread 3 ] DEBUG Engine               - isScaleAffectedOnResize: true
12:52:05.944 [FXGL Background Thread 3 ] DEBUG Engine               - isSingleStep: false
12:52:05.944 [FXGL Background Thread 3 ] DEBUG Engine               - isUserProfileEnabled: false
12:52:05.944 [FXGL Background Thread 3 ] DEBUG Engine               - isWindows: true
12:52:05.944 [FXGL Background Thread 3 ] DEBUG Engine               - language: ObjectProperty [value: ENGLISH]
12:52:05.944 [FXGL Background Thread 3 ] DEBUG Engine               - menuKey: ESCAPE
12:52:05.944 [FXGL Background Thread 3 ] DEBUG Engine               - mouseSensitivity: 0.2
12:52:05.944 [FXGL Background Thread 3 ] DEBUG Engine               - notificationViewClass: class com.almasb.fxgl.notification.view.XboxNotificationView
12:52:05.944 [FXGL Background Thread 3 ] DEBUG Engine               - pixelsPerMeter: 50.0
12:52:05.944 [FXGL Background Thread 3 ] DEBUG Engine               - platform: WINDOWS
12:52:05.944 [FXGL Background Thread 3 ] DEBUG Engine               - prefHeightProperty: ReadOnlyDoubleProperty [value: 1080.0]
12:52:05.944 [FXGL Background Thread 3 ] DEBUG Engine               - prefWidthProperty: ReadOnlyDoubleProperty [value: 1920.0]
12:52:05.944 [FXGL Background Thread 3 ] DEBUG Engine               - profileDir: profiles/
12:52:05.944 [FXGL Background Thread 3 ] DEBUG Engine               - profileName: StringProperty [value: DEFAULT]
12:52:05.944 [FXGL Background Thread 3 ] DEBUG Engine               - randomSeed: -1
12:52:05.944 [FXGL Background Thread 3 ] DEBUG Engine               - runtimeInfo: RuntimeInfo(platform=WINDOWS, version=21.1, build=27.03.2024 07.52)
12:52:05.944 [FXGL Background Thread 3 ] DEBUG Engine               - saveFileExt: sav
12:52:05.944 [FXGL Background Thread 3 ] DEBUG Engine               - scaledHeightProp$fxgl: DoubleProperty [bound, value: 1369.333251953125]
12:52:05.944 [FXGL Background Thread 3 ] DEBUG Engine               - scaledWidthProp$fxgl: DoubleProperty [bound, value: 2560.0001220703125]
12:52:05.944 [FXGL Background Thread 3 ] DEBUG Engine               - sceneFactory: com.almasb.fxgl.app.scene.SceneFactory@43ac8b9f
12:52:05.945 [FXGL Background Thread 3 ] DEBUG Engine               - secondsIn24h: 60
12:52:05.945 [FXGL Background Thread 3 ] DEBUG Engine               - soundMenuBack: menu/back.wav
12:52:05.945 [FXGL Background Thread 3 ] DEBUG Engine               - soundMenuPress: menu/press.wav
12:52:05.945 [FXGL Background Thread 3 ] DEBUG Engine               - soundMenuSelect: menu/select.wav
12:52:05.945 [FXGL Background Thread 3 ] DEBUG Engine               - soundNotification: core/notification.wav
12:52:05.945 [FXGL Background Thread 3 ] DEBUG Engine               - stageStyle: DECORATED
12:52:05.945 [FXGL Background Thread 3 ] DEBUG Engine               - supportedLanguages: [ENGLISH, FRENCH, GERMAN, HUNGARIAN, RUSSIAN]
12:52:05.945 [FXGL Background Thread 3 ] DEBUG Engine               - ticksPerSecond: -1
12:52:05.945 [FXGL Background Thread 3 ] DEBUG Engine               - title: Harry Potter: Hogwarts Battle - Deck Building Game
12:52:05.945 [FXGL Background Thread 3 ] DEBUG Engine               - urlGithub: https://github.com/AlmasB/FXGL
12:52:05.945 [FXGL Background Thread 3 ] DEBUG Engine               - urlLeaderboard: http://fxgl-top.herokuapp.com/
12:52:05.945 [FXGL Background Thread 3 ] DEBUG Engine               - urlPOM: https://raw.githubusercontent.com/AlmasB/FXGL/release/README.md
12:52:05.945 [FXGL Background Thread 3 ] DEBUG Engine               - userAppClass: class grafica.GameController
12:52:05.945 [FXGL Background Thread 3 ] DEBUG Engine               - version: 1.0
12:52:05.945 [FXGL Background Thread 3 ] DEBUG Engine               - versionCheckDays: 7
12:52:05.945 [FXGL Background Thread 3 ] DEBUG Engine               - width: 1920
12:52:05.945 [FXGL Background Thread 3 ] DEBUG Engine               - Logging services
12:52:05.945 [FXGL Background Thread 3 ] DEBUG Engine               - class com.almasb.fxgl.app.services.FXGLAssetLoaderService
12:52:05.945 [FXGL Background Thread 3 ] DEBUG Engine               - class com.almasb.fxgl.app.FXGLApplication$GameApplicationService
12:52:05.945 [FXGL Background Thread 3 ] DEBUG Engine               - class com.almasb.fxgl.app.services.FXGLDialogService
12:52:05.945 [FXGL Background Thread 3 ] DEBUG Engine               - class com.almasb.fxgl.app.services.IOTaskExecutorService
12:52:05.945 [FXGL Background Thread 3 ] DEBUG Engine               - class com.almasb.fxgl.io.FileSystemService
12:52:05.945 [FXGL Background Thread 3 ] DEBUG Engine               - class com.almasb.fxgl.localization.LocalizationService
12:52:05.945 [FXGL Background Thread 3 ] DEBUG Engine               - class com.almasb.fxgl.app.services.SystemBundleService
12:52:05.945 [FXGL Background Thread 3 ] DEBUG Engine               - class com.almasb.fxgl.profile.SaveLoadService
12:52:05.945 [FXGL Background Thread 3 ] DEBUG Engine               - class com.almasb.fxgl.ui.FXGLUIFactoryServiceProvider
12:52:05.945 [FXGL Background Thread 3 ] DEBUG Engine               - class com.almasb.fxgl.ui.FXGLDialogFactoryServiceProvider
12:52:05.945 [FXGL Background Thread 3 ] DEBUG Engine               - class com.almasb.fxgl.audio.AudioPlayer
12:52:05.945 [FXGL Background Thread 3 ] DEBUG Engine               - class com.almasb.fxgl.notification.impl.NotificationServiceProvider
12:52:05.945 [FXGL Background Thread 3 ] DEBUG Engine               - class com.almasb.fxgl.achievement.AchievementService
12:52:05.945 [FXGL Background Thread 3 ] DEBUG Engine               - class com.almasb.fxgl.cutscene.CutsceneService
12:52:05.945 [FXGL Background Thread 3 ] DEBUG Engine               - class com.almasb.fxgl.minigames.MiniGameService
12:52:05.945 [FXGL Background Thread 3 ] DEBUG Engine               - class com.almasb.fxgl.net.NetService
12:52:05.945 [FXGL Background Thread 3 ] DEBUG Engine               - class com.almasb.fxgl.app.services.UpdaterService
12:52:05.945 [FXGL Background Thread 3 ] DEBUG Engine               - class com.almasb.fxgl.dev.DevService
12:52:06.911 [JavaFX Application Thread] DEBUG LoopRunner           - Stopping loop
12:52:06.912 [JavaFX Application Thread] FATAL FXGLApplication      - Uncaught Exception:
java.lang.NullPointerException: Cannot invoke "gioco.StatoDiGioco.setCarteAcquisiteDaiGiocatori(java.util.Set)" because "stato" is null
	at data.ProgressionManager.preparaGiocatoriProssimoAnno(ProgressionManager.java:130)
	at grafica.GameController.caricaPartitaDaSalvataggio(GameController.java:178)
	at grafica.GameController.lambda$0(GameController.java:118)
	at grafica.screens.MainMenuScreen.lambda$2(MainMenuScreen.java:164)
	at com.sun.javafx.event.CompositeEventHandler.dispatchBubblingEvent(CompositeEventHandler.java:86)
	at com.sun.javafx.event.EventHandlerManager.dispatchBubblingEvent(EventHandlerManager.java:232)
	at com.sun.javafx.event.EventHandlerManager.dispatchBubblingEvent(EventHandlerManager.java:189)
	at com.sun.javafx.event.CompositeEventDispatcher.dispatchBubblingEvent(CompositeEventDispatcher.java:59)
	at com.sun.javafx.event.BasicEventDispatcher.dispatchEvent(BasicEventDispatcher.java:58)
	at com.sun.javafx.event.EventDispatchChainImpl.dispatchEvent(EventDispatchChainImpl.java:114)
	at com.sun.javafx.event.BasicEventDispatcher.dispatchEvent(BasicEventDispatcher.java:56)
	at com.sun.javafx.event.EventDispatchChainImpl.dispatchEvent(EventDispatchChainImpl.java:114)
	at com.sun.javafx.event.BasicEventDispatcher.dispatchEvent(BasicEventDispatcher.java:56)
	at com.sun.javafx.event.EventDispatchChainImpl.dispatchEvent(EventDispatchChainImpl.java:114)
	at com.sun.javafx.event.EventUtil.fireEventImpl(EventUtil.java:74)
	at com.sun.javafx.event.EventUtil.fireEvent(EventUtil.java:54)
	at javafx.event.Event.fireEvent(Event.java:198)
	at javafx.scene.Scene$ClickGenerator.postProcess(Scene.java:3688)
	at javafx.scene.Scene$MouseHandler.process(Scene.java:3993)
	at javafx.scene.Scene.processMouseEvent(Scene.java:1890)
	at javafx.scene.Scene$ScenePeerListener.mouseEvent(Scene.java:2708)
	at com.sun.javafx.tk.quantum.GlassViewEventHandler$MouseEventNotification.run(GlassViewEventHandler.java:411)
	at com.sun.javafx.tk.quantum.GlassViewEventHandler$MouseEventNotification.run(GlassViewEventHandler.java:301)
	at java.base/java.security.AccessController.doPrivileged(AccessController.java:138)
	at com.sun.javafx.tk.quantum.GlassViewEventHandler.lambda$handleMouseEvent$2(GlassViewEventHandler.java:450)
	at com.sun.javafx.tk.quantum.QuantumToolkit.runWithoutRenderLock(QuantumToolkit.java:424)
	at com.sun.javafx.tk.quantum.GlassViewEventHandler.handleMouseEvent(GlassViewEventHandler.java:449)
	at com.sun.glass.ui.View.handleMouseEvent(View.java:551)
	at com.sun.glass.ui.View.notifyMouse(View.java:937)
	at com.sun.glass.ui.win.WinApplication._runLoop(Native Method)
	at com.sun.glass.ui.win.WinApplication.lambda$runLoop$3(WinApplication.java:185)
	at java.base/java.lang.Thread.run(Thread.java:1447)

12:52:06.912 [JavaFX Application Thread] FATAL FXGLApplication      - Application will now exit
12:52:06.929 [JavaFX Application Thread] DEBUG PrimaryStageWindow   - Push state: ErrorSubScene
12:52:06.930 [JavaFX Application Thread] DEBUG Input                - Clearing active input actions
12:52:06.934 [JavaFX Application Thread] DEBUG GameApplicationServi - Removing overlay from GameScene and adding to ErrorSubScene
12:52:06.934 [JavaFX Application Thread] DEBUG PrimaryStageWindow   - GameScene -> ErrorSubScene
13:45:11.241 [JavaFX Application Thread] DEBUG FXGLApplication      - Exiting FXGL
13:45:11.241 [JavaFX Application Thread] DEBUG Async                - Shutting down background threads
13:45:11.241 [JavaFX Application Thread] DEBUG PrimaryStageWindow   - Closing main window
13:45:11.254 [JavaFX Application Thread] DEBUG Logger               - Closing Logger
