12:51:52.770 [main                     ] DEBUG Logger               - Configured Logger
12:51:52.781 [main                     ] DEBUG GameApplication      - Logging settings
Title: Harry Potter: Hogwarts Battle - Deck Building Game
Version: 1.0
Width: 1920
Height: 1080
Fullscreen: true
Intro: false
Profiling: false
Single step:false
App Mode: DEVELOPER
Menu Key: ESCAPE
Stage Style: DECORATED
Scene Factory: class com.almasb.fxgl.app.scene.SceneFactory

12:51:53.385 [JavaFX Application Thread] DEBUG FXGLApplication      - Initializing FXGL
12:51:53.389 [JavaFX Application Thread] INFO  Engine               - FXGL-21.1 (27.03.2024 07.52) on WINDOWS (J:24.0.2 FX:21.0.1)
12:51:53.389 [JavaFX Application Thread] DEBUG Engine               - JRE Vendor Name: Oracle Corporation
12:51:53.389 [JavaFX Application Thread] DEBUG Engine               - Running on OS: Windows 11 version 10.0
12:51:53.389 [JavaFX Application Thread] DEBUG Engine               - Architecture: amd64
12:51:53.389 [JavaFX Application Thread] INFO  Engine               - Source code and latest versions at: https://github.com/AlmasB/FXGL
12:51:53.390 [JavaFX Application Thread] INFO  Engine               -       Ask questions and discuss at: https://github.com/AlmasB/FXGL/discussions
12:51:53.390 [JavaFX Application Thread] INFO  Engine               -              Join the FXGL chat at: https://gitter.im/AlmasB/FXGL
12:51:53.491 [JavaFX Application Thread] DEBUG PrimaryStageWindow   - Creating a JavaFX scene
12:51:53.543 [JavaFX Application Thread] DEBUG PrimaryStageWindow   - Target settings size: 1920.0 x 1080.0
12:51:53.543 [JavaFX Application Thread] DEBUG PrimaryStageWindow   - Scaled scene size:    1920.0 x 1080.0
12:51:53.543 [JavaFX Application Thread] DEBUG PrimaryStageWindow   - Scaled ratio: (1.0, 1.0)
12:51:53.544 [JavaFX Application Thread] DEBUG PrimaryStageWindow   - Set initial scene to FXGLStartupScene
12:51:53.550 [JavaFX Application Thread] DEBUG PrimaryStageWindow   - Opening main window
12:51:53.642 [JavaFX Application Thread] DEBUG PrimaryStageWindow   - Window border size: (14.6666259765625, 37.3333740234375)
12:51:53.642 [JavaFX Application Thread] DEBUG PrimaryStageWindow   - Scaled size: 1920.0 x 1080.0
12:51:53.642 [JavaFX Application Thread] DEBUG PrimaryStageWindow   - Scaled ratio: (1.0, 1.0)
12:51:53.643 [JavaFX Application Thread] DEBUG PrimaryStageWindow   - Scene size: 1920.0 x 1080.0
12:51:53.643 [JavaFX Application Thread] DEBUG PrimaryStageWindow   - Stage size: 1934.6666259765625 x 1117.3333740234375
12:51:53.656 [FXGL Background Thread 1 ] DEBUG Engine               - Initializing environment variables
12:51:53.742 [FXGL Background Thread 1 ] DEBUG FXGLAssetLoaderServi - User app class for loading assets: class grafica.GameController
12:51:53.743 [FXGL Background Thread 1 ] DEBUG GameApplicationServi - Applying CSS: fxgl_dark.css
12:51:53.744 [FXGL Background Thread 1 ] DEBUG FXGLAssetLoaderServi - Loading from file system: jar:file:/C:/Users/Leo/.m2/repository/com/github/almasb/fxgl/21.1/fxgl-21.1.jar!/fxglassets/ui/css/fxgl_dark.css
12:51:53.797 [FXGL Background Thread 1 ] DEBUG GameApplicationServi - Initializing application scenes
12:51:53.855 [FXGL Background Thread 1 ] DEBUG GameWorld            - Game world initialized
12:51:53.915 [FXGL Background Thread 1 ] DEBUG PhysicsWorld         - Physics world initialized: appHeight=1080, physics.ppm=50,0
12:51:53.915 [FXGL Background Thread 1 ] DEBUG PhysicsWorld         - Using strategy: BRUTE_FORCE
12:51:53.925 [FXGL Background Thread 1 ] DEBUG GameScene            - Game scene initialized: 1920x1080
12:51:53.937 [FXGL Background Thread 1 ] DEBUG FXGL.DefaultMenu     - createMenuBodyGameMenu()
12:51:53.953 [FXGL Background Thread 1 ] DEBUG FXGL.DefaultMenu     - createOptionsMenu()
12:51:53.964 [FXGL Background Thread 1 ] DEBUG FXGLAssetLoaderServi - Loading from file system: jar:file:/C:/Users/Leo/.m2/repository/com/github/almasb/fxgl/21.1/fxgl-21.1.jar!/fxglassets/textures/particles/smoke.png
12:51:54.072 [FXGL Background Thread 1 ] DEBUG FXGLAssetLoaderServi - Loading from file system: jar:file:/C:/Users/Leo/.m2/repository/com/github/almasb/fxgl/21.1/fxgl-21.1.jar!/fxglassets/textures/particles/trace_horizontal.png
12:51:54.099 [FXGL Background Thread 1 ] DEBUG GameApplicationServi - Application scenes initialized
12:51:54.115 [FXGL Background Thread 1 ] DEBUG SystemBundleService  - Loading FXGL system data
12:51:54.118 [FXGL Background Thread 1 ] DEBUG FileSystemAccess     - Reading from: D:\documenti\Leonardo\università\anno_3\Ingegneria_del_software\Progetto\Progetto_Ing_Software\HogwartsBattle\HogwartsBattle\system\fxgl.bundle
12:51:54.125 [FXGL Background Thread 1 ] DEBUG SystemBundleService  - Bundle FXGL: {}
12:51:54.125 [FXGL Background Thread 1 ] DEBUG UpdaterService       - Checking for updates
12:51:54.130 [FXGL Background Thread 4 ] DEBUG FXGLApplication      - Loading fonts
12:51:54.130 [FXGL Background Thread 4 ] DEBUG FXGLAssetLoaderServi - Loading from file system: jar:file:/C:/Users/Leo/.m2/repository/com/github/almasb/fxgl/21.1/fxgl-21.1.jar!/fxglassets/ui/fonts/VarelaRound-Regular.ttf
12:51:54.131 [FXGL Background Thread 1 ] DEBUG FXGLApplication      - Loading default localization
12:51:54.131 [FXGL Background Thread 1 ] DEBUG FXGLAssetLoaderServi - Loading from file system: jar:file:/C:/Users/Leo/.m2/repository/com/github/almasb/fxgl/21.1/fxgl-21.1.jar!/fxglassets/languages/english.lang
12:51:54.176 [FXGL Background Thread 1 ] INFO  FXGLApplication      - FXGL initialization took: 0,520 sec
12:51:54.179 [JavaFX Application Thread] DEBUG FXGLAssetLoaderServi - Loading from file system: jar:file:/C:/Users/Leo/.m2/repository/com/github/almasb/fxgl/21.1/fxgl-21.1.jar!/fxglassets/textures/fxgl_icon.png
12:51:54.193 [FXGL Background Thread 4 ] DEBUG FXGLAssetLoaderServi - Loading from file system: jar:file:/C:/Users/Leo/.m2/repository/com/github/almasb/fxgl/21.1/fxgl-21.1.jar!/fxglassets/ui/fonts/Abel-Regular.ttf
12:51:54.197 [FXGL Background Thread 4 ] DEBUG FXGLAssetLoaderServi - Loading from file system: jar:file:/C:/Users/Leo/.m2/repository/com/github/almasb/fxgl/21.1/fxgl-21.1.jar!/fxglassets/ui/fonts/TerminalLandMono-Regular.otf
12:51:54.201 [FXGL Background Thread 4 ] DEBUG FXGLAssetLoaderServi - Loading from file system: jar:file:/C:/Users/Leo/.m2/repository/com/github/almasb/fxgl/21.1/fxgl-21.1.jar!/fxglassets/ui/fonts/Courier-Prime.ttf
12:51:54.215 [JavaFX Application Thread] DEBUG FXGLAssetLoaderServi - Loading from file system: jar:file:/C:/Users/Leo/.m2/repository/com/github/almasb/fxgl/21.1/fxgl-21.1.jar!/fxglassets/textures/fxgl_default_cursor.png
12:51:54.246 [JavaFX Application Thread] DEBUG Input                - Registered new binding: Screenshot - CTRL+8
12:51:54.246 [JavaFX Application Thread] DEBUG Input                - Registered new binding: System info dump - CTRL+9
12:51:54.247 [JavaFX Application Thread] DEBUG Input                - Registered new binding: Restart - CTRL+R
12:51:54.247 [JavaFX Application Thread] DEBUG Input                - Registered new binding: Toggle Debug Camera - CTRL+7
12:51:54.251 [JavaFX Application Thread] DEBUG LoopRunner           - Starting loop
12:51:54.252 [JavaFX Application Thread] DEBUG LoopRunner           - Initializing JavaFX AnimationTimerLoop
12:51:54.254 [JavaFX Application Thread] DEBUG GameApplicationServi - Starting new game
12:51:54.255 [JavaFX Application Thread] DEBUG Input                - Clearing active input actions
12:51:54.273 [JavaFX Application Thread] DEBUG GameApplicationServi - Removing overlay from FXGLStartupScene and adding to FXGLLoadingScene
12:51:54.274 [JavaFX Application Thread] DEBUG PrimaryStageWindow   - FXGLStartupScene -> FXGLLoadingScene
12:51:54.274 [JavaFX Application Thread] DEBUG GameApplicationServi - Clearing previous game
12:51:54.274 [JavaFX Application Thread] DEBUG GameScene            - Clearing game scene
12:51:54.274 [JavaFX Application Thread] DEBUG GameWorld            - Clearing game world
12:51:54.274 [JavaFX Application Thread] DEBUG PhysicsWorld         - Clearing physics world
12:51:54.277 [FXGL Background Thread 4 ] DEBUG FXGLApplication      - Initializing game
12:51:54.281 [JavaFX Application Thread] DEBUG FXGLApplication      - Registering font factories with UI factory
12:51:54.504 [FXGL Background Thread 4 ] INFO  FXGLApplication      - Game initialization took: 0,226 sec
12:51:54.505 [JavaFX Application Thread] DEBUG Input                - Clearing active input actions
12:51:54.516 [JavaFX Application Thread] DEBUG GameApplicationServi - Removing overlay from FXGLLoadingScene and adding to GameScene
12:51:54.517 [JavaFX Application Thread] DEBUG PrimaryStageWindow   - FXGLLoadingScene -> GameScene
12:51:57.130 [FXGL Background Thread 3 ] DEBUG Engine               - Logging environment variables
12:51:57.131 [FXGL Background Thread 3 ] DEBUG Engine               - achievements: []
12:51:57.131 [FXGL Background Thread 3 ] DEBUG Engine               - actualHeight: 1080.0
12:51:57.131 [FXGL Background Thread 3 ] DEBUG Engine               - actualHeightProperty: ReadOnlyDoubleProperty [value: 1080.0]
12:51:57.131 [FXGL Background Thread 3 ] DEBUG Engine               - actualWidth: 1920.0
12:51:57.131 [FXGL Background Thread 3 ] DEBUG Engine               - actualWidthProperty: ReadOnlyDoubleProperty [value: 1920.0]
12:51:57.131 [FXGL Background Thread 3 ] DEBUG Engine               - appIcon: fxgl_icon.png
12:51:57.131 [FXGL Background Thread 3 ] DEBUG Engine               - applicationMode: DEVELOPER
12:51:57.131 [FXGL Background Thread 3 ] DEBUG Engine               - cSSList: [fxgl_dark.css]
12:51:57.131 [FXGL Background Thread 3 ] DEBUG Engine               - collisionDetectionStrategy: BRUTE_FORCE
12:51:57.131 [FXGL Background Thread 3 ] DEBUG Engine               - configClass: Optional.empty
12:51:57.131 [FXGL Background Thread 3 ] DEBUG Engine               - credits: []
12:51:57.131 [FXGL Background Thread 3 ] DEBUG Engine               - defaultCursor: CursorInfo(imageName=fxgl_default_cursor.png, hotspotX=7.0, hotspotY=6.0)
12:51:57.132 [FXGL Background Thread 3 ] DEBUG Engine               - devBBoxColorProperty: ObjectProperty [value: 0xff0000ff]
12:51:57.132 [FXGL Background Thread 3 ] DEBUG Engine               - devEnableDebugCameraProperty: BooleanProperty [value: false]
12:51:57.132 [FXGL Background Thread 3 ] DEBUG Engine               - devSensorColorProperty: ObjectProperty [value: 0xffff00ff]
12:51:57.132 [FXGL Background Thread 3 ] DEBUG Engine               - devShowBBoxProperty: BooleanProperty [value: false]
12:51:57.132 [FXGL Background Thread 3 ] DEBUG Engine               - devShowPositionProperty: BooleanProperty [value: false]
12:51:57.132 [FXGL Background Thread 3 ] DEBUG Engine               - enabledMenuItems: []
12:51:57.132 [FXGL Background Thread 3 ] DEBUG Engine               - engineServices: [class com.almasb.fxgl.app.services.FXGLAssetLoaderService, class com.almasb.fxgl.app.FXGLApplication$GameApplicationService, class com.almasb.fxgl.app.services.FXGLDialogService, class com.almasb.fxgl.app.services.IOTaskExecutorService, class com.almasb.fxgl.io.FileSystemService, class com.almasb.fxgl.localization.LocalizationService, class com.almasb.fxgl.app.services.SystemBundleService, class com.almasb.fxgl.profile.SaveLoadService, class com.almasb.fxgl.ui.FXGLUIFactoryServiceProvider, class com.almasb.fxgl.ui.FXGLDialogFactoryServiceProvider, class com.almasb.fxgl.audio.AudioPlayer, class com.almasb.fxgl.notification.impl.NotificationServiceProvider, class com.almasb.fxgl.achievement.AchievementService, class com.almasb.fxgl.cutscene.CutsceneService, class com.almasb.fxgl.minigames.MiniGameService, class com.almasb.fxgl.net.NetService, class com.almasb.fxgl.app.services.UpdaterService, class com.almasb.fxgl.dev.DevService]
12:51:57.132 [FXGL Background Thread 3 ] DEBUG Engine               - fontGame: Abel-Regular.ttf
12:51:57.132 [FXGL Background Thread 3 ] DEBUG Engine               - fontMono: TerminalLandMono-Regular.otf
12:51:57.132 [FXGL Background Thread 3 ] DEBUG Engine               - fontSizeScaleUI: 1.0
12:51:57.132 [FXGL Background Thread 3 ] DEBUG Engine               - fontText: Courier-Prime.ttf
12:51:57.132 [FXGL Background Thread 3 ] DEBUG Engine               - fontUI: VarelaRound-Regular.ttf
12:51:57.132 [FXGL Background Thread 3 ] DEBUG Engine               - fullScreen: BooleanProperty [value: false]
12:51:57.132 [FXGL Background Thread 3 ] DEBUG Engine               - gameDifficulty: MEDIUM
12:51:57.132 [FXGL Background Thread 3 ] DEBUG Engine               - gameDifficultyProperty: ObjectProperty [value: MEDIUM]
12:51:57.132 [FXGL Background Thread 3 ] DEBUG Engine               - globalMusicVolume: 0.5
12:51:57.132 [FXGL Background Thread 3 ] DEBUG Engine               - globalMusicVolumeProperty: DoubleProperty [value: 0.5]
12:51:57.133 [FXGL Background Thread 3 ] DEBUG Engine               - globalSoundVolume: 0.5
12:51:57.133 [FXGL Background Thread 3 ] DEBUG Engine               - globalSoundVolumeProperty: DoubleProperty [value: 0.5]
12:51:57.133 [FXGL Background Thread 3 ] DEBUG Engine               - height: 1080
12:51:57.133 [FXGL Background Thread 3 ] DEBUG Engine               - is3D: false
12:51:57.133 [FXGL Background Thread 3 ] DEBUG Engine               - isAndroid: false
12:51:57.133 [FXGL Background Thread 3 ] DEBUG Engine               - isBrowser: false
12:51:57.133 [FXGL Background Thread 3 ] DEBUG Engine               - isClickFeedbackEnabled: false
12:51:57.133 [FXGL Background Thread 3 ] DEBUG Engine               - isCloseConfirmation: false
12:51:57.133 [FXGL Background Thread 3 ] DEBUG Engine               - isDesktop: true
12:51:57.133 [FXGL Background Thread 3 ] DEBUG Engine               - isDeveloperMenuEnabled: false
12:51:57.133 [FXGL Background Thread 3 ] DEBUG Engine               - isEmbedded: false
12:51:57.133 [FXGL Background Thread 3 ] DEBUG Engine               - isEntityPreloadEnabled: true
12:51:57.133 [FXGL Background Thread 3 ] DEBUG Engine               - isExperimentalTiledLargeMap: false
12:51:57.133 [FXGL Background Thread 3 ] DEBUG Engine               - isFileSystemWriteAllowed: true
12:51:57.133 [FXGL Background Thread 3 ] DEBUG Engine               - isFullScreenAllowed: true
12:51:57.133 [FXGL Background Thread 3 ] DEBUG Engine               - isFullScreenFromStart: false
12:51:57.133 [FXGL Background Thread 3 ] DEBUG Engine               - isGameMenuEnabled: true
12:51:57.133 [FXGL Background Thread 3 ] DEBUG Engine               - isIOS: false
12:51:57.133 [FXGL Background Thread 3 ] DEBUG Engine               - isIntroEnabled: false
12:51:57.133 [FXGL Background Thread 3 ] DEBUG Engine               - isLinux: false
12:51:57.133 [FXGL Background Thread 3 ] DEBUG Engine               - isMac: false
12:51:57.133 [FXGL Background Thread 3 ] DEBUG Engine               - isMainMenuEnabled: false
12:51:57.133 [FXGL Background Thread 3 ] DEBUG Engine               - isManualResizeEnabled: true
12:51:57.133 [FXGL Background Thread 3 ] DEBUG Engine               - isMobile: false
12:51:57.133 [FXGL Background Thread 3 ] DEBUG Engine               - isNative: false
12:51:57.133 [FXGL Background Thread 3 ] DEBUG Engine               - isPauseMusicWhenMinimized: true
12:51:57.133 [FXGL Background Thread 3 ] DEBUG Engine               - isPreserveResizeRatio: false
12:51:57.133 [FXGL Background Thread 3 ] DEBUG Engine               - isProfilingEnabled: false
12:51:57.133 [FXGL Background Thread 3 ] DEBUG Engine               - isScaleAffectedOnResize: true
12:51:57.134 [FXGL Background Thread 3 ] DEBUG Engine               - isSingleStep: false
12:51:57.134 [FXGL Background Thread 3 ] DEBUG Engine               - isUserProfileEnabled: false
12:51:57.134 [FXGL Background Thread 3 ] DEBUG Engine               - isWindows: true
12:51:57.134 [FXGL Background Thread 3 ] DEBUG Engine               - language: ObjectProperty [value: ENGLISH]
12:51:57.134 [FXGL Background Thread 3 ] DEBUG Engine               - menuKey: ESCAPE
12:51:57.134 [FXGL Background Thread 3 ] DEBUG Engine               - mouseSensitivity: 0.2
12:51:57.134 [FXGL Background Thread 3 ] DEBUG Engine               - notificationViewClass: class com.almasb.fxgl.notification.view.XboxNotificationView
12:51:57.134 [FXGL Background Thread 3 ] DEBUG Engine               - pixelsPerMeter: 50.0
12:51:57.134 [FXGL Background Thread 3 ] DEBUG Engine               - platform: WINDOWS
12:51:57.134 [FXGL Background Thread 3 ] DEBUG Engine               - prefHeightProperty: ReadOnlyDoubleProperty [value: 1080.0]
12:51:57.134 [FXGL Background Thread 3 ] DEBUG Engine               - prefWidthProperty: ReadOnlyDoubleProperty [value: 1920.0]
12:51:57.134 [FXGL Background Thread 3 ] DEBUG Engine               - profileDir: profiles/
12:51:57.134 [FXGL Background Thread 3 ] DEBUG Engine               - profileName: StringProperty [value: DEFAULT]
12:51:57.134 [FXGL Background Thread 3 ] DEBUG Engine               - randomSeed: -1
12:51:57.134 [FXGL Background Thread 3 ] DEBUG Engine               - runtimeInfo: RuntimeInfo(platform=WINDOWS, version=21.1, build=27.03.2024 07.52)
12:51:57.134 [FXGL Background Thread 3 ] DEBUG Engine               - saveFileExt: sav
12:51:57.134 [FXGL Background Thread 3 ] DEBUG Engine               - scaledHeightProp$fxgl: DoubleProperty [bound, value: 1080.0]
12:51:57.134 [FXGL Background Thread 3 ] DEBUG Engine               - scaledWidthProp$fxgl: DoubleProperty [bound, value: 1920.0]
12:51:57.134 [FXGL Background Thread 3 ] DEBUG Engine               - sceneFactory: com.almasb.fxgl.app.scene.SceneFactory@4995dc20
12:51:57.134 [FXGL Background Thread 3 ] DEBUG Engine               - secondsIn24h: 60
12:51:57.134 [FXGL Background Thread 3 ] DEBUG Engine               - soundMenuBack: menu/back.wav
12:51:57.134 [FXGL Background Thread 3 ] DEBUG Engine               - soundMenuPress: menu/press.wav
12:51:57.134 [FXGL Background Thread 3 ] DEBUG Engine               - soundMenuSelect: menu/select.wav
12:51:57.134 [FXGL Background Thread 3 ] DEBUG Engine               - soundNotification: core/notification.wav
12:51:57.134 [FXGL Background Thread 3 ] DEBUG Engine               - stageStyle: DECORATED
12:51:57.134 [FXGL Background Thread 3 ] DEBUG Engine               - supportedLanguages: [ENGLISH, FRENCH, GERMAN, HUNGARIAN, RUSSIAN]
12:51:57.134 [FXGL Background Thread 3 ] DEBUG Engine               - ticksPerSecond: -1
12:51:57.134 [FXGL Background Thread 3 ] DEBUG Engine               - title: Harry Potter: Hogwarts Battle - Deck Building Game
12:51:57.134 [FXGL Background Thread 3 ] DEBUG Engine               - urlGithub: https://github.com/AlmasB/FXGL
12:51:57.134 [FXGL Background Thread 3 ] DEBUG Engine               - urlLeaderboard: http://fxgl-top.herokuapp.com/
12:51:57.134 [FXGL Background Thread 3 ] DEBUG Engine               - urlPOM: https://raw.githubusercontent.com/AlmasB/FXGL/release/README.md
12:51:57.134 [FXGL Background Thread 3 ] DEBUG Engine               - userAppClass: class grafica.GameController
12:51:57.134 [FXGL Background Thread 3 ] DEBUG Engine               - version: 1.0
12:51:57.134 [FXGL Background Thread 3 ] DEBUG Engine               - versionCheckDays: 7
12:51:57.134 [FXGL Background Thread 3 ] DEBUG Engine               - width: 1920
12:51:57.134 [FXGL Background Thread 3 ] DEBUG Engine               - Logging services
12:51:57.134 [FXGL Background Thread 3 ] DEBUG Engine               - class com.almasb.fxgl.app.services.FXGLAssetLoaderService
12:51:57.134 [FXGL Background Thread 3 ] DEBUG Engine               - class com.almasb.fxgl.app.FXGLApplication$GameApplicationService
12:51:57.134 [FXGL Background Thread 3 ] DEBUG Engine               - class com.almasb.fxgl.app.services.FXGLDialogService
12:51:57.134 [FXGL Background Thread 3 ] DEBUG Engine               - class com.almasb.fxgl.app.services.IOTaskExecutorService
12:51:57.134 [FXGL Background Thread 3 ] DEBUG Engine               - class com.almasb.fxgl.io.FileSystemService
12:51:57.134 [FXGL Background Thread 3 ] DEBUG Engine               - class com.almasb.fxgl.localization.LocalizationService
12:51:57.134 [FXGL Background Thread 3 ] DEBUG Engine               - class com.almasb.fxgl.app.services.SystemBundleService
12:51:57.134 [FXGL Background Thread 3 ] DEBUG Engine               - class com.almasb.fxgl.profile.SaveLoadService
12:51:57.134 [FXGL Background Thread 3 ] DEBUG Engine               - class com.almasb.fxgl.ui.FXGLUIFactoryServiceProvider
12:51:57.134 [FXGL Background Thread 3 ] DEBUG Engine               - class com.almasb.fxgl.ui.FXGLDialogFactoryServiceProvider
12:51:57.134 [FXGL Background Thread 3 ] DEBUG Engine               - class com.almasb.fxgl.audio.AudioPlayer
12:51:57.134 [FXGL Background Thread 3 ] DEBUG Engine               - class com.almasb.fxgl.notification.impl.NotificationServiceProvider
12:51:57.134 [FXGL Background Thread 3 ] DEBUG Engine               - class com.almasb.fxgl.achievement.AchievementService
12:51:57.135 [FXGL Background Thread 3 ] DEBUG Engine               - class com.almasb.fxgl.cutscene.CutsceneService
12:51:57.135 [FXGL Background Thread 3 ] DEBUG Engine               - class com.almasb.fxgl.minigames.MiniGameService
12:51:57.135 [FXGL Background Thread 3 ] DEBUG Engine               - class com.almasb.fxgl.net.NetService
12:51:57.135 [FXGL Background Thread 3 ] DEBUG Engine               - class com.almasb.fxgl.app.services.UpdaterService
12:51:57.135 [FXGL Background Thread 3 ] DEBUG Engine               - class com.almasb.fxgl.dev.DevService
12:58:37.385 [JavaFX Application Thread] DEBUG FXGLApplication      - Exiting FXGL
12:58:37.385 [JavaFX Application Thread] DEBUG LoopRunner           - Stopping loop
12:58:37.385 [JavaFX Application Thread] DEBUG SystemBundleService  - Saving FXGL system data
12:58:37.388 [JavaFX Application Thread] DEBUG FileSystemAccess     - Writing to: D:\documenti\Leonardo\università\anno_3\Ingegneria_del_software\Progetto\Progetto_Ing_Software\HogwartsBattle\HogwartsBattle\system\fxgl.bundle
12:58:37.390 [JavaFX Application Thread] DEBUG Async                - Shutting down background threads
12:58:37.391 [JavaFX Application Thread] DEBUG PrimaryStageWindow   - Closing main window
12:58:37.399 [JavaFX Application Thread] DEBUG Logger               - Closing Logger
