10:03:16.932 [main                     ] DEBUG Logger               - Configured Logger
10:03:16.943 [main                     ] DEBUG GameApplication      - Logging settings
Title: Harry Potter: Hogwarts Battle
Version: 2.0
Width: 1920
Height: 1080
Fullscreen: true
Intro: false
Profiling: false
Single step:false
App Mode: DEVELOPER
Menu Key: ESCAPE
Stage Style: DECORATED
Scene Factory: class com.almasb.fxgl.app.scene.SceneFactory

10:03:17.638 [JavaFX Application Thread] DEBUG FXGLApplication      - Initializing FXGL
10:03:17.641 [JavaFX Application Thread] INFO  Engine               - FXGL-21.1 (27.03.2024 07.52) on WINDOWS (J:24.0.2 FX:21.0.1)
10:03:17.642 [JavaFX Application Thread] DEBUG Engine               - JRE Vendor Name: Oracle Corporation
10:03:17.642 [JavaFX Application Thread] DEBUG Engine               - Running on OS: Windows 11 version 10.0
10:03:17.642 [JavaFX Application Thread] DEBUG Engine               - Architecture: amd64
10:03:17.642 [JavaFX Application Thread] INFO  Engine               - Source code and latest versions at: https://github.com/AlmasB/FXGL
10:03:17.642 [JavaFX Application Thread] INFO  Engine               -       Ask questions and discuss at: https://github.com/AlmasB/FXGL/discussions
10:03:17.642 [JavaFX Application Thread] INFO  Engine               -              Join the FXGL chat at: https://gitter.im/AlmasB/FXGL
10:03:17.776 [JavaFX Application Thread] DEBUG PrimaryStageWindow   - Creating a JavaFX scene
10:03:17.844 [JavaFX Application Thread] DEBUG PrimaryStageWindow   - Target settings size: 1920.0 x 1080.0
10:03:17.844 [JavaFX Application Thread] DEBUG PrimaryStageWindow   - Scaled scene size:    1920.0 x 1080.0
10:03:17.846 [JavaFX Application Thread] DEBUG PrimaryStageWindow   - Scaled ratio: (1.0, 1.0)
10:03:17.847 [JavaFX Application Thread] DEBUG PrimaryStageWindow   - Set initial scene to FXGLStartupScene
10:03:17.861 [JavaFX Application Thread] DEBUG PrimaryStageWindow   - Opening main window
10:03:18.000 [JavaFX Application Thread] DEBUG PrimaryStageWindow   - Window border size: (14.6666259765625, 37.3333740234375)
10:03:18.000 [JavaFX Application Thread] DEBUG PrimaryStageWindow   - Scaled size: 1920.0 x 1080.0
10:03:18.000 [JavaFX Application Thread] DEBUG PrimaryStageWindow   - Scaled ratio: (1.0, 1.0)
10:03:18.000 [JavaFX Application Thread] DEBUG PrimaryStageWindow   - Scene size: 1920.0 x 1080.0
10:03:18.000 [JavaFX Application Thread] DEBUG PrimaryStageWindow   - Stage size: 1934.6666259765625 x 1117.3333740234375
10:03:18.010 [FXGL Background Thread 1 ] DEBUG Engine               - Initializing environment variables
10:03:18.103 [FXGL Background Thread 1 ] DEBUG FXGLAssetLoaderServi - User app class for loading assets: class grafica.GameApp
10:03:18.103 [FXGL Background Thread 1 ] DEBUG GameApplicationServi - Applying CSS: fxgl_dark.css
10:03:18.104 [FXGL Background Thread 1 ] DEBUG FXGLAssetLoaderServi - Loading from file system: jar:file:/C:/Users/Leo/.m2/repository/com/github/almasb/fxgl/21.1/fxgl-21.1.jar!/fxglassets/ui/css/fxgl_dark.css
10:03:18.154 [FXGL Background Thread 1 ] DEBUG GameApplicationServi - Initializing application scenes
10:03:18.208 [FXGL Background Thread 1 ] DEBUG GameWorld            - Game world initialized
10:03:18.272 [FXGL Background Thread 1 ] DEBUG PhysicsWorld         - Physics world initialized: appHeight=1080, physics.ppm=50,0
10:03:18.272 [FXGL Background Thread 1 ] DEBUG PhysicsWorld         - Using strategy: BRUTE_FORCE
10:03:18.277 [FXGL Background Thread 1 ] DEBUG GameScene            - Game scene initialized: 1920x1080
10:03:18.288 [FXGL Background Thread 1 ] DEBUG FXGL.DefaultMenu     - createMenuBodyGameMenu()
10:03:18.301 [FXGL Background Thread 1 ] DEBUG FXGL.DefaultMenu     - createOptionsMenu()
10:03:18.313 [FXGL Background Thread 1 ] DEBUG FXGLAssetLoaderServi - Loading from file system: jar:file:/C:/Users/Leo/.m2/repository/com/github/almasb/fxgl/21.1/fxgl-21.1.jar!/fxglassets/textures/particles/smoke.png
10:03:18.414 [FXGL Background Thread 1 ] DEBUG FXGLAssetLoaderServi - Loading from file system: jar:file:/C:/Users/Leo/.m2/repository/com/github/almasb/fxgl/21.1/fxgl-21.1.jar!/fxglassets/textures/particles/trace_horizontal.png
10:03:18.440 [FXGL Background Thread 1 ] DEBUG GameApplicationServi - Application scenes initialized
10:03:18.451 [FXGL Background Thread 1 ] DEBUG SystemBundleService  - Loading FXGL system data
10:03:18.463 [FXGL Background Thread 1 ] DEBUG FileSystemAccess     - Reading from: D:\documenti\Leonardo\università\anno_3\Ingegneria_del_software\Progetto\Progetto_Ing_Software\HogwartsBattle\HogwartsBattle\system\fxgl.bundle
10:03:18.471 [FXGL Background Thread 1 ] DEBUG SystemBundleService  - Bundle FXGL: {}
10:03:18.471 [FXGL Background Thread 1 ] DEBUG UpdaterService       - Checking for updates
10:03:18.476 [FXGL Background Thread 4 ] DEBUG FXGLApplication      - Loading fonts
10:03:18.476 [FXGL Background Thread 4 ] DEBUG FXGLAssetLoaderServi - Loading from file system: jar:file:/C:/Users/Leo/.m2/repository/com/github/almasb/fxgl/21.1/fxgl-21.1.jar!/fxglassets/ui/fonts/VarelaRound-Regular.ttf
10:03:18.477 [FXGL Background Thread 1 ] DEBUG FXGLApplication      - Loading default localization
10:03:18.477 [FXGL Background Thread 1 ] DEBUG FXGLAssetLoaderServi - Loading from file system: jar:file:/C:/Users/Leo/.m2/repository/com/github/almasb/fxgl/21.1/fxgl-21.1.jar!/fxglassets/languages/english.lang
10:03:18.524 [FXGL Background Thread 4 ] DEBUG FXGLAssetLoaderServi - Loading from file system: jar:file:/C:/Users/Leo/.m2/repository/com/github/almasb/fxgl/21.1/fxgl-21.1.jar!/fxglassets/ui/fonts/Abel-Regular.ttf
10:03:18.526 [FXGL Background Thread 4 ] DEBUG FXGLAssetLoaderServi - Loading from file system: jar:file:/C:/Users/Leo/.m2/repository/com/github/almasb/fxgl/21.1/fxgl-21.1.jar!/fxglassets/ui/fonts/TerminalLandMono-Regular.otf
10:03:18.529 [FXGL Background Thread 4 ] DEBUG FXGLAssetLoaderServi - Loading from file system: jar:file:/C:/Users/Leo/.m2/repository/com/github/almasb/fxgl/21.1/fxgl-21.1.jar!/fxglassets/ui/fonts/Courier-Prime.ttf
10:03:18.530 [FXGL Background Thread 1 ] INFO  FXGLApplication      - FXGL initialization took: 0,521 sec
10:03:18.533 [JavaFX Application Thread] DEBUG FXGLAssetLoaderServi - Loading from file system: jar:file:/C:/Users/Leo/.m2/repository/com/github/almasb/fxgl/21.1/fxgl-21.1.jar!/fxglassets/textures/fxgl_icon.png
10:03:18.552 [JavaFX Application Thread] DEBUG FXGLAssetLoaderServi - Loading from file system: jar:file:/C:/Users/Leo/.m2/repository/com/github/almasb/fxgl/21.1/fxgl-21.1.jar!/fxglassets/textures/fxgl_default_cursor.png
10:03:18.577 [JavaFX Application Thread] DEBUG Input                - Registered new binding: Screenshot - CTRL+8
10:03:18.578 [JavaFX Application Thread] DEBUG Input                - Registered new binding: System info dump - CTRL+9
10:03:18.579 [JavaFX Application Thread] DEBUG Input                - Registered new binding: Restart - CTRL+R
10:03:18.581 [JavaFX Application Thread] DEBUG Input                - Registered new binding: Toggle Debug Camera - CTRL+7
10:03:18.588 [JavaFX Application Thread] DEBUG LoopRunner           - Starting loop
10:03:18.588 [JavaFX Application Thread] DEBUG LoopRunner           - Initializing JavaFX AnimationTimerLoop
10:03:18.592 [JavaFX Application Thread] DEBUG GameApplicationServi - Starting new game
10:03:18.593 [JavaFX Application Thread] DEBUG Input                - Clearing active input actions
10:03:18.609 [JavaFX Application Thread] DEBUG GameApplicationServi - Removing overlay from FXGLStartupScene and adding to FXGLLoadingScene
10:03:18.609 [JavaFX Application Thread] DEBUG PrimaryStageWindow   - FXGLStartupScene -> FXGLLoadingScene
10:03:18.609 [JavaFX Application Thread] DEBUG GameApplicationServi - Clearing previous game
10:03:18.609 [JavaFX Application Thread] DEBUG GameScene            - Clearing game scene
10:03:18.609 [JavaFX Application Thread] DEBUG GameWorld            - Clearing game world
10:03:18.609 [JavaFX Application Thread] DEBUG PhysicsWorld         - Clearing physics world
10:03:18.612 [FXGL Background Thread 4 ] DEBUG FXGLApplication      - Initializing game
10:03:18.614 [JavaFX Application Thread] DEBUG FXGLApplication      - Registering font factories with UI factory
10:03:18.672 [FXGL Background Thread 4 ] INFO  FXGLApplication      - Game initialization took: 0,059 sec
10:03:18.714 [JavaFX Application Thread] DEBUG Input                - Clearing active input actions
10:03:18.720 [JavaFX Application Thread] DEBUG GameApplicationServi - Removing overlay from FXGLLoadingScene and adding to GameScene
10:03:18.722 [JavaFX Application Thread] DEBUG PrimaryStageWindow   - FXGLLoadingScene -> GameScene
10:03:21.476 [FXGL Background Thread 3 ] DEBUG Engine               - Logging environment variables
10:03:21.476 [FXGL Background Thread 3 ] DEBUG Engine               - achievements: []
10:03:21.477 [FXGL Background Thread 3 ] DEBUG Engine               - actualHeight: 1080.0
10:03:21.477 [FXGL Background Thread 3 ] DEBUG Engine               - actualHeightProperty: ReadOnlyDoubleProperty [value: 1080.0]
10:03:21.477 [FXGL Background Thread 3 ] DEBUG Engine               - actualWidth: 1920.0
10:03:21.477 [FXGL Background Thread 3 ] DEBUG Engine               - actualWidthProperty: ReadOnlyDoubleProperty [value: 1920.0]
10:03:21.477 [FXGL Background Thread 3 ] DEBUG Engine               - appIcon: fxgl_icon.png
10:03:21.477 [FXGL Background Thread 3 ] DEBUG Engine               - applicationMode: DEVELOPER
10:03:21.477 [FXGL Background Thread 3 ] DEBUG Engine               - cSSList: [fxgl_dark.css]
10:03:21.477 [FXGL Background Thread 3 ] DEBUG Engine               - collisionDetectionStrategy: BRUTE_FORCE
10:03:21.477 [FXGL Background Thread 3 ] DEBUG Engine               - configClass: Optional.empty
10:03:21.477 [FXGL Background Thread 3 ] DEBUG Engine               - credits: []
10:03:21.477 [FXGL Background Thread 3 ] DEBUG Engine               - defaultCursor: CursorInfo(imageName=fxgl_default_cursor.png, hotspotX=7.0, hotspotY=6.0)
10:03:21.477 [FXGL Background Thread 3 ] DEBUG Engine               - devBBoxColorProperty: ObjectProperty [value: 0xff0000ff]
10:03:21.478 [FXGL Background Thread 3 ] DEBUG Engine               - devEnableDebugCameraProperty: BooleanProperty [value: false]
10:03:21.478 [FXGL Background Thread 3 ] DEBUG Engine               - devSensorColorProperty: ObjectProperty [value: 0xffff00ff]
10:03:21.478 [FXGL Background Thread 3 ] DEBUG Engine               - devShowBBoxProperty: BooleanProperty [value: false]
10:03:21.478 [FXGL Background Thread 3 ] DEBUG Engine               - devShowPositionProperty: BooleanProperty [value: false]
10:03:21.478 [FXGL Background Thread 3 ] DEBUG Engine               - enabledMenuItems: []
10:03:21.478 [FXGL Background Thread 3 ] DEBUG Engine               - engineServices: [class com.almasb.fxgl.app.services.FXGLAssetLoaderService, class com.almasb.fxgl.app.FXGLApplication$GameApplicationService, class com.almasb.fxgl.app.services.FXGLDialogService, class com.almasb.fxgl.app.services.IOTaskExecutorService, class com.almasb.fxgl.io.FileSystemService, class com.almasb.fxgl.localization.LocalizationService, class com.almasb.fxgl.app.services.SystemBundleService, class com.almasb.fxgl.profile.SaveLoadService, class com.almasb.fxgl.ui.FXGLUIFactoryServiceProvider, class com.almasb.fxgl.ui.FXGLDialogFactoryServiceProvider, class com.almasb.fxgl.audio.AudioPlayer, class com.almasb.fxgl.notification.impl.NotificationServiceProvider, class com.almasb.fxgl.achievement.AchievementService, class com.almasb.fxgl.cutscene.CutsceneService, class com.almasb.fxgl.minigames.MiniGameService, class com.almasb.fxgl.net.NetService, class com.almasb.fxgl.app.services.UpdaterService, class com.almasb.fxgl.dev.DevService]
10:03:21.478 [FXGL Background Thread 3 ] DEBUG Engine               - fontGame: Abel-Regular.ttf
10:03:21.478 [FXGL Background Thread 3 ] DEBUG Engine               - fontMono: TerminalLandMono-Regular.otf
10:03:21.478 [FXGL Background Thread 3 ] DEBUG Engine               - fontSizeScaleUI: 1.0
10:03:21.478 [FXGL Background Thread 3 ] DEBUG Engine               - fontText: Courier-Prime.ttf
10:03:21.478 [FXGL Background Thread 3 ] DEBUG Engine               - fontUI: VarelaRound-Regular.ttf
10:03:21.478 [FXGL Background Thread 3 ] DEBUG Engine               - fullScreen: BooleanProperty [value: false]
10:03:21.478 [FXGL Background Thread 3 ] DEBUG Engine               - gameDifficulty: MEDIUM
10:03:21.478 [FXGL Background Thread 3 ] DEBUG Engine               - gameDifficultyProperty: ObjectProperty [value: MEDIUM]
10:03:21.478 [FXGL Background Thread 3 ] DEBUG Engine               - globalMusicVolume: 0.5
10:03:21.479 [FXGL Background Thread 3 ] DEBUG Engine               - globalMusicVolumeProperty: DoubleProperty [value: 0.5]
10:03:21.479 [FXGL Background Thread 3 ] DEBUG Engine               - globalSoundVolume: 0.5
10:03:21.479 [FXGL Background Thread 3 ] DEBUG Engine               - globalSoundVolumeProperty: DoubleProperty [value: 0.5]
10:03:21.479 [FXGL Background Thread 3 ] DEBUG Engine               - height: 1080
10:03:21.479 [FXGL Background Thread 3 ] DEBUG Engine               - is3D: false
10:03:21.479 [FXGL Background Thread 3 ] DEBUG Engine               - isAndroid: false
10:03:21.479 [FXGL Background Thread 3 ] DEBUG Engine               - isBrowser: false
10:03:21.479 [FXGL Background Thread 3 ] DEBUG Engine               - isClickFeedbackEnabled: false
10:03:21.479 [FXGL Background Thread 3 ] DEBUG Engine               - isCloseConfirmation: false
10:03:21.479 [FXGL Background Thread 3 ] DEBUG Engine               - isDesktop: true
10:03:21.479 [FXGL Background Thread 3 ] DEBUG Engine               - isDeveloperMenuEnabled: false
10:03:21.479 [FXGL Background Thread 3 ] DEBUG Engine               - isEmbedded: false
10:03:21.479 [FXGL Background Thread 3 ] DEBUG Engine               - isEntityPreloadEnabled: true
10:03:21.479 [FXGL Background Thread 3 ] DEBUG Engine               - isExperimentalTiledLargeMap: false
10:03:21.479 [FXGL Background Thread 3 ] DEBUG Engine               - isFileSystemWriteAllowed: true
10:03:21.479 [FXGL Background Thread 3 ] DEBUG Engine               - isFullScreenAllowed: true
10:03:21.479 [FXGL Background Thread 3 ] DEBUG Engine               - isFullScreenFromStart: false
10:03:21.479 [FXGL Background Thread 3 ] DEBUG Engine               - isGameMenuEnabled: true
10:03:21.479 [FXGL Background Thread 3 ] DEBUG Engine               - isIOS: false
10:03:21.479 [FXGL Background Thread 3 ] DEBUG Engine               - isIntroEnabled: false
10:03:21.479 [FXGL Background Thread 3 ] DEBUG Engine               - isLinux: false
10:03:21.479 [FXGL Background Thread 3 ] DEBUG Engine               - isMac: false
10:03:21.480 [FXGL Background Thread 3 ] DEBUG Engine               - isMainMenuEnabled: false
10:03:21.480 [FXGL Background Thread 3 ] DEBUG Engine               - isManualResizeEnabled: true
10:03:21.480 [FXGL Background Thread 3 ] DEBUG Engine               - isMobile: false
10:03:21.480 [FXGL Background Thread 3 ] DEBUG Engine               - isNative: false
10:03:21.480 [FXGL Background Thread 3 ] DEBUG Engine               - isPauseMusicWhenMinimized: true
10:03:21.480 [FXGL Background Thread 3 ] DEBUG Engine               - isPreserveResizeRatio: true
10:03:21.480 [FXGL Background Thread 3 ] DEBUG Engine               - isProfilingEnabled: false
10:03:21.480 [FXGL Background Thread 3 ] DEBUG Engine               - isScaleAffectedOnResize: true
10:03:21.480 [FXGL Background Thread 3 ] DEBUG Engine               - isSingleStep: false
10:03:21.480 [FXGL Background Thread 3 ] DEBUG Engine               - isUserProfileEnabled: false
10:03:21.480 [FXGL Background Thread 3 ] DEBUG Engine               - isWindows: true
10:03:21.480 [FXGL Background Thread 3 ] DEBUG Engine               - language: ObjectProperty [value: ENGLISH]
10:03:21.480 [FXGL Background Thread 3 ] DEBUG Engine               - menuKey: ESCAPE
10:03:21.480 [FXGL Background Thread 3 ] DEBUG Engine               - mouseSensitivity: 0.2
10:03:21.480 [FXGL Background Thread 3 ] DEBUG Engine               - notificationViewClass: class com.almasb.fxgl.notification.view.XboxNotificationView
10:03:21.480 [FXGL Background Thread 3 ] DEBUG Engine               - pixelsPerMeter: 50.0
10:03:21.480 [FXGL Background Thread 3 ] DEBUG Engine               - platform: WINDOWS
10:03:21.481 [FXGL Background Thread 3 ] DEBUG Engine               - prefHeightProperty: ReadOnlyDoubleProperty [value: 1080.0]
10:03:21.481 [FXGL Background Thread 3 ] DEBUG Engine               - prefWidthProperty: ReadOnlyDoubleProperty [value: 1920.0]
10:03:21.481 [FXGL Background Thread 3 ] DEBUG Engine               - profileDir: profiles/
10:03:21.481 [FXGL Background Thread 3 ] DEBUG Engine               - profileName: StringProperty [value: DEFAULT]
10:03:21.481 [FXGL Background Thread 3 ] DEBUG Engine               - randomSeed: -1
10:03:21.481 [FXGL Background Thread 3 ] DEBUG Engine               - runtimeInfo: RuntimeInfo(platform=WINDOWS, version=21.1, build=27.03.2024 07.52)
10:03:21.481 [FXGL Background Thread 3 ] DEBUG Engine               - saveFileExt: sav
10:03:21.481 [FXGL Background Thread 3 ] DEBUG Engine               - scaledHeightProp$fxgl: DoubleProperty [bound, value: 1080.0]
10:03:21.481 [FXGL Background Thread 3 ] DEBUG Engine               - scaledWidthProp$fxgl: DoubleProperty [bound, value: 1920.0]
10:03:21.481 [FXGL Background Thread 3 ] DEBUG Engine               - sceneFactory: com.almasb.fxgl.app.scene.SceneFactory@2177ca95
10:03:21.481 [FXGL Background Thread 3 ] DEBUG Engine               - secondsIn24h: 60
10:03:21.481 [FXGL Background Thread 3 ] DEBUG Engine               - soundMenuBack: menu/back.wav
10:03:21.481 [FXGL Background Thread 3 ] DEBUG Engine               - soundMenuPress: menu/press.wav
10:03:21.481 [FXGL Background Thread 3 ] DEBUG Engine               - soundMenuSelect: menu/select.wav
10:03:21.481 [FXGL Background Thread 3 ] DEBUG Engine               - soundNotification: core/notification.wav
10:03:21.481 [FXGL Background Thread 3 ] DEBUG Engine               - stageStyle: DECORATED
10:03:21.481 [FXGL Background Thread 3 ] DEBUG Engine               - supportedLanguages: [ENGLISH, FRENCH, GERMAN, HUNGARIAN, RUSSIAN]
10:03:21.481 [FXGL Background Thread 3 ] DEBUG Engine               - ticksPerSecond: -1
10:03:21.481 [FXGL Background Thread 3 ] DEBUG Engine               - title: Harry Potter: Hogwarts Battle
10:03:21.481 [FXGL Background Thread 3 ] DEBUG Engine               - urlGithub: https://github.com/AlmasB/FXGL
10:03:21.481 [FXGL Background Thread 3 ] DEBUG Engine               - urlLeaderboard: http://fxgl-top.herokuapp.com/
10:03:21.481 [FXGL Background Thread 3 ] DEBUG Engine               - urlPOM: https://raw.githubusercontent.com/AlmasB/FXGL/release/README.md
10:03:21.481 [FXGL Background Thread 3 ] DEBUG Engine               - userAppClass: class grafica.GameApp
10:03:21.481 [FXGL Background Thread 3 ] DEBUG Engine               - version: 2.0
10:03:21.481 [FXGL Background Thread 3 ] DEBUG Engine               - versionCheckDays: 7
10:03:21.481 [FXGL Background Thread 3 ] DEBUG Engine               - width: 1920
10:03:21.481 [FXGL Background Thread 3 ] DEBUG Engine               - Logging services
10:03:21.481 [FXGL Background Thread 3 ] DEBUG Engine               - class com.almasb.fxgl.app.services.FXGLAssetLoaderService
10:03:21.481 [FXGL Background Thread 3 ] DEBUG Engine               - class com.almasb.fxgl.app.FXGLApplication$GameApplicationService
10:03:21.481 [FXGL Background Thread 3 ] DEBUG Engine               - class com.almasb.fxgl.app.services.FXGLDialogService
10:03:21.481 [FXGL Background Thread 3 ] DEBUG Engine               - class com.almasb.fxgl.app.services.IOTaskExecutorService
10:03:21.481 [FXGL Background Thread 3 ] DEBUG Engine               - class com.almasb.fxgl.io.FileSystemService
10:03:21.481 [FXGL Background Thread 3 ] DEBUG Engine               - class com.almasb.fxgl.localization.LocalizationService
10:03:21.481 [FXGL Background Thread 3 ] DEBUG Engine               - class com.almasb.fxgl.app.services.SystemBundleService
10:03:21.481 [FXGL Background Thread 3 ] DEBUG Engine               - class com.almasb.fxgl.profile.SaveLoadService
10:03:21.481 [FXGL Background Thread 3 ] DEBUG Engine               - class com.almasb.fxgl.ui.FXGLUIFactoryServiceProvider
10:03:21.481 [FXGL Background Thread 3 ] DEBUG Engine               - class com.almasb.fxgl.ui.FXGLDialogFactoryServiceProvider
10:03:21.481 [FXGL Background Thread 3 ] DEBUG Engine               - class com.almasb.fxgl.audio.AudioPlayer
10:03:21.481 [FXGL Background Thread 3 ] DEBUG Engine               - class com.almasb.fxgl.notification.impl.NotificationServiceProvider
10:03:21.481 [FXGL Background Thread 3 ] DEBUG Engine               - class com.almasb.fxgl.achievement.AchievementService
10:03:21.481 [FXGL Background Thread 3 ] DEBUG Engine               - class com.almasb.fxgl.cutscene.CutsceneService
10:03:21.481 [FXGL Background Thread 3 ] DEBUG Engine               - class com.almasb.fxgl.minigames.MiniGameService
10:03:21.481 [FXGL Background Thread 3 ] DEBUG Engine               - class com.almasb.fxgl.net.NetService
10:03:21.481 [FXGL Background Thread 3 ] DEBUG Engine               - class com.almasb.fxgl.app.services.UpdaterService
10:03:21.481 [FXGL Background Thread 3 ] DEBUG Engine               - class com.almasb.fxgl.dev.DevService
10:04:10.674 [JavaFX Application Thread] DEBUG FXGLApplication      - Exiting FXGL
10:04:10.674 [JavaFX Application Thread] DEBUG LoopRunner           - Stopping loop
10:04:10.674 [JavaFX Application Thread] DEBUG SystemBundleService  - Saving FXGL system data
10:04:10.679 [JavaFX Application Thread] DEBUG FileSystemAccess     - Writing to: D:\documenti\Leonardo\università\anno_3\Ingegneria_del_software\Progetto\Progetto_Ing_Software\HogwartsBattle\HogwartsBattle\system\fxgl.bundle
10:04:10.682 [JavaFX Application Thread] DEBUG Async                - Shutting down background threads
10:04:10.682 [JavaFX Application Thread] DEBUG PrimaryStageWindow   - Closing main window
10:04:10.693 [JavaFX Application Thread] DEBUG Logger               - Closing Logger
