13:49:35.083 [main                     ] DEBUG Logger               - Configured Logger
13:49:35.093 [main                     ] DEBUG GameApplication      - Logging settings
Title: Harry Potter: Hogwarts Battle - Deck Building Game
Version: 1.0
Width: 1920
Height: 1080
Fullscreen: true
Intro: false
Profiling: false
Single step:false
App Mode: DEVELOPER
Menu Key: ESCAPE
Stage Style: DECORATED
Scene Factory: class com.almasb.fxgl.app.scene.SceneFactory

13:49:35.543 [JavaFX Application Thread] DEBUG FXGLApplication      - Initializing FXGL
13:49:35.546 [JavaFX Application Thread] INFO  Engine               - FXGL-21.1 (27.03.2024 07.52) on WINDOWS (J:24.0.2 FX:21.0.1)
13:49:35.546 [JavaFX Application Thread] DEBUG Engine               - JRE Vendor Name: Oracle Corporation
13:49:35.546 [JavaFX Application Thread] DEBUG Engine               - Running on OS: Windows 11 version 10.0
13:49:35.546 [JavaFX Application Thread] DEBUG Engine               - Architecture: amd64
13:49:35.546 [JavaFX Application Thread] INFO  Engine               - Source code and latest versions at: https://github.com/AlmasB/FXGL
13:49:35.546 [JavaFX Application Thread] INFO  Engine               -       Ask questions and discuss at: https://github.com/AlmasB/FXGL/discussions
13:49:35.546 [JavaFX Application Thread] INFO  Engine               -              Join the FXGL chat at: https://gitter.im/AlmasB/FXGL
13:49:35.643 [JavaFX Application Thread] DEBUG PrimaryStageWindow   - Creating a JavaFX scene
13:49:35.687 [JavaFX Application Thread] DEBUG PrimaryStageWindow   - Target settings size: 1920.0 x 1080.0
13:49:35.687 [JavaFX Application Thread] DEBUG PrimaryStageWindow   - Scaled scene size:    1920.0 x 1080.0
13:49:35.687 [JavaFX Application Thread] DEBUG PrimaryStageWindow   - Scaled ratio: (1.0, 1.0)
13:49:35.688 [JavaFX Application Thread] DEBUG PrimaryStageWindow   - Set initial scene to FXGLStartupScene
13:49:35.692 [JavaFX Application Thread] DEBUG PrimaryStageWindow   - Opening main window
13:49:35.769 [JavaFX Application Thread] DEBUG PrimaryStageWindow   - Window border size: (14.6666259765625, 37.3333740234375)
13:49:35.769 [JavaFX Application Thread] DEBUG PrimaryStageWindow   - Scaled size: 1920.0 x 1080.0
13:49:35.770 [JavaFX Application Thread] DEBUG PrimaryStageWindow   - Scaled ratio: (1.0, 1.0)
13:49:35.770 [JavaFX Application Thread] DEBUG PrimaryStageWindow   - Scene size: 1920.0 x 1080.0
13:49:35.770 [JavaFX Application Thread] DEBUG PrimaryStageWindow   - Stage size: 1934.6666259765625 x 1117.3333740234375
13:49:35.776 [FXGL Background Thread 1 ] DEBUG Engine               - Initializing environment variables
13:49:35.830 [FXGL Background Thread 1 ] DEBUG FXGLAssetLoaderServi - User app class for loading assets: class grafica.GameController
13:49:35.830 [FXGL Background Thread 1 ] DEBUG GameApplicationServi - Applying CSS: fxgl_dark.css
13:49:35.830 [FXGL Background Thread 1 ] DEBUG FXGLAssetLoaderServi - Loading from file system: jar:file:/C:/Users/Leo/.m2/repository/com/github/almasb/fxgl/21.1/fxgl-21.1.jar!/fxglassets/ui/css/fxgl_dark.css
13:49:35.865 [FXGL Background Thread 1 ] DEBUG GameApplicationServi - Initializing application scenes
13:49:35.901 [FXGL Background Thread 1 ] DEBUG GameWorld            - Game world initialized
13:49:35.951 [FXGL Background Thread 1 ] DEBUG PhysicsWorld         - Physics world initialized: appHeight=1080, physics.ppm=50,0
13:49:35.951 [FXGL Background Thread 1 ] DEBUG PhysicsWorld         - Using strategy: BRUTE_FORCE
13:49:35.954 [FXGL Background Thread 1 ] DEBUG GameScene            - Game scene initialized: 1920x1080
13:49:35.963 [FXGL Background Thread 1 ] DEBUG FXGL.DefaultMenu     - createMenuBodyGameMenu()
13:49:35.976 [FXGL Background Thread 1 ] DEBUG FXGL.DefaultMenu     - createOptionsMenu()
13:49:35.984 [FXGL Background Thread 1 ] DEBUG FXGLAssetLoaderServi - Loading from file system: jar:file:/C:/Users/Leo/.m2/repository/com/github/almasb/fxgl/21.1/fxgl-21.1.jar!/fxglassets/textures/particles/smoke.png
13:49:36.078 [FXGL Background Thread 1 ] DEBUG FXGLAssetLoaderServi - Loading from file system: jar:file:/C:/Users/Leo/.m2/repository/com/github/almasb/fxgl/21.1/fxgl-21.1.jar!/fxglassets/textures/particles/trace_horizontal.png
13:49:36.106 [FXGL Background Thread 1 ] DEBUG GameApplicationServi - Application scenes initialized
13:49:36.118 [FXGL Background Thread 1 ] DEBUG SystemBundleService  - Loading FXGL system data
13:49:36.121 [FXGL Background Thread 1 ] DEBUG FileSystemAccess     - Reading from: D:\documenti\Leonardo\università\anno_3\Ingegneria_del_software\Progetto\Progetto_Ing_Software\HogwartsBattle\HogwartsBattle\system\fxgl.bundle
13:49:36.127 [FXGL Background Thread 1 ] DEBUG SystemBundleService  - Bundle FXGL: {}
13:49:36.127 [FXGL Background Thread 1 ] DEBUG UpdaterService       - Checking for updates
13:49:36.130 [FXGL Background Thread 4 ] DEBUG FXGLApplication      - Loading fonts
13:49:36.130 [FXGL Background Thread 4 ] DEBUG FXGLAssetLoaderServi - Loading from file system: jar:file:/C:/Users/Leo/.m2/repository/com/github/almasb/fxgl/21.1/fxgl-21.1.jar!/fxglassets/ui/fonts/VarelaRound-Regular.ttf
13:49:36.131 [FXGL Background Thread 1 ] DEBUG FXGLApplication      - Loading default localization
13:49:36.131 [FXGL Background Thread 1 ] DEBUG FXGLAssetLoaderServi - Loading from file system: jar:file:/C:/Users/Leo/.m2/repository/com/github/almasb/fxgl/21.1/fxgl-21.1.jar!/fxglassets/languages/english.lang
13:49:36.148 [FXGL Background Thread 1 ] INFO  FXGLApplication      - FXGL initialization took: 0,372 sec
13:49:36.149 [JavaFX Application Thread] DEBUG FXGLAssetLoaderServi - Loading from file system: jar:file:/C:/Users/Leo/.m2/repository/com/github/almasb/fxgl/21.1/fxgl-21.1.jar!/fxglassets/textures/fxgl_icon.png
13:49:36.158 [FXGL Background Thread 4 ] DEBUG FXGLAssetLoaderServi - Loading from file system: jar:file:/C:/Users/Leo/.m2/repository/com/github/almasb/fxgl/21.1/fxgl-21.1.jar!/fxglassets/ui/fonts/Abel-Regular.ttf
13:49:36.159 [FXGL Background Thread 4 ] DEBUG FXGLAssetLoaderServi - Loading from file system: jar:file:/C:/Users/Leo/.m2/repository/com/github/almasb/fxgl/21.1/fxgl-21.1.jar!/fxglassets/ui/fonts/TerminalLandMono-Regular.otf
13:49:36.161 [FXGL Background Thread 4 ] DEBUG FXGLAssetLoaderServi - Loading from file system: jar:file:/C:/Users/Leo/.m2/repository/com/github/almasb/fxgl/21.1/fxgl-21.1.jar!/fxglassets/ui/fonts/Courier-Prime.ttf
13:49:36.175 [JavaFX Application Thread] DEBUG FXGLAssetLoaderServi - Loading from file system: jar:file:/C:/Users/Leo/.m2/repository/com/github/almasb/fxgl/21.1/fxgl-21.1.jar!/fxglassets/textures/fxgl_default_cursor.png
13:49:36.188 [JavaFX Application Thread] DEBUG Input                - Registered new binding: Screenshot - CTRL+8
13:49:36.189 [JavaFX Application Thread] DEBUG Input                - Registered new binding: System info dump - CTRL+9
13:49:36.189 [JavaFX Application Thread] DEBUG Input                - Registered new binding: Restart - CTRL+R
13:49:36.190 [JavaFX Application Thread] DEBUG Input                - Registered new binding: Toggle Debug Camera - CTRL+7
13:49:36.195 [JavaFX Application Thread] DEBUG LoopRunner           - Starting loop
13:49:36.195 [JavaFX Application Thread] DEBUG LoopRunner           - Initializing JavaFX AnimationTimerLoop
13:49:36.197 [JavaFX Application Thread] DEBUG GameApplicationServi - Starting new game
13:49:36.198 [JavaFX Application Thread] DEBUG Input                - Clearing active input actions
13:49:36.209 [JavaFX Application Thread] DEBUG GameApplicationServi - Removing overlay from FXGLStartupScene and adding to FXGLLoadingScene
13:49:36.210 [JavaFX Application Thread] DEBUG PrimaryStageWindow   - FXGLStartupScene -> FXGLLoadingScene
13:49:36.210 [JavaFX Application Thread] DEBUG GameApplicationServi - Clearing previous game
13:49:36.210 [JavaFX Application Thread] DEBUG GameScene            - Clearing game scene
13:49:36.210 [JavaFX Application Thread] DEBUG GameWorld            - Clearing game world
13:49:36.210 [JavaFX Application Thread] DEBUG PhysicsWorld         - Clearing physics world
13:49:36.212 [FXGL Background Thread 4 ] DEBUG FXGLApplication      - Initializing game
13:49:36.212 [JavaFX Application Thread] DEBUG FXGLApplication      - Registering font factories with UI factory
13:49:36.352 [FXGL Background Thread 4 ] INFO  FXGLApplication      - Game initialization took: 0,140 sec
13:49:36.360 [JavaFX Application Thread] DEBUG Input                - Clearing active input actions
13:49:36.366 [JavaFX Application Thread] DEBUG GameApplicationServi - Removing overlay from FXGLLoadingScene and adding to GameScene
13:49:36.366 [JavaFX Application Thread] DEBUG PrimaryStageWindow   - FXGLLoadingScene -> GameScene
13:49:39.130 [FXGL Background Thread 3 ] DEBUG Engine               - Logging environment variables
13:49:39.130 [FXGL Background Thread 3 ] DEBUG Engine               - achievements: []
13:49:39.130 [FXGL Background Thread 3 ] DEBUG Engine               - actualHeight: 1080.0
13:49:39.131 [FXGL Background Thread 3 ] DEBUG Engine               - actualHeightProperty: ReadOnlyDoubleProperty [value: 1080.0]
13:49:39.131 [FXGL Background Thread 3 ] DEBUG Engine               - actualWidth: 1920.0
13:49:39.131 [FXGL Background Thread 3 ] DEBUG Engine               - actualWidthProperty: ReadOnlyDoubleProperty [value: 1920.0]
13:49:39.131 [FXGL Background Thread 3 ] DEBUG Engine               - appIcon: fxgl_icon.png
13:49:39.131 [FXGL Background Thread 3 ] DEBUG Engine               - applicationMode: DEVELOPER
13:49:39.131 [FXGL Background Thread 3 ] DEBUG Engine               - cSSList: [fxgl_dark.css]
13:49:39.131 [FXGL Background Thread 3 ] DEBUG Engine               - collisionDetectionStrategy: BRUTE_FORCE
13:49:39.131 [FXGL Background Thread 3 ] DEBUG Engine               - configClass: Optional.empty
13:49:39.131 [FXGL Background Thread 3 ] DEBUG Engine               - credits: []
13:49:39.131 [FXGL Background Thread 3 ] DEBUG Engine               - defaultCursor: CursorInfo(imageName=fxgl_default_cursor.png, hotspotX=7.0, hotspotY=6.0)
13:49:39.131 [FXGL Background Thread 3 ] DEBUG Engine               - devBBoxColorProperty: ObjectProperty [value: 0xff0000ff]
13:49:39.131 [FXGL Background Thread 3 ] DEBUG Engine               - devEnableDebugCameraProperty: BooleanProperty [value: false]
13:49:39.131 [FXGL Background Thread 3 ] DEBUG Engine               - devSensorColorProperty: ObjectProperty [value: 0xffff00ff]
13:49:39.131 [FXGL Background Thread 3 ] DEBUG Engine               - devShowBBoxProperty: BooleanProperty [value: false]
13:49:39.132 [FXGL Background Thread 3 ] DEBUG Engine               - devShowPositionProperty: BooleanProperty [value: false]
13:49:39.132 [FXGL Background Thread 3 ] DEBUG Engine               - enabledMenuItems: []
13:49:39.132 [FXGL Background Thread 3 ] DEBUG Engine               - engineServices: [class com.almasb.fxgl.app.services.FXGLAssetLoaderService, class com.almasb.fxgl.app.FXGLApplication$GameApplicationService, class com.almasb.fxgl.app.services.FXGLDialogService, class com.almasb.fxgl.app.services.IOTaskExecutorService, class com.almasb.fxgl.io.FileSystemService, class com.almasb.fxgl.localization.LocalizationService, class com.almasb.fxgl.app.services.SystemBundleService, class com.almasb.fxgl.profile.SaveLoadService, class com.almasb.fxgl.ui.FXGLUIFactoryServiceProvider, class com.almasb.fxgl.ui.FXGLDialogFactoryServiceProvider, class com.almasb.fxgl.audio.AudioPlayer, class com.almasb.fxgl.notification.impl.NotificationServiceProvider, class com.almasb.fxgl.achievement.AchievementService, class com.almasb.fxgl.cutscene.CutsceneService, class com.almasb.fxgl.minigames.MiniGameService, class com.almasb.fxgl.net.NetService, class com.almasb.fxgl.app.services.UpdaterService, class com.almasb.fxgl.dev.DevService]
13:49:39.132 [FXGL Background Thread 3 ] DEBUG Engine               - fontGame: Abel-Regular.ttf
13:49:39.132 [FXGL Background Thread 3 ] DEBUG Engine               - fontMono: TerminalLandMono-Regular.otf
13:49:39.132 [FXGL Background Thread 3 ] DEBUG Engine               - fontSizeScaleUI: 1.0
13:49:39.132 [FXGL Background Thread 3 ] DEBUG Engine               - fontText: Courier-Prime.ttf
13:49:39.132 [FXGL Background Thread 3 ] DEBUG Engine               - fontUI: VarelaRound-Regular.ttf
13:49:39.132 [FXGL Background Thread 3 ] DEBUG Engine               - fullScreen: BooleanProperty [value: false]
13:49:39.132 [FXGL Background Thread 3 ] DEBUG Engine               - gameDifficulty: MEDIUM
13:49:39.132 [FXGL Background Thread 3 ] DEBUG Engine               - gameDifficultyProperty: ObjectProperty [value: MEDIUM]
13:49:39.132 [FXGL Background Thread 3 ] DEBUG Engine               - globalMusicVolume: 0.5
13:49:39.132 [FXGL Background Thread 3 ] DEBUG Engine               - globalMusicVolumeProperty: DoubleProperty [value: 0.5]
13:49:39.132 [FXGL Background Thread 3 ] DEBUG Engine               - globalSoundVolume: 0.5
13:49:39.132 [FXGL Background Thread 3 ] DEBUG Engine               - globalSoundVolumeProperty: DoubleProperty [value: 0.5]
13:49:39.132 [FXGL Background Thread 3 ] DEBUG Engine               - height: 1080
13:49:39.132 [FXGL Background Thread 3 ] DEBUG Engine               - is3D: false
13:49:39.132 [FXGL Background Thread 3 ] DEBUG Engine               - isAndroid: false
13:49:39.132 [FXGL Background Thread 3 ] DEBUG Engine               - isBrowser: false
13:49:39.132 [FXGL Background Thread 3 ] DEBUG Engine               - isClickFeedbackEnabled: false
13:49:39.132 [FXGL Background Thread 3 ] DEBUG Engine               - isCloseConfirmation: false
13:49:39.132 [FXGL Background Thread 3 ] DEBUG Engine               - isDesktop: true
13:49:39.132 [FXGL Background Thread 3 ] DEBUG Engine               - isDeveloperMenuEnabled: false
13:49:39.132 [FXGL Background Thread 3 ] DEBUG Engine               - isEmbedded: false
13:49:39.133 [FXGL Background Thread 3 ] DEBUG Engine               - isEntityPreloadEnabled: true
13:49:39.133 [FXGL Background Thread 3 ] DEBUG Engine               - isExperimentalTiledLargeMap: false
13:49:39.133 [FXGL Background Thread 3 ] DEBUG Engine               - isFileSystemWriteAllowed: true
13:49:39.133 [FXGL Background Thread 3 ] DEBUG Engine               - isFullScreenAllowed: true
13:49:39.133 [FXGL Background Thread 3 ] DEBUG Engine               - isFullScreenFromStart: false
13:49:39.133 [FXGL Background Thread 3 ] DEBUG Engine               - isGameMenuEnabled: true
13:49:39.133 [FXGL Background Thread 3 ] DEBUG Engine               - isIOS: false
13:49:39.133 [FXGL Background Thread 3 ] DEBUG Engine               - isIntroEnabled: false
13:49:39.133 [FXGL Background Thread 3 ] DEBUG Engine               - isLinux: false
13:49:39.133 [FXGL Background Thread 3 ] DEBUG Engine               - isMac: false
13:49:39.133 [FXGL Background Thread 3 ] DEBUG Engine               - isMainMenuEnabled: false
13:49:39.133 [FXGL Background Thread 3 ] DEBUG Engine               - isManualResizeEnabled: true
13:49:39.133 [FXGL Background Thread 3 ] DEBUG Engine               - isMobile: false
13:49:39.133 [FXGL Background Thread 3 ] DEBUG Engine               - isNative: false
13:49:39.133 [FXGL Background Thread 3 ] DEBUG Engine               - isPauseMusicWhenMinimized: true
13:49:39.133 [FXGL Background Thread 3 ] DEBUG Engine               - isPreserveResizeRatio: false
13:49:39.133 [FXGL Background Thread 3 ] DEBUG Engine               - isProfilingEnabled: false
13:49:39.133 [FXGL Background Thread 3 ] DEBUG Engine               - isScaleAffectedOnResize: true
13:49:39.133 [FXGL Background Thread 3 ] DEBUG Engine               - isSingleStep: false
13:49:39.133 [FXGL Background Thread 3 ] DEBUG Engine               - isUserProfileEnabled: false
13:49:39.133 [FXGL Background Thread 3 ] DEBUG Engine               - isWindows: true
13:49:39.133 [FXGL Background Thread 3 ] DEBUG Engine               - language: ObjectProperty [value: ENGLISH]
13:49:39.133 [FXGL Background Thread 3 ] DEBUG Engine               - menuKey: ESCAPE
13:49:39.133 [FXGL Background Thread 3 ] DEBUG Engine               - mouseSensitivity: 0.2
13:49:39.133 [FXGL Background Thread 3 ] DEBUG Engine               - notificationViewClass: class com.almasb.fxgl.notification.view.XboxNotificationView
13:49:39.133 [FXGL Background Thread 3 ] DEBUG Engine               - pixelsPerMeter: 50.0
13:49:39.133 [FXGL Background Thread 3 ] DEBUG Engine               - platform: WINDOWS
13:49:39.133 [FXGL Background Thread 3 ] DEBUG Engine               - prefHeightProperty: ReadOnlyDoubleProperty [value: 1080.0]
13:49:39.133 [FXGL Background Thread 3 ] DEBUG Engine               - prefWidthProperty: ReadOnlyDoubleProperty [value: 1920.0]
13:49:39.133 [FXGL Background Thread 3 ] DEBUG Engine               - profileDir: profiles/
13:49:39.133 [FXGL Background Thread 3 ] DEBUG Engine               - profileName: StringProperty [value: DEFAULT]
13:49:39.133 [FXGL Background Thread 3 ] DEBUG Engine               - randomSeed: -1
13:49:39.134 [FXGL Background Thread 3 ] DEBUG Engine               - runtimeInfo: RuntimeInfo(platform=WINDOWS, version=21.1, build=27.03.2024 07.52)
13:49:39.134 [FXGL Background Thread 3 ] DEBUG Engine               - saveFileExt: sav
13:49:39.134 [FXGL Background Thread 3 ] DEBUG Engine               - scaledHeightProp$fxgl: DoubleProperty [bound, value: 1080.0]
13:49:39.134 [FXGL Background Thread 3 ] DEBUG Engine               - scaledWidthProp$fxgl: DoubleProperty [bound, value: 1920.0]
13:49:39.134 [FXGL Background Thread 3 ] DEBUG Engine               - sceneFactory: com.almasb.fxgl.app.scene.SceneFactory@11c9335d
13:49:39.134 [FXGL Background Thread 3 ] DEBUG Engine               - secondsIn24h: 60
13:49:39.134 [FXGL Background Thread 3 ] DEBUG Engine               - soundMenuBack: menu/back.wav
13:49:39.134 [FXGL Background Thread 3 ] DEBUG Engine               - soundMenuPress: menu/press.wav
13:49:39.134 [FXGL Background Thread 3 ] DEBUG Engine               - soundMenuSelect: menu/select.wav
13:49:39.134 [FXGL Background Thread 3 ] DEBUG Engine               - soundNotification: core/notification.wav
13:49:39.134 [FXGL Background Thread 3 ] DEBUG Engine               - stageStyle: DECORATED
13:49:39.134 [FXGL Background Thread 3 ] DEBUG Engine               - supportedLanguages: [ENGLISH, FRENCH, GERMAN, HUNGARIAN, RUSSIAN]
13:49:39.134 [FXGL Background Thread 3 ] DEBUG Engine               - ticksPerSecond: -1
13:49:39.134 [FXGL Background Thread 3 ] DEBUG Engine               - title: Harry Potter: Hogwarts Battle - Deck Building Game
13:49:39.134 [FXGL Background Thread 3 ] DEBUG Engine               - urlGithub: https://github.com/AlmasB/FXGL
13:49:39.134 [FXGL Background Thread 3 ] DEBUG Engine               - urlLeaderboard: http://fxgl-top.herokuapp.com/
13:49:39.134 [FXGL Background Thread 3 ] DEBUG Engine               - urlPOM: https://raw.githubusercontent.com/AlmasB/FXGL/release/README.md
13:49:39.134 [FXGL Background Thread 3 ] DEBUG Engine               - userAppClass: class grafica.GameController
13:49:39.134 [FXGL Background Thread 3 ] DEBUG Engine               - version: 1.0
13:49:39.134 [FXGL Background Thread 3 ] DEBUG Engine               - versionCheckDays: 7
13:49:39.134 [FXGL Background Thread 3 ] DEBUG Engine               - width: 1920
13:49:39.134 [FXGL Background Thread 3 ] DEBUG Engine               - Logging services
13:49:39.134 [FXGL Background Thread 3 ] DEBUG Engine               - class com.almasb.fxgl.app.services.FXGLAssetLoaderService
13:49:39.134 [FXGL Background Thread 3 ] DEBUG Engine               - class com.almasb.fxgl.app.FXGLApplication$GameApplicationService
13:49:39.134 [FXGL Background Thread 3 ] DEBUG Engine               - class com.almasb.fxgl.app.services.FXGLDialogService
13:49:39.134 [FXGL Background Thread 3 ] DEBUG Engine               - class com.almasb.fxgl.app.services.IOTaskExecutorService
13:49:39.134 [FXGL Background Thread 3 ] DEBUG Engine               - class com.almasb.fxgl.io.FileSystemService
13:49:39.134 [FXGL Background Thread 3 ] DEBUG Engine               - class com.almasb.fxgl.localization.LocalizationService
13:49:39.134 [FXGL Background Thread 3 ] DEBUG Engine               - class com.almasb.fxgl.app.services.SystemBundleService
13:49:39.134 [FXGL Background Thread 3 ] DEBUG Engine               - class com.almasb.fxgl.profile.SaveLoadService
13:49:39.134 [FXGL Background Thread 3 ] DEBUG Engine               - class com.almasb.fxgl.ui.FXGLUIFactoryServiceProvider
13:49:39.134 [FXGL Background Thread 3 ] DEBUG Engine               - class com.almasb.fxgl.ui.FXGLDialogFactoryServiceProvider
13:49:39.134 [FXGL Background Thread 3 ] DEBUG Engine               - class com.almasb.fxgl.audio.AudioPlayer
13:49:39.134 [FXGL Background Thread 3 ] DEBUG Engine               - class com.almasb.fxgl.notification.impl.NotificationServiceProvider
13:49:39.134 [FXGL Background Thread 3 ] DEBUG Engine               - class com.almasb.fxgl.achievement.AchievementService
13:49:39.134 [FXGL Background Thread 3 ] DEBUG Engine               - class com.almasb.fxgl.cutscene.CutsceneService
13:49:39.134 [FXGL Background Thread 3 ] DEBUG Engine               - class com.almasb.fxgl.minigames.MiniGameService
13:49:39.134 [FXGL Background Thread 3 ] DEBUG Engine               - class com.almasb.fxgl.net.NetService
13:49:39.134 [FXGL Background Thread 3 ] DEBUG Engine               - class com.almasb.fxgl.app.services.UpdaterService
13:49:39.134 [FXGL Background Thread 3 ] DEBUG Engine               - class com.almasb.fxgl.dev.DevService
14:06:11.022 [JavaFX Application Thread] DEBUG FXGLApplication      - Exiting FXGL
14:06:11.022 [JavaFX Application Thread] DEBUG LoopRunner           - Stopping loop
14:06:11.022 [JavaFX Application Thread] DEBUG SystemBundleService  - Saving FXGL system data
14:06:11.027 [JavaFX Application Thread] DEBUG FileSystemAccess     - Writing to: D:\documenti\Leonardo\università\anno_3\Ingegneria_del_software\Progetto\Progetto_Ing_Software\HogwartsBattle\HogwartsBattle\system\fxgl.bundle
14:06:11.029 [JavaFX Application Thread] DEBUG Async                - Shutting down background threads
14:06:11.029 [JavaFX Application Thread] DEBUG PrimaryStageWindow   - Closing main window
14:06:11.036 [JavaFX Application Thread] DEBUG Logger               - Closing Logger
