17:34:22.833 [main                     ] DEBUG Logger               - Configured Logger
17:34:22.841 [main                     ] DEBUG GameApplication      - Logging settings
Title: Harry Potter: Hogwarts Battle
Version: 2.0
Width: 1920
Height: 1080
Fullscreen: true
Intro: false
Profiling: false
Single step:false
App Mode: DEVELOPER
Menu Key: ESCAPE
Stage Style: DECORATED
Scene Factory: class com.almasb.fxgl.app.scene.SceneFactory

17:34:23.242 [JavaFX Application Thread] DEBUG FXGLApplication      - Initializing FXGL
17:34:23.244 [JavaFX Application Thread] INFO  Engine               - FXGL-21.1 (27.03.2024 07.52) on WINDOWS (J:24.0.2 FX:21.0.1)
17:34:23.244 [JavaFX Application Thread] DEBUG Engine               - JRE Vendor Name: Oracle Corporation
17:34:23.244 [JavaFX Application Thread] DEBUG Engine               - Running on OS: Windows 11 version 10.0
17:34:23.244 [JavaFX Application Thread] DEBUG Engine               - Architecture: amd64
17:34:23.244 [JavaFX Application Thread] INFO  Engine               - Source code and latest versions at: https://github.com/AlmasB/FXGL
17:34:23.244 [JavaFX Application Thread] INFO  Engine               -       Ask questions and discuss at: https://github.com/AlmasB/FXGL/discussions
17:34:23.244 [JavaFX Application Thread] INFO  Engine               -              Join the FXGL chat at: https://gitter.im/AlmasB/FXGL
17:34:23.318 [JavaFX Application Thread] DEBUG PrimaryStageWindow   - Creating a JavaFX scene
17:34:23.352 [JavaFX Application Thread] DEBUG PrimaryStageWindow   - Target settings size: 1920.0 x 1080.0
17:34:23.352 [JavaFX Application Thread] DEBUG PrimaryStageWindow   - Scaled scene size:    1920.0 x 1080.0
17:34:23.352 [JavaFX Application Thread] DEBUG PrimaryStageWindow   - Scaled ratio: (1.0, 1.0)
17:34:23.353 [JavaFX Application Thread] DEBUG PrimaryStageWindow   - Set initial scene to FXGLStartupScene
17:34:23.356 [JavaFX Application Thread] DEBUG PrimaryStageWindow   - Opening main window
17:34:23.416 [JavaFX Application Thread] DEBUG PrimaryStageWindow   - Window border size: (14.6666259765625, 37.3333740234375)
17:34:23.416 [JavaFX Application Thread] DEBUG PrimaryStageWindow   - Scaled size: 1920.0 x 1080.0
17:34:23.416 [JavaFX Application Thread] DEBUG PrimaryStageWindow   - Scaled ratio: (1.0, 1.0)
17:34:23.416 [JavaFX Application Thread] DEBUG PrimaryStageWindow   - Scene size: 1920.0 x 1080.0
17:34:23.417 [JavaFX Application Thread] DEBUG PrimaryStageWindow   - Stage size: 1934.6666259765625 x 1117.3333740234375
17:34:23.423 [FXGL Background Thread 1 ] DEBUG Engine               - Initializing environment variables
17:34:23.469 [FXGL Background Thread 1 ] DEBUG FXGLAssetLoaderServi - User app class for loading assets: class grafica.GameApp
17:34:23.470 [FXGL Background Thread 1 ] DEBUG GameApplicationServi - Applying CSS: fxgl_dark.css
17:34:23.470 [FXGL Background Thread 1 ] DEBUG FXGLAssetLoaderServi - Loading from file system: jar:file:/C:/Users/Leo/.m2/repository/com/github/almasb/fxgl/21.1/fxgl-21.1.jar!/fxglassets/ui/css/fxgl_dark.css
17:34:23.503 [FXGL Background Thread 1 ] DEBUG GameApplicationServi - Initializing application scenes
17:34:23.538 [FXGL Background Thread 1 ] DEBUG GameWorld            - Game world initialized
17:34:23.577 [FXGL Background Thread 1 ] DEBUG PhysicsWorld         - Physics world initialized: appHeight=1080, physics.ppm=50,0
17:34:23.577 [FXGL Background Thread 1 ] DEBUG PhysicsWorld         - Using strategy: BRUTE_FORCE
17:34:23.580 [FXGL Background Thread 1 ] DEBUG GameScene            - Game scene initialized: 1920x1080
17:34:23.586 [FXGL Background Thread 1 ] DEBUG FXGL.DefaultMenu     - createMenuBodyGameMenu()
17:34:23.596 [FXGL Background Thread 1 ] DEBUG FXGL.DefaultMenu     - createOptionsMenu()
17:34:23.603 [FXGL Background Thread 1 ] DEBUG FXGLAssetLoaderServi - Loading from file system: jar:file:/C:/Users/Leo/.m2/repository/com/github/almasb/fxgl/21.1/fxgl-21.1.jar!/fxglassets/textures/particles/smoke.png
17:34:23.682 [FXGL Background Thread 1 ] DEBUG FXGLAssetLoaderServi - Loading from file system: jar:file:/C:/Users/Leo/.m2/repository/com/github/almasb/fxgl/21.1/fxgl-21.1.jar!/fxglassets/textures/particles/trace_horizontal.png
17:34:23.706 [FXGL Background Thread 1 ] DEBUG GameApplicationServi - Application scenes initialized
17:34:23.715 [FXGL Background Thread 1 ] DEBUG SystemBundleService  - Loading FXGL system data
17:34:23.718 [FXGL Background Thread 1 ] DEBUG FileSystemAccess     - Reading from: D:\documenti\Leonardo\università\anno_3\Ingegneria_del_software\Progetto\Progetto_Ing_Software\HogwartsBattle\HogwartsBattle\system\fxgl.bundle
17:34:23.722 [FXGL Background Thread 1 ] DEBUG SystemBundleService  - Bundle FXGL: {}
17:34:23.722 [FXGL Background Thread 1 ] DEBUG UpdaterService       - Checking for updates
17:34:23.725 [FXGL Background Thread 4 ] DEBUG FXGLApplication      - Loading fonts
17:34:23.726 [FXGL Background Thread 4 ] DEBUG FXGLAssetLoaderServi - Loading from file system: jar:file:/C:/Users/Leo/.m2/repository/com/github/almasb/fxgl/21.1/fxgl-21.1.jar!/fxglassets/ui/fonts/VarelaRound-Regular.ttf
17:34:23.726 [FXGL Background Thread 1 ] DEBUG FXGLApplication      - Loading default localization
17:34:23.726 [FXGL Background Thread 1 ] DEBUG FXGLAssetLoaderServi - Loading from file system: jar:file:/C:/Users/Leo/.m2/repository/com/github/almasb/fxgl/21.1/fxgl-21.1.jar!/fxglassets/languages/english.lang
17:34:23.755 [FXGL Background Thread 1 ] INFO  FXGLApplication      - FXGL initialization took: 0,332 sec
17:34:23.756 [JavaFX Application Thread] DEBUG FXGLAssetLoaderServi - Loading from file system: jar:file:/C:/Users/Leo/.m2/repository/com/github/almasb/fxgl/21.1/fxgl-21.1.jar!/fxglassets/textures/fxgl_icon.png
17:34:23.761 [FXGL Background Thread 4 ] DEBUG FXGLAssetLoaderServi - Loading from file system: jar:file:/C:/Users/Leo/.m2/repository/com/github/almasb/fxgl/21.1/fxgl-21.1.jar!/fxglassets/ui/fonts/Abel-Regular.ttf
17:34:23.763 [FXGL Background Thread 4 ] DEBUG FXGLAssetLoaderServi - Loading from file system: jar:file:/C:/Users/Leo/.m2/repository/com/github/almasb/fxgl/21.1/fxgl-21.1.jar!/fxglassets/ui/fonts/TerminalLandMono-Regular.otf
17:34:23.765 [FXGL Background Thread 4 ] DEBUG FXGLAssetLoaderServi - Loading from file system: jar:file:/C:/Users/Leo/.m2/repository/com/github/almasb/fxgl/21.1/fxgl-21.1.jar!/fxglassets/ui/fonts/Courier-Prime.ttf
17:34:23.774 [JavaFX Application Thread] DEBUG FXGLAssetLoaderServi - Loading from file system: jar:file:/C:/Users/Leo/.m2/repository/com/github/almasb/fxgl/21.1/fxgl-21.1.jar!/fxglassets/textures/fxgl_default_cursor.png
17:34:23.792 [JavaFX Application Thread] DEBUG Input                - Registered new binding: Screenshot - CTRL+8
17:34:23.793 [JavaFX Application Thread] DEBUG Input                - Registered new binding: System info dump - CTRL+9
17:34:23.793 [JavaFX Application Thread] DEBUG Input                - Registered new binding: Restart - CTRL+R
17:34:23.794 [JavaFX Application Thread] DEBUG Input                - Registered new binding: Toggle Debug Camera - CTRL+7
17:34:23.797 [JavaFX Application Thread] DEBUG LoopRunner           - Starting loop
17:34:23.797 [JavaFX Application Thread] DEBUG LoopRunner           - Initializing JavaFX AnimationTimerLoop
17:34:23.798 [JavaFX Application Thread] DEBUG GameApplicationServi - Starting new game
17:34:23.798 [JavaFX Application Thread] DEBUG Input                - Clearing active input actions
17:34:23.809 [JavaFX Application Thread] DEBUG GameApplicationServi - Removing overlay from FXGLStartupScene and adding to FXGLLoadingScene
17:34:23.809 [JavaFX Application Thread] DEBUG PrimaryStageWindow   - FXGLStartupScene -> FXGLLoadingScene
17:34:23.809 [JavaFX Application Thread] DEBUG GameApplicationServi - Clearing previous game
17:34:23.809 [JavaFX Application Thread] DEBUG GameScene            - Clearing game scene
17:34:23.809 [JavaFX Application Thread] DEBUG GameWorld            - Clearing game world
17:34:23.810 [JavaFX Application Thread] DEBUG PhysicsWorld         - Clearing physics world
17:34:23.812 [FXGL Background Thread 4 ] DEBUG FXGLApplication      - Initializing game
17:34:23.827 [JavaFX Application Thread] DEBUG FXGLApplication      - Registering font factories with UI factory
17:34:23.846 [FXGL Background Thread 4 ] INFO  FXGLApplication      - Game initialization took: 0,034 sec
17:34:23.888 [JavaFX Application Thread] DEBUG Input                - Clearing active input actions
17:34:23.893 [JavaFX Application Thread] DEBUG GameApplicationServi - Removing overlay from FXGLLoadingScene and adding to GameScene
17:34:23.893 [JavaFX Application Thread] DEBUG PrimaryStageWindow   - FXGLLoadingScene -> GameScene
17:34:26.726 [FXGL Background Thread 3 ] DEBUG Engine               - Logging environment variables
17:34:26.726 [FXGL Background Thread 3 ] DEBUG Engine               - achievements: []
17:34:26.726 [FXGL Background Thread 3 ] DEBUG Engine               - actualHeight: 1080.0
17:34:26.726 [FXGL Background Thread 3 ] DEBUG Engine               - actualHeightProperty: ReadOnlyDoubleProperty [value: 1080.0]
17:34:26.726 [FXGL Background Thread 3 ] DEBUG Engine               - actualWidth: 1920.0
17:34:26.726 [FXGL Background Thread 3 ] DEBUG Engine               - actualWidthProperty: ReadOnlyDoubleProperty [value: 1920.0]
17:34:26.726 [FXGL Background Thread 3 ] DEBUG Engine               - appIcon: fxgl_icon.png
17:34:26.726 [FXGL Background Thread 3 ] DEBUG Engine               - applicationMode: DEVELOPER
17:34:26.726 [FXGL Background Thread 3 ] DEBUG Engine               - cSSList: [fxgl_dark.css]
17:34:26.726 [FXGL Background Thread 3 ] DEBUG Engine               - collisionDetectionStrategy: BRUTE_FORCE
17:34:26.726 [FXGL Background Thread 3 ] DEBUG Engine               - configClass: Optional.empty
17:34:26.726 [FXGL Background Thread 3 ] DEBUG Engine               - credits: []
17:34:26.727 [FXGL Background Thread 3 ] DEBUG Engine               - defaultCursor: CursorInfo(imageName=fxgl_default_cursor.png, hotspotX=7.0, hotspotY=6.0)
17:34:26.727 [FXGL Background Thread 3 ] DEBUG Engine               - devBBoxColorProperty: ObjectProperty [value: 0xff0000ff]
17:34:26.727 [FXGL Background Thread 3 ] DEBUG Engine               - devEnableDebugCameraProperty: BooleanProperty [value: false]
17:34:26.727 [FXGL Background Thread 3 ] DEBUG Engine               - devSensorColorProperty: ObjectProperty [value: 0xffff00ff]
17:34:26.727 [FXGL Background Thread 3 ] DEBUG Engine               - devShowBBoxProperty: BooleanProperty [value: false]
17:34:26.727 [FXGL Background Thread 3 ] DEBUG Engine               - devShowPositionProperty: BooleanProperty [value: false]
17:34:26.727 [FXGL Background Thread 3 ] DEBUG Engine               - enabledMenuItems: []
17:34:26.727 [FXGL Background Thread 3 ] DEBUG Engine               - engineServices: [class com.almasb.fxgl.app.services.FXGLAssetLoaderService, class com.almasb.fxgl.app.FXGLApplication$GameApplicationService, class com.almasb.fxgl.app.services.FXGLDialogService, class com.almasb.fxgl.app.services.IOTaskExecutorService, class com.almasb.fxgl.io.FileSystemService, class com.almasb.fxgl.localization.LocalizationService, class com.almasb.fxgl.app.services.SystemBundleService, class com.almasb.fxgl.profile.SaveLoadService, class com.almasb.fxgl.ui.FXGLUIFactoryServiceProvider, class com.almasb.fxgl.ui.FXGLDialogFactoryServiceProvider, class com.almasb.fxgl.audio.AudioPlayer, class com.almasb.fxgl.notification.impl.NotificationServiceProvider, class com.almasb.fxgl.achievement.AchievementService, class com.almasb.fxgl.cutscene.CutsceneService, class com.almasb.fxgl.minigames.MiniGameService, class com.almasb.fxgl.net.NetService, class com.almasb.fxgl.app.services.UpdaterService, class com.almasb.fxgl.dev.DevService]
17:34:26.727 [FXGL Background Thread 3 ] DEBUG Engine               - fontGame: Abel-Regular.ttf
17:34:26.727 [FXGL Background Thread 3 ] DEBUG Engine               - fontMono: TerminalLandMono-Regular.otf
17:34:26.727 [FXGL Background Thread 3 ] DEBUG Engine               - fontSizeScaleUI: 1.0
17:34:26.727 [FXGL Background Thread 3 ] DEBUG Engine               - fontText: Courier-Prime.ttf
17:34:26.727 [FXGL Background Thread 3 ] DEBUG Engine               - fontUI: VarelaRound-Regular.ttf
17:34:26.727 [FXGL Background Thread 3 ] DEBUG Engine               - fullScreen: BooleanProperty [value: false]
17:34:26.727 [FXGL Background Thread 3 ] DEBUG Engine               - gameDifficulty: MEDIUM
17:34:26.727 [FXGL Background Thread 3 ] DEBUG Engine               - gameDifficultyProperty: ObjectProperty [value: MEDIUM]
17:34:26.727 [FXGL Background Thread 3 ] DEBUG Engine               - globalMusicVolume: 0.5
17:34:26.727 [FXGL Background Thread 3 ] DEBUG Engine               - globalMusicVolumeProperty: DoubleProperty [value: 0.5]
17:34:26.727 [FXGL Background Thread 3 ] DEBUG Engine               - globalSoundVolume: 0.5
17:34:26.727 [FXGL Background Thread 3 ] DEBUG Engine               - globalSoundVolumeProperty: DoubleProperty [value: 0.5]
17:34:26.727 [FXGL Background Thread 3 ] DEBUG Engine               - height: 1080
17:34:26.727 [FXGL Background Thread 3 ] DEBUG Engine               - is3D: false
17:34:26.727 [FXGL Background Thread 3 ] DEBUG Engine               - isAndroid: false
17:34:26.727 [FXGL Background Thread 3 ] DEBUG Engine               - isBrowser: false
17:34:26.727 [FXGL Background Thread 3 ] DEBUG Engine               - isClickFeedbackEnabled: false
17:34:26.727 [FXGL Background Thread 3 ] DEBUG Engine               - isCloseConfirmation: false
17:34:26.728 [FXGL Background Thread 3 ] DEBUG Engine               - isDesktop: true
17:34:26.728 [FXGL Background Thread 3 ] DEBUG Engine               - isDeveloperMenuEnabled: false
17:34:26.728 [FXGL Background Thread 3 ] DEBUG Engine               - isEmbedded: false
17:34:26.728 [FXGL Background Thread 3 ] DEBUG Engine               - isEntityPreloadEnabled: true
17:34:26.728 [FXGL Background Thread 3 ] DEBUG Engine               - isExperimentalTiledLargeMap: false
17:34:26.728 [FXGL Background Thread 3 ] DEBUG Engine               - isFileSystemWriteAllowed: true
17:34:26.728 [FXGL Background Thread 3 ] DEBUG Engine               - isFullScreenAllowed: true
17:34:26.728 [FXGL Background Thread 3 ] DEBUG Engine               - isFullScreenFromStart: false
17:34:26.728 [FXGL Background Thread 3 ] DEBUG Engine               - isGameMenuEnabled: true
17:34:26.728 [FXGL Background Thread 3 ] DEBUG Engine               - isIOS: false
17:34:26.728 [FXGL Background Thread 3 ] DEBUG Engine               - isIntroEnabled: false
17:34:26.728 [FXGL Background Thread 3 ] DEBUG Engine               - isLinux: false
17:34:26.728 [FXGL Background Thread 3 ] DEBUG Engine               - isMac: false
17:34:26.728 [FXGL Background Thread 3 ] DEBUG Engine               - isMainMenuEnabled: false
17:34:26.728 [FXGL Background Thread 3 ] DEBUG Engine               - isManualResizeEnabled: true
17:34:26.728 [FXGL Background Thread 3 ] DEBUG Engine               - isMobile: false
17:34:26.728 [FXGL Background Thread 3 ] DEBUG Engine               - isNative: false
17:34:26.728 [FXGL Background Thread 3 ] DEBUG Engine               - isPauseMusicWhenMinimized: true
17:34:26.728 [FXGL Background Thread 3 ] DEBUG Engine               - isPreserveResizeRatio: true
17:34:26.728 [FXGL Background Thread 3 ] DEBUG Engine               - isProfilingEnabled: false
17:34:26.728 [FXGL Background Thread 3 ] DEBUG Engine               - isScaleAffectedOnResize: true
17:34:26.728 [FXGL Background Thread 3 ] DEBUG Engine               - isSingleStep: false
17:34:26.728 [FXGL Background Thread 3 ] DEBUG Engine               - isUserProfileEnabled: false
17:34:26.728 [FXGL Background Thread 3 ] DEBUG Engine               - isWindows: true
17:34:26.728 [FXGL Background Thread 3 ] DEBUG Engine               - language: ObjectProperty [value: ENGLISH]
17:34:26.728 [FXGL Background Thread 3 ] DEBUG Engine               - menuKey: ESCAPE
17:34:26.728 [FXGL Background Thread 3 ] DEBUG Engine               - mouseSensitivity: 0.2
17:34:26.728 [FXGL Background Thread 3 ] DEBUG Engine               - notificationViewClass: class com.almasb.fxgl.notification.view.XboxNotificationView
17:34:26.728 [FXGL Background Thread 3 ] DEBUG Engine               - pixelsPerMeter: 50.0
17:34:26.728 [FXGL Background Thread 3 ] DEBUG Engine               - platform: WINDOWS
17:34:26.729 [FXGL Background Thread 3 ] DEBUG Engine               - prefHeightProperty: ReadOnlyDoubleProperty [value: 1080.0]
17:34:26.729 [FXGL Background Thread 3 ] DEBUG Engine               - prefWidthProperty: ReadOnlyDoubleProperty [value: 1920.0]
17:34:26.729 [FXGL Background Thread 3 ] DEBUG Engine               - profileDir: profiles/
17:34:26.729 [FXGL Background Thread 3 ] DEBUG Engine               - profileName: StringProperty [value: DEFAULT]
17:34:26.729 [FXGL Background Thread 3 ] DEBUG Engine               - randomSeed: -1
17:34:26.729 [FXGL Background Thread 3 ] DEBUG Engine               - runtimeInfo: RuntimeInfo(platform=WINDOWS, version=21.1, build=27.03.2024 07.52)
17:34:26.729 [FXGL Background Thread 3 ] DEBUG Engine               - saveFileExt: sav
17:34:26.729 [FXGL Background Thread 3 ] DEBUG Engine               - scaledHeightProp$fxgl: DoubleProperty [bound, value: 1080.0]
17:34:26.729 [FXGL Background Thread 3 ] DEBUG Engine               - scaledWidthProp$fxgl: DoubleProperty [bound, value: 1920.0]
17:34:26.729 [FXGL Background Thread 3 ] DEBUG Engine               - sceneFactory: com.almasb.fxgl.app.scene.SceneFactory@64e23e99
17:34:26.729 [FXGL Background Thread 3 ] DEBUG Engine               - secondsIn24h: 60
17:34:26.729 [FXGL Background Thread 3 ] DEBUG Engine               - soundMenuBack: menu/back.wav
17:34:26.729 [FXGL Background Thread 3 ] DEBUG Engine               - soundMenuPress: menu/press.wav
17:34:26.729 [FXGL Background Thread 3 ] DEBUG Engine               - soundMenuSelect: menu/select.wav
17:34:26.729 [FXGL Background Thread 3 ] DEBUG Engine               - soundNotification: core/notification.wav
17:34:26.729 [FXGL Background Thread 3 ] DEBUG Engine               - stageStyle: DECORATED
17:34:26.729 [FXGL Background Thread 3 ] DEBUG Engine               - supportedLanguages: [ENGLISH, FRENCH, GERMAN, HUNGARIAN, RUSSIAN]
17:34:26.729 [FXGL Background Thread 3 ] DEBUG Engine               - ticksPerSecond: -1
17:34:26.729 [FXGL Background Thread 3 ] DEBUG Engine               - title: Harry Potter: Hogwarts Battle
17:34:26.729 [FXGL Background Thread 3 ] DEBUG Engine               - urlGithub: https://github.com/AlmasB/FXGL
17:34:26.729 [FXGL Background Thread 3 ] DEBUG Engine               - urlLeaderboard: http://fxgl-top.herokuapp.com/
17:34:26.729 [FXGL Background Thread 3 ] DEBUG Engine               - urlPOM: https://raw.githubusercontent.com/AlmasB/FXGL/release/README.md
17:34:26.729 [FXGL Background Thread 3 ] DEBUG Engine               - userAppClass: class grafica.GameApp
17:34:26.729 [FXGL Background Thread 3 ] DEBUG Engine               - version: 2.0
17:34:26.729 [FXGL Background Thread 3 ] DEBUG Engine               - versionCheckDays: 7
17:34:26.729 [FXGL Background Thread 3 ] DEBUG Engine               - width: 1920
17:34:26.729 [FXGL Background Thread 3 ] DEBUG Engine               - Logging services
17:34:26.730 [FXGL Background Thread 3 ] DEBUG Engine               - class com.almasb.fxgl.app.services.FXGLAssetLoaderService
17:34:26.730 [FXGL Background Thread 3 ] DEBUG Engine               - class com.almasb.fxgl.app.FXGLApplication$GameApplicationService
17:34:26.730 [FXGL Background Thread 3 ] DEBUG Engine               - class com.almasb.fxgl.app.services.FXGLDialogService
17:34:26.730 [FXGL Background Thread 3 ] DEBUG Engine               - class com.almasb.fxgl.app.services.IOTaskExecutorService
17:34:26.730 [FXGL Background Thread 3 ] DEBUG Engine               - class com.almasb.fxgl.io.FileSystemService
17:34:26.730 [FXGL Background Thread 3 ] DEBUG Engine               - class com.almasb.fxgl.localization.LocalizationService
17:34:26.730 [FXGL Background Thread 3 ] DEBUG Engine               - class com.almasb.fxgl.app.services.SystemBundleService
17:34:26.730 [FXGL Background Thread 3 ] DEBUG Engine               - class com.almasb.fxgl.profile.SaveLoadService
17:34:26.730 [FXGL Background Thread 3 ] DEBUG Engine               - class com.almasb.fxgl.ui.FXGLUIFactoryServiceProvider
17:34:26.730 [FXGL Background Thread 3 ] DEBUG Engine               - class com.almasb.fxgl.ui.FXGLDialogFactoryServiceProvider
17:34:26.730 [FXGL Background Thread 3 ] DEBUG Engine               - class com.almasb.fxgl.audio.AudioPlayer
17:34:26.730 [FXGL Background Thread 3 ] DEBUG Engine               - class com.almasb.fxgl.notification.impl.NotificationServiceProvider
17:34:26.730 [FXGL Background Thread 3 ] DEBUG Engine               - class com.almasb.fxgl.achievement.AchievementService
17:34:26.730 [FXGL Background Thread 3 ] DEBUG Engine               - class com.almasb.fxgl.cutscene.CutsceneService
17:34:26.730 [FXGL Background Thread 3 ] DEBUG Engine               - class com.almasb.fxgl.minigames.MiniGameService
17:34:26.730 [FXGL Background Thread 3 ] DEBUG Engine               - class com.almasb.fxgl.net.NetService
17:34:26.730 [FXGL Background Thread 3 ] DEBUG Engine               - class com.almasb.fxgl.app.services.UpdaterService
17:34:26.730 [FXGL Background Thread 3 ] DEBUG Engine               - class com.almasb.fxgl.dev.DevService
17:39:35.268 [JavaFX Application Thread] DEBUG FXGLApplication      - Exiting FXGL
17:39:35.268 [JavaFX Application Thread] DEBUG LoopRunner           - Stopping loop
17:39:35.268 [JavaFX Application Thread] DEBUG SystemBundleService  - Saving FXGL system data
17:39:35.271 [JavaFX Application Thread] DEBUG FileSystemAccess     - Writing to: D:\documenti\Leonardo\università\anno_3\Ingegneria_del_software\Progetto\Progetto_Ing_Software\HogwartsBattle\HogwartsBattle\system\fxgl.bundle
17:39:35.273 [JavaFX Application Thread] DEBUG Async                - Shutting down background threads
17:39:35.273 [JavaFX Application Thread] DEBUG PrimaryStageWindow   - Closing main window
17:39:35.282 [JavaFX Application Thread] DEBUG Logger               - Closing Logger
