16:26:11.831 [main                     ] DEBUG Logger               - Configured Logger
16:26:11.852 [main                     ] DEBUG GameApplication      - Logging settings
Title: Harry Potter: Hogwarts Battle - Deck Building Game
Version: 1.0
Width: 1920
Height: 1080
Fullscreen: true
Intro: false
Profiling: false
Single step:false
App Mode: DEVELOPER
Menu Key: ESCAPE
Stage Style: DECORATED
Scene Factory: class com.almasb.fxgl.app.scene.SceneFactory

16:26:13.058 [JavaFX Application Thread] DEBUG FXGLApplication      - Initializing FXGL
16:26:13.063 [JavaFX Application Thread] INFO  Engine               - FXGL-21.1 (27.03.2024 07.52) on WINDOWS (J:24.0.2 FX:21.0.1)
16:26:13.063 [JavaFX Application Thread] DEBUG Engine               - JRE Vendor Name: Oracle Corporation
16:26:13.063 [JavaFX Application Thread] DEBUG Engine               - Running on OS: Windows 11 version 10.0
16:26:13.064 [JavaFX Application Thread] DEBUG Engine               - Architecture: amd64
16:26:13.064 [JavaFX Application Thread] INFO  Engine               - Source code and latest versions at: https://github.com/AlmasB/FXGL
16:26:13.066 [JavaFX Application Thread] INFO  Engine               -       Ask questions and discuss at: https://github.com/AlmasB/FXGL/discussions
16:26:13.066 [JavaFX Application Thread] INFO  Engine               -              Join the FXGL chat at: https://gitter.im/AlmasB/FXGL
16:26:13.292 [JavaFX Application Thread] DEBUG PrimaryStageWindow   - Creating a JavaFX scene
16:26:13.292 [JavaFX Application Thread] DEBUG PrimaryStageWindow   - Target size > screen size
16:26:13.423 [JavaFX Application Thread] DEBUG PrimaryStageWindow   - Target settings size: 1920.0 x 1080.0
16:26:13.423 [JavaFX Application Thread] DEBUG PrimaryStageWindow   - Scaled scene size:    1255.0 x 720.0
16:26:13.424 [JavaFX Application Thread] DEBUG PrimaryStageWindow   - Scaled ratio: (0.6536458333333334, 0.6666666666666666)
16:26:13.425 [JavaFX Application Thread] DEBUG PrimaryStageWindow   - Set initial scene to FXGLStartupScene
16:26:13.432 [JavaFX Application Thread] DEBUG PrimaryStageWindow   - Opening main window
16:26:13.619 [JavaFX Application Thread] DEBUG PrimaryStageWindow   - Window border size: (15.0, 37.33331298828125)
16:26:13.619 [JavaFX Application Thread] DEBUG PrimaryStageWindow   - Scaled size: 1255.0 x 720.0
16:26:13.619 [JavaFX Application Thread] DEBUG PrimaryStageWindow   - Scaled ratio: (0.6536458333333334, 0.6666666666666666)
16:26:13.620 [JavaFX Application Thread] DEBUG PrimaryStageWindow   - Scene size: 1255.0 x 720.0
16:26:13.620 [JavaFX Application Thread] DEBUG PrimaryStageWindow   - Stage size: 1270.0 x 757.3333129882812
16:26:13.634 [FXGL Background Thread 1 ] DEBUG Engine               - Initializing environment variables
16:26:13.773 [FXGL Background Thread 1 ] DEBUG FXGLAssetLoaderServi - User app class for loading assets: class grafica.GameController
16:26:13.774 [FXGL Background Thread 1 ] DEBUG GameApplicationServi - Applying CSS: fxgl_dark.css
16:26:13.775 [FXGL Background Thread 1 ] DEBUG FXGLAssetLoaderServi - Loading from file system: jar:file:/C:/Users/Leo/.m2/repository/com/github/almasb/fxgl/21.1/fxgl-21.1.jar!/fxglassets/ui/css/fxgl_dark.css
16:26:13.875 [FXGL Background Thread 1 ] DEBUG GameApplicationServi - Initializing application scenes
16:26:13.982 [FXGL Background Thread 1 ] DEBUG GameWorld            - Game world initialized
16:26:14.095 [FXGL Background Thread 1 ] DEBUG PhysicsWorld         - Physics world initialized: appHeight=1080, physics.ppm=50,0
16:26:14.095 [FXGL Background Thread 1 ] DEBUG PhysicsWorld         - Using strategy: BRUTE_FORCE
16:26:14.100 [FXGL Background Thread 1 ] DEBUG GameScene            - Game scene initialized: 1920x1080
16:26:14.116 [FXGL Background Thread 1 ] DEBUG FXGL.DefaultMenu     - createMenuBodyGameMenu()
16:26:14.136 [FXGL Background Thread 1 ] DEBUG FXGL.DefaultMenu     - createOptionsMenu()
16:26:14.152 [FXGL Background Thread 1 ] DEBUG FXGLAssetLoaderServi - Loading from file system: jar:file:/C:/Users/Leo/.m2/repository/com/github/almasb/fxgl/21.1/fxgl-21.1.jar!/fxglassets/textures/particles/smoke.png
16:26:14.358 [FXGL Background Thread 1 ] DEBUG FXGLAssetLoaderServi - Loading from file system: jar:file:/C:/Users/Leo/.m2/repository/com/github/almasb/fxgl/21.1/fxgl-21.1.jar!/fxglassets/textures/particles/trace_horizontal.png
16:26:14.389 [FXGL Background Thread 1 ] DEBUG GameApplicationServi - Application scenes initialized
16:26:14.409 [FXGL Background Thread 1 ] DEBUG SystemBundleService  - Loading FXGL system data
16:26:14.506 [FXGL Background Thread 1 ] DEBUG FileSystemAccess     - Reading from: C:\Users\Leo\Documents\università\anno_3\Ingegneria_del_software\Progetto\Progetto_Ing_Software\HogwartsBattle\HogwartsBattle\system\fxgl.bundle
16:26:14.514 [FXGL Background Thread 1 ] DEBUG SystemBundleService  - Bundle FXGL: {}
16:26:14.514 [FXGL Background Thread 1 ] DEBUG UpdaterService       - Checking for updates
16:26:14.520 [FXGL Background Thread 4 ] DEBUG FXGLApplication      - Loading fonts
16:26:14.520 [FXGL Background Thread 4 ] DEBUG FXGLAssetLoaderServi - Loading from file system: jar:file:/C:/Users/Leo/.m2/repository/com/github/almasb/fxgl/21.1/fxgl-21.1.jar!/fxglassets/ui/fonts/VarelaRound-Regular.ttf
16:26:14.521 [FXGL Background Thread 1 ] DEBUG FXGLApplication      - Loading default localization
16:26:14.523 [FXGL Background Thread 1 ] DEBUG FXGLAssetLoaderServi - Loading from file system: jar:file:/C:/Users/Leo/.m2/repository/com/github/almasb/fxgl/21.1/fxgl-21.1.jar!/fxglassets/languages/english.lang
16:26:14.572 [FXGL Background Thread 1 ] INFO  FXGLApplication      - FXGL initialization took: 0,938 sec
16:26:14.574 [JavaFX Application Thread] DEBUG FXGLAssetLoaderServi - Loading from file system: jar:file:/C:/Users/Leo/.m2/repository/com/github/almasb/fxgl/21.1/fxgl-21.1.jar!/fxglassets/textures/fxgl_icon.png
16:26:14.638 [JavaFX Application Thread] DEBUG FXGLAssetLoaderServi - Loading from file system: jar:file:/C:/Users/Leo/.m2/repository/com/github/almasb/fxgl/21.1/fxgl-21.1.jar!/fxglassets/textures/fxgl_default_cursor.png
16:26:14.717 [FXGL Background Thread 4 ] DEBUG FXGLAssetLoaderServi - Loading from file system: jar:file:/C:/Users/Leo/.m2/repository/com/github/almasb/fxgl/21.1/fxgl-21.1.jar!/fxglassets/ui/fonts/Abel-Regular.ttf
16:26:14.726 [FXGL Background Thread 4 ] DEBUG FXGLAssetLoaderServi - Loading from file system: jar:file:/C:/Users/Leo/.m2/repository/com/github/almasb/fxgl/21.1/fxgl-21.1.jar!/fxglassets/ui/fonts/TerminalLandMono-Regular.otf
16:26:14.728 [JavaFX Application Thread] DEBUG Input                - Registered new binding: Screenshot - CTRL+8
16:26:14.734 [JavaFX Application Thread] DEBUG Input                - Registered new binding: System info dump - CTRL+9
16:26:14.736 [JavaFX Application Thread] DEBUG Input                - Registered new binding: Restart - CTRL+R
16:26:14.738 [JavaFX Application Thread] DEBUG Input                - Registered new binding: Toggle Debug Camera - CTRL+7
16:26:14.743 [FXGL Background Thread 4 ] DEBUG FXGLAssetLoaderServi - Loading from file system: jar:file:/C:/Users/Leo/.m2/repository/com/github/almasb/fxgl/21.1/fxgl-21.1.jar!/fxglassets/ui/fonts/Courier-Prime.ttf
16:26:14.747 [JavaFX Application Thread] DEBUG LoopRunner           - Starting loop
16:26:14.747 [JavaFX Application Thread] DEBUG LoopRunner           - Initializing JavaFX AnimationTimerLoop
16:26:14.753 [JavaFX Application Thread] DEBUG GameApplicationServi - Starting new game
16:26:14.753 [JavaFX Application Thread] DEBUG Input                - Clearing active input actions
16:26:14.800 [JavaFX Application Thread] DEBUG GameApplicationServi - Removing overlay from FXGLStartupScene and adding to FXGLLoadingScene
16:26:14.801 [JavaFX Application Thread] DEBUG PrimaryStageWindow   - FXGLStartupScene -> FXGLLoadingScene
16:26:14.801 [JavaFX Application Thread] DEBUG GameApplicationServi - Clearing previous game
16:26:14.801 [JavaFX Application Thread] DEBUG GameScene            - Clearing game scene
16:26:14.801 [JavaFX Application Thread] DEBUG GameWorld            - Clearing game world
16:26:14.801 [JavaFX Application Thread] DEBUG PhysicsWorld         - Clearing physics world
16:26:14.804 [FXGL Background Thread 4 ] DEBUG FXGLApplication      - Initializing game
16:26:14.985 [JavaFX Application Thread] DEBUG FXGLApplication      - Registering font factories with UI factory
16:26:15.266 [FXGL Background Thread 4 ] INFO  FXGLApplication      - Game initialization took: 0,461 sec
16:26:15.355 [JavaFX Application Thread] DEBUG Input                - Clearing active input actions
16:26:15.370 [JavaFX Application Thread] DEBUG GameApplicationServi - Removing overlay from FXGLLoadingScene and adding to GameScene
16:26:15.371 [JavaFX Application Thread] DEBUG PrimaryStageWindow   - FXGLLoadingScene -> GameScene
16:26:17.519 [FXGL Background Thread 3 ] DEBUG Engine               - Logging environment variables
16:26:17.519 [FXGL Background Thread 3 ] DEBUG Engine               - achievements: []
16:26:17.520 [FXGL Background Thread 3 ] DEBUG Engine               - actualHeight: 720.0
16:26:17.520 [FXGL Background Thread 3 ] DEBUG Engine               - actualHeightProperty: ReadOnlyDoubleProperty [value: 720.0]
16:26:17.520 [FXGL Background Thread 3 ] DEBUG Engine               - actualWidth: 1255.0
16:26:17.520 [FXGL Background Thread 3 ] DEBUG Engine               - actualWidthProperty: ReadOnlyDoubleProperty [value: 1255.0]
16:26:17.520 [FXGL Background Thread 3 ] DEBUG Engine               - appIcon: fxgl_icon.png
16:26:17.520 [FXGL Background Thread 3 ] DEBUG Engine               - applicationMode: DEVELOPER
16:26:17.520 [FXGL Background Thread 3 ] DEBUG Engine               - cSSList: [fxgl_dark.css]
16:26:17.520 [FXGL Background Thread 3 ] DEBUG Engine               - collisionDetectionStrategy: BRUTE_FORCE
16:26:17.520 [FXGL Background Thread 3 ] DEBUG Engine               - configClass: Optional.empty
16:26:17.520 [FXGL Background Thread 3 ] DEBUG Engine               - credits: []
16:26:17.520 [FXGL Background Thread 3 ] DEBUG Engine               - defaultCursor: CursorInfo(imageName=fxgl_default_cursor.png, hotspotX=7.0, hotspotY=6.0)
16:26:17.520 [FXGL Background Thread 3 ] DEBUG Engine               - devBBoxColorProperty: ObjectProperty [value: 0xff0000ff]
16:26:17.521 [FXGL Background Thread 3 ] DEBUG Engine               - devEnableDebugCameraProperty: BooleanProperty [value: false]
16:26:17.521 [FXGL Background Thread 3 ] DEBUG Engine               - devSensorColorProperty: ObjectProperty [value: 0xffff00ff]
16:26:17.521 [FXGL Background Thread 3 ] DEBUG Engine               - devShowBBoxProperty: BooleanProperty [value: false]
16:26:17.521 [FXGL Background Thread 3 ] DEBUG Engine               - devShowPositionProperty: BooleanProperty [value: false]
16:26:17.521 [FXGL Background Thread 3 ] DEBUG Engine               - enabledMenuItems: []
16:26:17.521 [FXGL Background Thread 3 ] DEBUG Engine               - engineServices: [class com.almasb.fxgl.app.services.FXGLAssetLoaderService, class com.almasb.fxgl.app.FXGLApplication$GameApplicationService, class com.almasb.fxgl.app.services.FXGLDialogService, class com.almasb.fxgl.app.services.IOTaskExecutorService, class com.almasb.fxgl.io.FileSystemService, class com.almasb.fxgl.localization.LocalizationService, class com.almasb.fxgl.app.services.SystemBundleService, class com.almasb.fxgl.profile.SaveLoadService, class com.almasb.fxgl.ui.FXGLUIFactoryServiceProvider, class com.almasb.fxgl.ui.FXGLDialogFactoryServiceProvider, class com.almasb.fxgl.audio.AudioPlayer, class com.almasb.fxgl.notification.impl.NotificationServiceProvider, class com.almasb.fxgl.achievement.AchievementService, class com.almasb.fxgl.cutscene.CutsceneService, class com.almasb.fxgl.minigames.MiniGameService, class com.almasb.fxgl.net.NetService, class com.almasb.fxgl.app.services.UpdaterService, class com.almasb.fxgl.dev.DevService]
16:26:17.521 [FXGL Background Thread 3 ] DEBUG Engine               - fontGame: Abel-Regular.ttf
16:26:17.521 [FXGL Background Thread 3 ] DEBUG Engine               - fontMono: TerminalLandMono-Regular.otf
16:26:17.521 [FXGL Background Thread 3 ] DEBUG Engine               - fontSizeScaleUI: 1.0
16:26:17.521 [FXGL Background Thread 3 ] DEBUG Engine               - fontText: Courier-Prime.ttf
16:26:17.521 [FXGL Background Thread 3 ] DEBUG Engine               - fontUI: VarelaRound-Regular.ttf
16:26:17.521 [FXGL Background Thread 3 ] DEBUG Engine               - fullScreen: BooleanProperty [value: false]
16:26:17.521 [FXGL Background Thread 3 ] DEBUG Engine               - gameDifficulty: MEDIUM
16:26:17.521 [FXGL Background Thread 3 ] DEBUG Engine               - gameDifficultyProperty: ObjectProperty [value: MEDIUM]
16:26:17.521 [FXGL Background Thread 3 ] DEBUG Engine               - globalMusicVolume: 0.5
16:26:17.521 [FXGL Background Thread 3 ] DEBUG Engine               - globalMusicVolumeProperty: DoubleProperty [value: 0.5]
16:26:17.521 [FXGL Background Thread 3 ] DEBUG Engine               - globalSoundVolume: 0.5
16:26:17.521 [FXGL Background Thread 3 ] DEBUG Engine               - globalSoundVolumeProperty: DoubleProperty [value: 0.5]
16:26:17.521 [FXGL Background Thread 3 ] DEBUG Engine               - height: 1080
16:26:17.521 [FXGL Background Thread 3 ] DEBUG Engine               - is3D: false
16:26:17.521 [FXGL Background Thread 3 ] DEBUG Engine               - isAndroid: false
16:26:17.521 [FXGL Background Thread 3 ] DEBUG Engine               - isBrowser: false
16:26:17.521 [FXGL Background Thread 3 ] DEBUG Engine               - isClickFeedbackEnabled: false
16:26:17.521 [FXGL Background Thread 3 ] DEBUG Engine               - isCloseConfirmation: false
16:26:17.521 [FXGL Background Thread 3 ] DEBUG Engine               - isDesktop: true
16:26:17.522 [FXGL Background Thread 3 ] DEBUG Engine               - isDeveloperMenuEnabled: false
16:26:17.522 [FXGL Background Thread 3 ] DEBUG Engine               - isEmbedded: false
16:26:17.522 [FXGL Background Thread 3 ] DEBUG Engine               - isEntityPreloadEnabled: true
16:26:17.522 [FXGL Background Thread 3 ] DEBUG Engine               - isExperimentalTiledLargeMap: false
16:26:17.522 [FXGL Background Thread 3 ] DEBUG Engine               - isFileSystemWriteAllowed: true
16:26:17.522 [FXGL Background Thread 3 ] DEBUG Engine               - isFullScreenAllowed: true
16:26:17.522 [FXGL Background Thread 3 ] DEBUG Engine               - isFullScreenFromStart: false
16:26:17.522 [FXGL Background Thread 3 ] DEBUG Engine               - isGameMenuEnabled: true
16:26:17.522 [FXGL Background Thread 3 ] DEBUG Engine               - isIOS: false
16:26:17.522 [FXGL Background Thread 3 ] DEBUG Engine               - isIntroEnabled: false
16:26:17.522 [FXGL Background Thread 3 ] DEBUG Engine               - isLinux: false
16:26:17.522 [FXGL Background Thread 3 ] DEBUG Engine               - isMac: false
16:26:17.522 [FXGL Background Thread 3 ] DEBUG Engine               - isMainMenuEnabled: false
16:26:17.522 [FXGL Background Thread 3 ] DEBUG Engine               - isManualResizeEnabled: true
16:26:17.522 [FXGL Background Thread 3 ] DEBUG Engine               - isMobile: false
16:26:17.522 [FXGL Background Thread 3 ] DEBUG Engine               - isNative: false
16:26:17.522 [FXGL Background Thread 3 ] DEBUG Engine               - isPauseMusicWhenMinimized: true
16:26:17.522 [FXGL Background Thread 3 ] DEBUG Engine               - isPreserveResizeRatio: false
16:26:17.522 [FXGL Background Thread 3 ] DEBUG Engine               - isProfilingEnabled: false
16:26:17.522 [FXGL Background Thread 3 ] DEBUG Engine               - isScaleAffectedOnResize: true
16:26:17.522 [FXGL Background Thread 3 ] DEBUG Engine               - isSingleStep: false
16:26:17.522 [FXGL Background Thread 3 ] DEBUG Engine               - isUserProfileEnabled: false
16:26:17.522 [FXGL Background Thread 3 ] DEBUG Engine               - isWindows: true
16:26:17.522 [FXGL Background Thread 3 ] DEBUG Engine               - language: ObjectProperty [value: ENGLISH]
16:26:17.524 [FXGL Background Thread 3 ] DEBUG Engine               - menuKey: ESCAPE
16:26:17.524 [FXGL Background Thread 3 ] DEBUG Engine               - mouseSensitivity: 0.2
16:26:17.524 [FXGL Background Thread 3 ] DEBUG Engine               - notificationViewClass: class com.almasb.fxgl.notification.view.XboxNotificationView
16:26:17.524 [FXGL Background Thread 3 ] DEBUG Engine               - pixelsPerMeter: 50.0
16:26:17.524 [FXGL Background Thread 3 ] DEBUG Engine               - platform: WINDOWS
16:26:17.524 [FXGL Background Thread 3 ] DEBUG Engine               - prefHeightProperty: ReadOnlyDoubleProperty [value: 1080.0]
16:26:17.524 [FXGL Background Thread 3 ] DEBUG Engine               - prefWidthProperty: ReadOnlyDoubleProperty [value: 1920.0]
16:26:17.524 [FXGL Background Thread 3 ] DEBUG Engine               - profileDir: profiles/
16:26:17.524 [FXGL Background Thread 3 ] DEBUG Engine               - profileName: StringProperty [value: DEFAULT]
16:26:17.524 [FXGL Background Thread 3 ] DEBUG Engine               - randomSeed: -1
16:26:17.524 [FXGL Background Thread 3 ] DEBUG Engine               - runtimeInfo: RuntimeInfo(platform=WINDOWS, version=21.1, build=27.03.2024 07.52)
16:26:17.524 [FXGL Background Thread 3 ] DEBUG Engine               - saveFileExt: sav
16:26:17.524 [FXGL Background Thread 3 ] DEBUG Engine               - scaledHeightProp$fxgl: DoubleProperty [bound, value: 720.0]
16:26:17.524 [FXGL Background Thread 3 ] DEBUG Engine               - scaledWidthProp$fxgl: DoubleProperty [bound, value: 1255.0]
16:26:17.524 [FXGL Background Thread 3 ] DEBUG Engine               - sceneFactory: com.almasb.fxgl.app.scene.SceneFactory@3c0fe7b8
16:26:17.524 [FXGL Background Thread 3 ] DEBUG Engine               - secondsIn24h: 60
16:26:17.524 [FXGL Background Thread 3 ] DEBUG Engine               - soundMenuBack: menu/back.wav
16:26:17.524 [FXGL Background Thread 3 ] DEBUG Engine               - soundMenuPress: menu/press.wav
16:26:17.524 [FXGL Background Thread 3 ] DEBUG Engine               - soundMenuSelect: menu/select.wav
16:26:17.524 [FXGL Background Thread 3 ] DEBUG Engine               - soundNotification: core/notification.wav
16:26:17.524 [FXGL Background Thread 3 ] DEBUG Engine               - stageStyle: DECORATED
16:26:17.524 [FXGL Background Thread 3 ] DEBUG Engine               - supportedLanguages: [ENGLISH, FRENCH, GERMAN, HUNGARIAN, RUSSIAN]
16:26:17.524 [FXGL Background Thread 3 ] DEBUG Engine               - ticksPerSecond: -1
16:26:17.524 [FXGL Background Thread 3 ] DEBUG Engine               - title: Harry Potter: Hogwarts Battle - Deck Building Game
16:26:17.524 [FXGL Background Thread 3 ] DEBUG Engine               - urlGithub: https://github.com/AlmasB/FXGL
16:26:17.524 [FXGL Background Thread 3 ] DEBUG Engine               - urlLeaderboard: http://fxgl-top.herokuapp.com/
16:26:17.524 [FXGL Background Thread 3 ] DEBUG Engine               - urlPOM: https://raw.githubusercontent.com/AlmasB/FXGL/release/README.md
16:26:17.524 [FXGL Background Thread 3 ] DEBUG Engine               - userAppClass: class grafica.GameController
16:26:17.524 [FXGL Background Thread 3 ] DEBUG Engine               - version: 1.0
16:26:17.524 [FXGL Background Thread 3 ] DEBUG Engine               - versionCheckDays: 7
16:26:17.524 [FXGL Background Thread 3 ] DEBUG Engine               - width: 1920
16:26:17.525 [FXGL Background Thread 3 ] DEBUG Engine               - Logging services
16:26:17.525 [FXGL Background Thread 3 ] DEBUG Engine               - class com.almasb.fxgl.app.services.FXGLAssetLoaderService
16:26:17.525 [FXGL Background Thread 3 ] DEBUG Engine               - class com.almasb.fxgl.app.FXGLApplication$GameApplicationService
16:26:17.525 [FXGL Background Thread 3 ] DEBUG Engine               - class com.almasb.fxgl.app.services.FXGLDialogService
16:26:17.525 [FXGL Background Thread 3 ] DEBUG Engine               - class com.almasb.fxgl.app.services.IOTaskExecutorService
16:26:17.525 [FXGL Background Thread 3 ] DEBUG Engine               - class com.almasb.fxgl.io.FileSystemService
16:26:17.525 [FXGL Background Thread 3 ] DEBUG Engine               - class com.almasb.fxgl.localization.LocalizationService
16:26:17.525 [FXGL Background Thread 3 ] DEBUG Engine               - class com.almasb.fxgl.app.services.SystemBundleService
16:26:17.525 [FXGL Background Thread 3 ] DEBUG Engine               - class com.almasb.fxgl.profile.SaveLoadService
16:26:17.525 [FXGL Background Thread 3 ] DEBUG Engine               - class com.almasb.fxgl.ui.FXGLUIFactoryServiceProvider
16:26:17.525 [FXGL Background Thread 3 ] DEBUG Engine               - class com.almasb.fxgl.ui.FXGLDialogFactoryServiceProvider
16:26:17.525 [FXGL Background Thread 3 ] DEBUG Engine               - class com.almasb.fxgl.audio.AudioPlayer
16:26:17.525 [FXGL Background Thread 3 ] DEBUG Engine               - class com.almasb.fxgl.notification.impl.NotificationServiceProvider
16:26:17.525 [FXGL Background Thread 3 ] DEBUG Engine               - class com.almasb.fxgl.achievement.AchievementService
16:26:17.525 [FXGL Background Thread 3 ] DEBUG Engine               - class com.almasb.fxgl.cutscene.CutsceneService
16:26:17.525 [FXGL Background Thread 3 ] DEBUG Engine               - class com.almasb.fxgl.minigames.MiniGameService
16:26:17.525 [FXGL Background Thread 3 ] DEBUG Engine               - class com.almasb.fxgl.net.NetService
16:26:17.525 [FXGL Background Thread 3 ] DEBUG Engine               - class com.almasb.fxgl.app.services.UpdaterService
16:26:17.525 [FXGL Background Thread 3 ] DEBUG Engine               - class com.almasb.fxgl.dev.DevService
16:26:32.169 [JavaFX Application Thread] DEBUG FXGLApplication      - Exiting FXGL
16:26:32.169 [JavaFX Application Thread] DEBUG LoopRunner           - Stopping loop
16:26:32.169 [JavaFX Application Thread] DEBUG SystemBundleService  - Saving FXGL system data
16:26:32.172 [JavaFX Application Thread] DEBUG FileSystemAccess     - Writing to: C:\Users\Leo\Documents\università\anno_3\Ingegneria_del_software\Progetto\Progetto_Ing_Software\HogwartsBattle\HogwartsBattle\system\fxgl.bundle
16:26:32.175 [JavaFX Application Thread] DEBUG Async                - Shutting down background threads
16:26:32.176 [JavaFX Application Thread] DEBUG PrimaryStageWindow   - Closing main window
16:26:32.189 [JavaFX Application Thread] DEBUG Logger               - Closing Logger
