17:54:09.350 [main                     ] DEBUG Logger               - Configured Logger
17:54:09.362 [main                     ] DEBUG GameApplication      - Logging settings
Title: Harry Potter: Hogwarts Battle - Deck Building Game
Version: 1.0
Width: 1920
Height: 1080
Fullscreen: true
Intro: false
Profiling: false
Single step:false
App Mode: DEVELOPER
Menu Key: ESCAPE
Stage Style: DECORATED
Scene Factory: class com.almasb.fxgl.app.scene.SceneFactory

17:54:09.853 [JavaFX Application Thread] DEBUG FXGLApplication      - Initializing FXGL
17:54:09.857 [JavaFX Application Thread] INFO  Engine               - FXGL-21.1 (27.03.2024 07.52) on WINDOWS (J:24.0.2 FX:21.0.1)
17:54:09.857 [JavaFX Application Thread] DEBUG Engine               - JRE Vendor Name: Oracle Corporation
17:54:09.857 [JavaFX Application Thread] DEBUG Engine               - Running on OS: Windows 11 version 10.0
17:54:09.857 [JavaFX Application Thread] DEBUG Engine               - Architecture: amd64
17:54:09.857 [JavaFX Application Thread] INFO  Engine               - Source code and latest versions at: https://github.com/AlmasB/FXGL
17:54:09.857 [JavaFX Application Thread] INFO  Engine               -       Ask questions and discuss at: https://github.com/AlmasB/FXGL/discussions
17:54:09.857 [JavaFX Application Thread] INFO  Engine               -              Join the FXGL chat at: https://gitter.im/AlmasB/FXGL
17:54:09.967 [JavaFX Application Thread] DEBUG PrimaryStageWindow   - Creating a JavaFX scene
17:54:09.967 [JavaFX Application Thread] DEBUG PrimaryStageWindow   - Target size > screen size
17:54:10.025 [JavaFX Application Thread] DEBUG PrimaryStageWindow   - Target settings size: 1920.0 x 1080.0
17:54:10.026 [JavaFX Application Thread] DEBUG PrimaryStageWindow   - Scaled scene size:    1255.0 x 720.0
17:54:10.026 [JavaFX Application Thread] DEBUG PrimaryStageWindow   - Scaled ratio: (0.6536458333333334, 0.6666666666666666)
17:54:10.027 [JavaFX Application Thread] DEBUG PrimaryStageWindow   - Set initial scene to FXGLStartupScene
17:54:10.035 [JavaFX Application Thread] DEBUG PrimaryStageWindow   - Opening main window
17:54:10.131 [JavaFX Application Thread] DEBUG PrimaryStageWindow   - Window border size: (15.0, 37.33331298828125)
17:54:10.131 [JavaFX Application Thread] DEBUG PrimaryStageWindow   - Scaled size: 1255.0 x 720.0
17:54:10.132 [JavaFX Application Thread] DEBUG PrimaryStageWindow   - Scaled ratio: (0.6536458333333334, 0.6666666666666666)
17:54:10.132 [JavaFX Application Thread] DEBUG PrimaryStageWindow   - Scene size: 1255.0 x 720.0
17:54:10.132 [JavaFX Application Thread] DEBUG PrimaryStageWindow   - Stage size: 1270.0 x 757.3333129882812
17:54:10.141 [FXGL Background Thread 1 ] DEBUG Engine               - Initializing environment variables
17:54:10.220 [FXGL Background Thread 1 ] DEBUG FXGLAssetLoaderServi - User app class for loading assets: class grafica.GameController
17:54:10.220 [FXGL Background Thread 1 ] DEBUG GameApplicationServi - Applying CSS: fxgl_dark.css
17:54:10.221 [FXGL Background Thread 1 ] DEBUG FXGLAssetLoaderServi - Loading from file system: jar:file:/C:/Users/Leo/.m2/repository/com/github/almasb/fxgl/21.1/fxgl-21.1.jar!/fxglassets/ui/css/fxgl_dark.css
17:54:10.283 [FXGL Background Thread 1 ] DEBUG GameApplicationServi - Initializing application scenes
17:54:10.373 [FXGL Background Thread 1 ] DEBUG GameWorld            - Game world initialized
17:54:10.435 [FXGL Background Thread 1 ] DEBUG PhysicsWorld         - Physics world initialized: appHeight=1080, physics.ppm=50,0
17:54:10.436 [FXGL Background Thread 1 ] DEBUG PhysicsWorld         - Using strategy: BRUTE_FORCE
17:54:10.440 [FXGL Background Thread 1 ] DEBUG GameScene            - Game scene initialized: 1920x1080
17:54:10.453 [FXGL Background Thread 1 ] DEBUG FXGL.DefaultMenu     - createMenuBodyGameMenu()
17:54:10.473 [FXGL Background Thread 1 ] DEBUG FXGL.DefaultMenu     - createOptionsMenu()
17:54:10.490 [FXGL Background Thread 1 ] DEBUG FXGLAssetLoaderServi - Loading from file system: jar:file:/C:/Users/Leo/.m2/repository/com/github/almasb/fxgl/21.1/fxgl-21.1.jar!/fxglassets/textures/particles/smoke.png
17:54:10.622 [FXGL Background Thread 1 ] DEBUG FXGLAssetLoaderServi - Loading from file system: jar:file:/C:/Users/Leo/.m2/repository/com/github/almasb/fxgl/21.1/fxgl-21.1.jar!/fxglassets/textures/particles/trace_horizontal.png
17:54:10.649 [FXGL Background Thread 1 ] DEBUG GameApplicationServi - Application scenes initialized
17:54:10.668 [FXGL Background Thread 1 ] DEBUG SystemBundleService  - Loading FXGL system data
17:54:10.672 [FXGL Background Thread 1 ] DEBUG FileSystemAccess     - Reading from: C:\Users\Leo\Documents\università\anno_3\Ingegneria_del_software\Progetto\Progetto_Ing_Software\HogwartsBattle\HogwartsBattle\system\fxgl.bundle
17:54:10.679 [FXGL Background Thread 1 ] DEBUG SystemBundleService  - Bundle FXGL: {}
17:54:10.679 [FXGL Background Thread 1 ] DEBUG UpdaterService       - Checking for updates
17:54:10.684 [FXGL Background Thread 4 ] DEBUG FXGLApplication      - Loading fonts
17:54:10.685 [FXGL Background Thread 4 ] DEBUG FXGLAssetLoaderServi - Loading from file system: jar:file:/C:/Users/Leo/.m2/repository/com/github/almasb/fxgl/21.1/fxgl-21.1.jar!/fxglassets/ui/fonts/VarelaRound-Regular.ttf
17:54:10.685 [FXGL Background Thread 1 ] DEBUG FXGLApplication      - Loading default localization
17:54:10.686 [FXGL Background Thread 1 ] DEBUG FXGLAssetLoaderServi - Loading from file system: jar:file:/C:/Users/Leo/.m2/repository/com/github/almasb/fxgl/21.1/fxgl-21.1.jar!/fxglassets/languages/english.lang
17:54:10.750 [FXGL Background Thread 1 ] INFO  FXGLApplication      - FXGL initialization took: 0,609 sec
17:54:10.752 [JavaFX Application Thread] DEBUG FXGLAssetLoaderServi - Loading from file system: jar:file:/C:/Users/Leo/.m2/repository/com/github/almasb/fxgl/21.1/fxgl-21.1.jar!/fxglassets/textures/fxgl_icon.png
17:54:10.774 [FXGL Background Thread 4 ] DEBUG FXGLAssetLoaderServi - Loading from file system: jar:file:/C:/Users/Leo/.m2/repository/com/github/almasb/fxgl/21.1/fxgl-21.1.jar!/fxglassets/ui/fonts/Abel-Regular.ttf
17:54:10.780 [FXGL Background Thread 4 ] DEBUG FXGLAssetLoaderServi - Loading from file system: jar:file:/C:/Users/Leo/.m2/repository/com/github/almasb/fxgl/21.1/fxgl-21.1.jar!/fxglassets/ui/fonts/TerminalLandMono-Regular.otf
17:54:10.788 [FXGL Background Thread 4 ] DEBUG FXGLAssetLoaderServi - Loading from file system: jar:file:/C:/Users/Leo/.m2/repository/com/github/almasb/fxgl/21.1/fxgl-21.1.jar!/fxglassets/ui/fonts/Courier-Prime.ttf
17:54:10.811 [JavaFX Application Thread] DEBUG FXGLAssetLoaderServi - Loading from file system: jar:file:/C:/Users/Leo/.m2/repository/com/github/almasb/fxgl/21.1/fxgl-21.1.jar!/fxglassets/textures/fxgl_default_cursor.png
17:54:10.831 [JavaFX Application Thread] DEBUG Input                - Registered new binding: Screenshot - CTRL+8
17:54:10.832 [JavaFX Application Thread] DEBUG Input                - Registered new binding: System info dump - CTRL+9
17:54:10.832 [JavaFX Application Thread] DEBUG Input                - Registered new binding: Restart - CTRL+R
17:54:10.834 [JavaFX Application Thread] DEBUG Input                - Registered new binding: Toggle Debug Camera - CTRL+7
17:54:10.840 [JavaFX Application Thread] DEBUG LoopRunner           - Starting loop
17:54:10.840 [JavaFX Application Thread] DEBUG LoopRunner           - Initializing JavaFX AnimationTimerLoop
17:54:10.843 [JavaFX Application Thread] DEBUG GameApplicationServi - Starting new game
17:54:10.844 [JavaFX Application Thread] DEBUG Input                - Clearing active input actions
17:54:10.876 [JavaFX Application Thread] DEBUG GameApplicationServi - Removing overlay from FXGLStartupScene and adding to FXGLLoadingScene
17:54:10.877 [JavaFX Application Thread] DEBUG PrimaryStageWindow   - FXGLStartupScene -> FXGLLoadingScene
17:54:10.877 [JavaFX Application Thread] DEBUG GameApplicationServi - Clearing previous game
17:54:10.877 [JavaFX Application Thread] DEBUG GameScene            - Clearing game scene
17:54:10.877 [JavaFX Application Thread] DEBUG GameWorld            - Clearing game world
17:54:10.877 [JavaFX Application Thread] DEBUG PhysicsWorld         - Clearing physics world
17:54:10.881 [FXGL Background Thread 4 ] DEBUG FXGLApplication      - Initializing game
17:54:10.885 [JavaFX Application Thread] DEBUG FXGLApplication      - Registering font factories with UI factory
17:54:11.137 [FXGL Background Thread 4 ] INFO  FXGLApplication      - Game initialization took: 0,255 sec
17:54:11.176 [JavaFX Application Thread] DEBUG Input                - Clearing active input actions
17:54:11.183 [JavaFX Application Thread] DEBUG GameApplicationServi - Removing overlay from FXGLLoadingScene and adding to GameScene
17:54:11.184 [JavaFX Application Thread] DEBUG PrimaryStageWindow   - FXGLLoadingScene -> GameScene
17:54:13.683 [FXGL Background Thread 3 ] DEBUG Engine               - Logging environment variables
17:54:13.683 [FXGL Background Thread 3 ] DEBUG Engine               - achievements: []
17:54:13.683 [FXGL Background Thread 3 ] DEBUG Engine               - actualHeight: 720.0
17:54:13.683 [FXGL Background Thread 3 ] DEBUG Engine               - actualHeightProperty: ReadOnlyDoubleProperty [value: 720.0]
17:54:13.683 [FXGL Background Thread 3 ] DEBUG Engine               - actualWidth: 1255.0
17:54:13.683 [FXGL Background Thread 3 ] DEBUG Engine               - actualWidthProperty: ReadOnlyDoubleProperty [value: 1255.0]
17:54:13.683 [FXGL Background Thread 3 ] DEBUG Engine               - appIcon: fxgl_icon.png
17:54:13.683 [FXGL Background Thread 3 ] DEBUG Engine               - applicationMode: DEVELOPER
17:54:13.683 [FXGL Background Thread 3 ] DEBUG Engine               - cSSList: [fxgl_dark.css]
17:54:13.683 [FXGL Background Thread 3 ] DEBUG Engine               - collisionDetectionStrategy: BRUTE_FORCE
17:54:13.683 [FXGL Background Thread 3 ] DEBUG Engine               - configClass: Optional.empty
17:54:13.683 [FXGL Background Thread 3 ] DEBUG Engine               - credits: []
17:54:13.685 [FXGL Background Thread 3 ] DEBUG Engine               - defaultCursor: CursorInfo(imageName=fxgl_default_cursor.png, hotspotX=7.0, hotspotY=6.0)
17:54:13.685 [FXGL Background Thread 3 ] DEBUG Engine               - devBBoxColorProperty: ObjectProperty [value: 0xff0000ff]
17:54:13.685 [FXGL Background Thread 3 ] DEBUG Engine               - devEnableDebugCameraProperty: BooleanProperty [value: false]
17:54:13.685 [FXGL Background Thread 3 ] DEBUG Engine               - devSensorColorProperty: ObjectProperty [value: 0xffff00ff]
17:54:13.685 [FXGL Background Thread 3 ] DEBUG Engine               - devShowBBoxProperty: BooleanProperty [value: false]
17:54:13.685 [FXGL Background Thread 3 ] DEBUG Engine               - devShowPositionProperty: BooleanProperty [value: false]
17:54:13.685 [FXGL Background Thread 3 ] DEBUG Engine               - enabledMenuItems: []
17:54:13.685 [FXGL Background Thread 3 ] DEBUG Engine               - engineServices: [class com.almasb.fxgl.app.services.FXGLAssetLoaderService, class com.almasb.fxgl.app.FXGLApplication$GameApplicationService, class com.almasb.fxgl.app.services.FXGLDialogService, class com.almasb.fxgl.app.services.IOTaskExecutorService, class com.almasb.fxgl.io.FileSystemService, class com.almasb.fxgl.localization.LocalizationService, class com.almasb.fxgl.app.services.SystemBundleService, class com.almasb.fxgl.profile.SaveLoadService, class com.almasb.fxgl.ui.FXGLUIFactoryServiceProvider, class com.almasb.fxgl.ui.FXGLDialogFactoryServiceProvider, class com.almasb.fxgl.audio.AudioPlayer, class com.almasb.fxgl.notification.impl.NotificationServiceProvider, class com.almasb.fxgl.achievement.AchievementService, class com.almasb.fxgl.cutscene.CutsceneService, class com.almasb.fxgl.minigames.MiniGameService, class com.almasb.fxgl.net.NetService, class com.almasb.fxgl.app.services.UpdaterService, class com.almasb.fxgl.dev.DevService]
17:54:13.685 [FXGL Background Thread 3 ] DEBUG Engine               - fontGame: Abel-Regular.ttf
17:54:13.685 [FXGL Background Thread 3 ] DEBUG Engine               - fontMono: TerminalLandMono-Regular.otf
17:54:13.686 [FXGL Background Thread 3 ] DEBUG Engine               - fontSizeScaleUI: 1.0
17:54:13.686 [FXGL Background Thread 3 ] DEBUG Engine               - fontText: Courier-Prime.ttf
17:54:13.686 [FXGL Background Thread 3 ] DEBUG Engine               - fontUI: VarelaRound-Regular.ttf
17:54:13.686 [FXGL Background Thread 3 ] DEBUG Engine               - fullScreen: BooleanProperty [value: false]
17:54:13.686 [FXGL Background Thread 3 ] DEBUG Engine               - gameDifficulty: MEDIUM
17:54:13.686 [FXGL Background Thread 3 ] DEBUG Engine               - gameDifficultyProperty: ObjectProperty [value: MEDIUM]
17:54:13.686 [FXGL Background Thread 3 ] DEBUG Engine               - globalMusicVolume: 0.5
17:54:13.686 [FXGL Background Thread 3 ] DEBUG Engine               - globalMusicVolumeProperty: DoubleProperty [value: 0.5]
17:54:13.686 [FXGL Background Thread 3 ] DEBUG Engine               - globalSoundVolume: 0.5
17:54:13.686 [FXGL Background Thread 3 ] DEBUG Engine               - globalSoundVolumeProperty: DoubleProperty [value: 0.5]
17:54:13.686 [FXGL Background Thread 3 ] DEBUG Engine               - height: 1080
17:54:13.686 [FXGL Background Thread 3 ] DEBUG Engine               - is3D: false
17:54:13.686 [FXGL Background Thread 3 ] DEBUG Engine               - isAndroid: false
17:54:13.686 [FXGL Background Thread 3 ] DEBUG Engine               - isBrowser: false
17:54:13.686 [FXGL Background Thread 3 ] DEBUG Engine               - isClickFeedbackEnabled: false
17:54:13.686 [FXGL Background Thread 3 ] DEBUG Engine               - isCloseConfirmation: false
17:54:13.686 [FXGL Background Thread 3 ] DEBUG Engine               - isDesktop: true
17:54:13.686 [FXGL Background Thread 3 ] DEBUG Engine               - isDeveloperMenuEnabled: false
17:54:13.686 [FXGL Background Thread 3 ] DEBUG Engine               - isEmbedded: false
17:54:13.686 [FXGL Background Thread 3 ] DEBUG Engine               - isEntityPreloadEnabled: true
17:54:13.686 [FXGL Background Thread 3 ] DEBUG Engine               - isExperimentalTiledLargeMap: false
17:54:13.686 [FXGL Background Thread 3 ] DEBUG Engine               - isFileSystemWriteAllowed: true
17:54:13.686 [FXGL Background Thread 3 ] DEBUG Engine               - isFullScreenAllowed: true
17:54:13.686 [FXGL Background Thread 3 ] DEBUG Engine               - isFullScreenFromStart: false
17:54:13.686 [FXGL Background Thread 3 ] DEBUG Engine               - isGameMenuEnabled: true
17:54:13.686 [FXGL Background Thread 3 ] DEBUG Engine               - isIOS: false
17:54:13.687 [FXGL Background Thread 3 ] DEBUG Engine               - isIntroEnabled: false
17:54:13.687 [FXGL Background Thread 3 ] DEBUG Engine               - isLinux: false
17:54:13.687 [FXGL Background Thread 3 ] DEBUG Engine               - isMac: false
17:54:13.687 [FXGL Background Thread 3 ] DEBUG Engine               - isMainMenuEnabled: false
17:54:13.687 [FXGL Background Thread 3 ] DEBUG Engine               - isManualResizeEnabled: true
17:54:13.687 [FXGL Background Thread 3 ] DEBUG Engine               - isMobile: false
17:54:13.687 [FXGL Background Thread 3 ] DEBUG Engine               - isNative: false
17:54:13.687 [FXGL Background Thread 3 ] DEBUG Engine               - isPauseMusicWhenMinimized: true
17:54:13.687 [FXGL Background Thread 3 ] DEBUG Engine               - isPreserveResizeRatio: false
17:54:13.687 [FXGL Background Thread 3 ] DEBUG Engine               - isProfilingEnabled: false
17:54:13.687 [FXGL Background Thread 3 ] DEBUG Engine               - isScaleAffectedOnResize: true
17:54:13.687 [FXGL Background Thread 3 ] DEBUG Engine               - isSingleStep: false
17:54:13.687 [FXGL Background Thread 3 ] DEBUG Engine               - isUserProfileEnabled: false
17:54:13.687 [FXGL Background Thread 3 ] DEBUG Engine               - isWindows: true
17:54:13.687 [FXGL Background Thread 3 ] DEBUG Engine               - language: ObjectProperty [value: ENGLISH]
17:54:13.687 [FXGL Background Thread 3 ] DEBUG Engine               - menuKey: ESCAPE
17:54:13.687 [FXGL Background Thread 3 ] DEBUG Engine               - mouseSensitivity: 0.2
17:54:13.687 [FXGL Background Thread 3 ] DEBUG Engine               - notificationViewClass: class com.almasb.fxgl.notification.view.XboxNotificationView
17:54:13.687 [FXGL Background Thread 3 ] DEBUG Engine               - pixelsPerMeter: 50.0
17:54:13.687 [FXGL Background Thread 3 ] DEBUG Engine               - platform: WINDOWS
17:54:13.687 [FXGL Background Thread 3 ] DEBUG Engine               - prefHeightProperty: ReadOnlyDoubleProperty [value: 1080.0]
17:54:13.687 [FXGL Background Thread 3 ] DEBUG Engine               - prefWidthProperty: ReadOnlyDoubleProperty [value: 1920.0]
17:54:13.687 [FXGL Background Thread 3 ] DEBUG Engine               - profileDir: profiles/
17:54:13.687 [FXGL Background Thread 3 ] DEBUG Engine               - profileName: StringProperty [value: DEFAULT]
17:54:13.687 [FXGL Background Thread 3 ] DEBUG Engine               - randomSeed: -1
17:54:13.689 [FXGL Background Thread 3 ] DEBUG Engine               - runtimeInfo: RuntimeInfo(platform=WINDOWS, version=21.1, build=27.03.2024 07.52)
17:54:13.689 [FXGL Background Thread 3 ] DEBUG Engine               - saveFileExt: sav
17:54:13.689 [FXGL Background Thread 3 ] DEBUG Engine               - scaledHeightProp$fxgl: DoubleProperty [bound, value: 720.0]
17:54:13.689 [FXGL Background Thread 3 ] DEBUG Engine               - scaledWidthProp$fxgl: DoubleProperty [bound, value: 1255.0]
17:54:13.689 [FXGL Background Thread 3 ] DEBUG Engine               - sceneFactory: com.almasb.fxgl.app.scene.SceneFactory@35186c88
17:54:13.689 [FXGL Background Thread 3 ] DEBUG Engine               - secondsIn24h: 60
17:54:13.689 [FXGL Background Thread 3 ] DEBUG Engine               - soundMenuBack: menu/back.wav
17:54:13.689 [FXGL Background Thread 3 ] DEBUG Engine               - soundMenuPress: menu/press.wav
17:54:13.689 [FXGL Background Thread 3 ] DEBUG Engine               - soundMenuSelect: menu/select.wav
17:54:13.689 [FXGL Background Thread 3 ] DEBUG Engine               - soundNotification: core/notification.wav
17:54:13.689 [FXGL Background Thread 3 ] DEBUG Engine               - stageStyle: DECORATED
17:54:13.689 [FXGL Background Thread 3 ] DEBUG Engine               - supportedLanguages: [ENGLISH, FRENCH, GERMAN, HUNGARIAN, RUSSIAN]
17:54:13.689 [FXGL Background Thread 3 ] DEBUG Engine               - ticksPerSecond: -1
17:54:13.689 [FXGL Background Thread 3 ] DEBUG Engine               - title: Harry Potter: Hogwarts Battle - Deck Building Game
17:54:13.689 [FXGL Background Thread 3 ] DEBUG Engine               - urlGithub: https://github.com/AlmasB/FXGL
17:54:13.689 [FXGL Background Thread 3 ] DEBUG Engine               - urlLeaderboard: http://fxgl-top.herokuapp.com/
17:54:13.689 [FXGL Background Thread 3 ] DEBUG Engine               - urlPOM: https://raw.githubusercontent.com/AlmasB/FXGL/release/README.md
17:54:13.689 [FXGL Background Thread 3 ] DEBUG Engine               - userAppClass: class grafica.GameController
17:54:13.689 [FXGL Background Thread 3 ] DEBUG Engine               - version: 1.0
17:54:13.689 [FXGL Background Thread 3 ] DEBUG Engine               - versionCheckDays: 7
17:54:13.689 [FXGL Background Thread 3 ] DEBUG Engine               - width: 1920
17:54:13.689 [FXGL Background Thread 3 ] DEBUG Engine               - Logging services
17:54:13.689 [FXGL Background Thread 3 ] DEBUG Engine               - class com.almasb.fxgl.app.services.FXGLAssetLoaderService
17:54:13.690 [FXGL Background Thread 3 ] DEBUG Engine               - class com.almasb.fxgl.app.FXGLApplication$GameApplicationService
17:54:13.690 [FXGL Background Thread 3 ] DEBUG Engine               - class com.almasb.fxgl.app.services.FXGLDialogService
17:54:13.690 [FXGL Background Thread 3 ] DEBUG Engine               - class com.almasb.fxgl.app.services.IOTaskExecutorService
17:54:13.690 [FXGL Background Thread 3 ] DEBUG Engine               - class com.almasb.fxgl.io.FileSystemService
17:54:13.690 [FXGL Background Thread 3 ] DEBUG Engine               - class com.almasb.fxgl.localization.LocalizationService
17:54:13.690 [FXGL Background Thread 3 ] DEBUG Engine               - class com.almasb.fxgl.app.services.SystemBundleService
17:54:13.690 [FXGL Background Thread 3 ] DEBUG Engine               - class com.almasb.fxgl.profile.SaveLoadService
17:54:13.690 [FXGL Background Thread 3 ] DEBUG Engine               - class com.almasb.fxgl.ui.FXGLUIFactoryServiceProvider
17:54:13.690 [FXGL Background Thread 3 ] DEBUG Engine               - class com.almasb.fxgl.ui.FXGLDialogFactoryServiceProvider
17:54:13.690 [FXGL Background Thread 3 ] DEBUG Engine               - class com.almasb.fxgl.audio.AudioPlayer
17:54:13.690 [FXGL Background Thread 3 ] DEBUG Engine               - class com.almasb.fxgl.notification.impl.NotificationServiceProvider
17:54:13.690 [FXGL Background Thread 3 ] DEBUG Engine               - class com.almasb.fxgl.achievement.AchievementService
17:54:13.690 [FXGL Background Thread 3 ] DEBUG Engine               - class com.almasb.fxgl.cutscene.CutsceneService
17:54:13.690 [FXGL Background Thread 3 ] DEBUG Engine               - class com.almasb.fxgl.minigames.MiniGameService
17:54:13.690 [FXGL Background Thread 3 ] DEBUG Engine               - class com.almasb.fxgl.net.NetService
17:54:13.690 [FXGL Background Thread 3 ] DEBUG Engine               - class com.almasb.fxgl.app.services.UpdaterService
17:54:13.690 [FXGL Background Thread 3 ] DEBUG Engine               - class com.almasb.fxgl.dev.DevService
18:09:14.233 [JavaFX Application Thread] DEBUG LoopRunner           - Pausing loop
18:09:43.026 [JavaFX Application Thread] DEBUG LoopRunner           - Resuming loop
18:17:30.387 [JavaFX Application Thread] DEBUG FXGLApplication      - Exiting FXGL
18:17:30.388 [JavaFX Application Thread] DEBUG LoopRunner           - Stopping loop
18:17:30.388 [JavaFX Application Thread] DEBUG SystemBundleService  - Saving FXGL system data
18:17:30.391 [JavaFX Application Thread] DEBUG FileSystemAccess     - Writing to: C:\Users\Leo\Documents\università\anno_3\Ingegneria_del_software\Progetto\Progetto_Ing_Software\HogwartsBattle\HogwartsBattle\system\fxgl.bundle
18:17:30.394 [JavaFX Application Thread] DEBUG Async                - Shutting down background threads
18:17:30.394 [JavaFX Application Thread] DEBUG PrimaryStageWindow   - Closing main window
18:17:30.406 [JavaFX Application Thread] DEBUG Logger               - Closing Logger
