21:05:46.346 [main                     ] DEBUG Logger               - Configured Logger
21:05:46.355 [main                     ] DEBUG GameApplication      - Logging settings
Title: Harry Potter: Hogwarts Battle - Deck Building Game
Version: 1.0
Width: 1920
Height: 1080
Fullscreen: true
Intro: false
Profiling: false
Single step:false
App Mode: DEVELOPER
Menu Key: ESCAPE
Stage Style: DECORATED
Scene Factory: class com.almasb.fxgl.app.scene.SceneFactory

21:05:46.832 [JavaFX Application Thread] DEBUG FXGLApplication      - Initializing FXGL
21:05:46.835 [JavaFX Application Thread] INFO  Engine               - FXGL-21.1 (27.03.2024 07.52) on WINDOWS (J:24.0.2 FX:21.0.1)
21:05:46.835 [JavaFX Application Thread] DEBUG Engine               - JRE Vendor Name: Oracle Corporation
21:05:46.835 [JavaFX Application Thread] DEBUG Engine               - Running on OS: Windows 11 version 10.0
21:05:46.835 [JavaFX Application Thread] DEBUG Engine               - Architecture: amd64
21:05:46.835 [JavaFX Application Thread] INFO  Engine               - Source code and latest versions at: https://github.com/AlmasB/FXGL
21:05:46.835 [JavaFX Application Thread] INFO  Engine               -       Ask questions and discuss at: https://github.com/AlmasB/FXGL/discussions
21:05:46.835 [JavaFX Application Thread] INFO  Engine               -              Join the FXGL chat at: https://gitter.im/AlmasB/FXGL
21:05:46.920 [JavaFX Application Thread] DEBUG PrimaryStageWindow   - Creating a JavaFX scene
21:05:46.960 [JavaFX Application Thread] DEBUG PrimaryStageWindow   - Target settings size: 1920.0 x 1080.0
21:05:46.961 [JavaFX Application Thread] DEBUG PrimaryStageWindow   - Scaled scene size:    1920.0 x 1080.0
21:05:46.961 [JavaFX Application Thread] DEBUG PrimaryStageWindow   - Scaled ratio: (1.0, 1.0)
21:05:46.961 [JavaFX Application Thread] DEBUG PrimaryStageWindow   - Set initial scene to FXGLStartupScene
21:05:46.966 [JavaFX Application Thread] DEBUG PrimaryStageWindow   - Opening main window
21:05:47.034 [JavaFX Application Thread] DEBUG PrimaryStageWindow   - Window border size: (14.6666259765625, 37.3333740234375)
21:05:47.034 [JavaFX Application Thread] DEBUG PrimaryStageWindow   - Scaled size: 1920.0 x 1080.0
21:05:47.034 [JavaFX Application Thread] DEBUG PrimaryStageWindow   - Scaled ratio: (1.0, 1.0)
21:05:47.034 [JavaFX Application Thread] DEBUG PrimaryStageWindow   - Scene size: 1920.0 x 1080.0
21:05:47.034 [JavaFX Application Thread] DEBUG PrimaryStageWindow   - Stage size: 1934.6666259765625 x 1117.3333740234375
21:05:47.040 [FXGL Background Thread 1 ] DEBUG Engine               - Initializing environment variables
21:05:47.089 [FXGL Background Thread 1 ] DEBUG FXGLAssetLoaderServi - User app class for loading assets: class grafica.GameController
21:05:47.089 [FXGL Background Thread 1 ] DEBUG GameApplicationServi - Applying CSS: fxgl_dark.css
21:05:47.090 [FXGL Background Thread 1 ] DEBUG FXGLAssetLoaderServi - Loading from file system: jar:file:/C:/Users/Leo/.m2/repository/com/github/almasb/fxgl/21.1/fxgl-21.1.jar!/fxglassets/ui/css/fxgl_dark.css
21:05:47.125 [FXGL Background Thread 1 ] DEBUG GameApplicationServi - Initializing application scenes
21:05:47.169 [FXGL Background Thread 1 ] DEBUG GameWorld            - Game world initialized
21:05:47.213 [FXGL Background Thread 1 ] DEBUG PhysicsWorld         - Physics world initialized: appHeight=1080, physics.ppm=50,0
21:05:47.213 [FXGL Background Thread 1 ] DEBUG PhysicsWorld         - Using strategy: BRUTE_FORCE
21:05:47.220 [FXGL Background Thread 1 ] DEBUG GameScene            - Game scene initialized: 1920x1080
21:05:47.228 [FXGL Background Thread 1 ] DEBUG FXGL.DefaultMenu     - createMenuBodyGameMenu()
21:05:47.239 [FXGL Background Thread 1 ] DEBUG FXGL.DefaultMenu     - createOptionsMenu()
21:05:47.248 [FXGL Background Thread 1 ] DEBUG FXGLAssetLoaderServi - Loading from file system: jar:file:/C:/Users/Leo/.m2/repository/com/github/almasb/fxgl/21.1/fxgl-21.1.jar!/fxglassets/textures/particles/smoke.png
21:05:47.331 [FXGL Background Thread 1 ] DEBUG FXGLAssetLoaderServi - Loading from file system: jar:file:/C:/Users/Leo/.m2/repository/com/github/almasb/fxgl/21.1/fxgl-21.1.jar!/fxglassets/textures/particles/trace_horizontal.png
21:05:47.352 [FXGL Background Thread 1 ] DEBUG GameApplicationServi - Application scenes initialized
21:05:47.362 [FXGL Background Thread 1 ] DEBUG SystemBundleService  - Loading FXGL system data
21:05:47.365 [FXGL Background Thread 1 ] DEBUG FileSystemAccess     - Reading from: D:\documenti\Leonardo\università\anno_3\Ingegneria_del_software\Progetto\Progetto_Ing_Software\HogwartsBattle\HogwartsBattle\system\fxgl.bundle
21:05:47.369 [FXGL Background Thread 1 ] DEBUG SystemBundleService  - Bundle FXGL: {}
21:05:47.369 [FXGL Background Thread 1 ] DEBUG UpdaterService       - Checking for updates
21:05:47.372 [FXGL Background Thread 4 ] DEBUG FXGLApplication      - Loading fonts
21:05:47.372 [FXGL Background Thread 4 ] DEBUG FXGLAssetLoaderServi - Loading from file system: jar:file:/C:/Users/Leo/.m2/repository/com/github/almasb/fxgl/21.1/fxgl-21.1.jar!/fxglassets/ui/fonts/VarelaRound-Regular.ttf
21:05:47.372 [FXGL Background Thread 1 ] DEBUG FXGLApplication      - Loading default localization
21:05:47.372 [FXGL Background Thread 1 ] DEBUG FXGLAssetLoaderServi - Loading from file system: jar:file:/C:/Users/Leo/.m2/repository/com/github/almasb/fxgl/21.1/fxgl-21.1.jar!/fxglassets/languages/english.lang
21:05:47.400 [FXGL Background Thread 1 ] INFO  FXGLApplication      - FXGL initialization took: 0,361 sec
21:05:47.402 [JavaFX Application Thread] DEBUG FXGLAssetLoaderServi - Loading from file system: jar:file:/C:/Users/Leo/.m2/repository/com/github/almasb/fxgl/21.1/fxgl-21.1.jar!/fxglassets/textures/fxgl_icon.png
21:05:47.412 [FXGL Background Thread 4 ] DEBUG FXGLAssetLoaderServi - Loading from file system: jar:file:/C:/Users/Leo/.m2/repository/com/github/almasb/fxgl/21.1/fxgl-21.1.jar!/fxglassets/ui/fonts/Abel-Regular.ttf
21:05:47.414 [FXGL Background Thread 4 ] DEBUG FXGLAssetLoaderServi - Loading from file system: jar:file:/C:/Users/Leo/.m2/repository/com/github/almasb/fxgl/21.1/fxgl-21.1.jar!/fxglassets/ui/fonts/TerminalLandMono-Regular.otf
21:05:47.416 [FXGL Background Thread 4 ] DEBUG FXGLAssetLoaderServi - Loading from file system: jar:file:/C:/Users/Leo/.m2/repository/com/github/almasb/fxgl/21.1/fxgl-21.1.jar!/fxglassets/ui/fonts/Courier-Prime.ttf
21:05:47.428 [JavaFX Application Thread] DEBUG FXGLAssetLoaderServi - Loading from file system: jar:file:/C:/Users/Leo/.m2/repository/com/github/almasb/fxgl/21.1/fxgl-21.1.jar!/fxglassets/textures/fxgl_default_cursor.png
21:05:47.442 [JavaFX Application Thread] DEBUG Input                - Registered new binding: Screenshot - CTRL+8
21:05:47.442 [JavaFX Application Thread] DEBUG Input                - Registered new binding: System info dump - CTRL+9
21:05:47.444 [JavaFX Application Thread] DEBUG Input                - Registered new binding: Restart - CTRL+R
21:05:47.444 [JavaFX Application Thread] DEBUG Input                - Registered new binding: Toggle Debug Camera - CTRL+7
21:05:47.447 [JavaFX Application Thread] DEBUG LoopRunner           - Starting loop
21:05:47.447 [JavaFX Application Thread] DEBUG LoopRunner           - Initializing JavaFX AnimationTimerLoop
21:05:47.449 [JavaFX Application Thread] DEBUG GameApplicationServi - Starting new game
21:05:47.449 [JavaFX Application Thread] DEBUG Input                - Clearing active input actions
21:05:47.461 [JavaFX Application Thread] DEBUG GameApplicationServi - Removing overlay from FXGLStartupScene and adding to FXGLLoadingScene
21:05:47.461 [JavaFX Application Thread] DEBUG PrimaryStageWindow   - FXGLStartupScene -> FXGLLoadingScene
21:05:47.461 [JavaFX Application Thread] DEBUG GameApplicationServi - Clearing previous game
21:05:47.461 [JavaFX Application Thread] DEBUG GameScene            - Clearing game scene
21:05:47.461 [JavaFX Application Thread] DEBUG GameWorld            - Clearing game world
21:05:47.461 [JavaFX Application Thread] DEBUG PhysicsWorld         - Clearing physics world
21:05:47.464 [FXGL Background Thread 4 ] DEBUG FXGLApplication      - Initializing game
21:05:47.465 [JavaFX Application Thread] DEBUG FXGLApplication      - Registering font factories with UI factory
21:05:47.688 [FXGL Background Thread 4 ] INFO  FXGLApplication      - Game initialization took: 0,224 sec
21:05:47.688 [JavaFX Application Thread] DEBUG Input                - Clearing active input actions
21:05:47.693 [JavaFX Application Thread] DEBUG GameApplicationServi - Removing overlay from FXGLLoadingScene and adding to GameScene
21:05:47.693 [JavaFX Application Thread] DEBUG PrimaryStageWindow   - FXGLLoadingScene -> GameScene
21:05:50.372 [FXGL Background Thread 3 ] DEBUG Engine               - Logging environment variables
21:05:50.372 [FXGL Background Thread 3 ] DEBUG Engine               - achievements: []
21:05:50.372 [FXGL Background Thread 3 ] DEBUG Engine               - actualHeight: 1080.0
21:05:50.372 [FXGL Background Thread 3 ] DEBUG Engine               - actualHeightProperty: ReadOnlyDoubleProperty [value: 1080.0]
21:05:50.372 [FXGL Background Thread 3 ] DEBUG Engine               - actualWidth: 1920.0
21:05:50.372 [FXGL Background Thread 3 ] DEBUG Engine               - actualWidthProperty: ReadOnlyDoubleProperty [value: 1920.0]
21:05:50.372 [FXGL Background Thread 3 ] DEBUG Engine               - appIcon: fxgl_icon.png
21:05:50.372 [FXGL Background Thread 3 ] DEBUG Engine               - applicationMode: DEVELOPER
21:05:50.372 [FXGL Background Thread 3 ] DEBUG Engine               - cSSList: [fxgl_dark.css]
21:05:50.372 [FXGL Background Thread 3 ] DEBUG Engine               - collisionDetectionStrategy: BRUTE_FORCE
21:05:50.372 [FXGL Background Thread 3 ] DEBUG Engine               - configClass: Optional.empty
21:05:50.373 [FXGL Background Thread 3 ] DEBUG Engine               - credits: []
21:05:50.373 [FXGL Background Thread 3 ] DEBUG Engine               - defaultCursor: CursorInfo(imageName=fxgl_default_cursor.png, hotspotX=7.0, hotspotY=6.0)
21:05:50.373 [FXGL Background Thread 3 ] DEBUG Engine               - devBBoxColorProperty: ObjectProperty [value: 0xff0000ff]
21:05:50.373 [FXGL Background Thread 3 ] DEBUG Engine               - devEnableDebugCameraProperty: BooleanProperty [value: false]
21:05:50.373 [FXGL Background Thread 3 ] DEBUG Engine               - devSensorColorProperty: ObjectProperty [value: 0xffff00ff]
21:05:50.373 [FXGL Background Thread 3 ] DEBUG Engine               - devShowBBoxProperty: BooleanProperty [value: false]
21:05:50.373 [FXGL Background Thread 3 ] DEBUG Engine               - devShowPositionProperty: BooleanProperty [value: false]
21:05:50.373 [FXGL Background Thread 3 ] DEBUG Engine               - enabledMenuItems: []
21:05:50.373 [FXGL Background Thread 3 ] DEBUG Engine               - engineServices: [class com.almasb.fxgl.app.services.FXGLAssetLoaderService, class com.almasb.fxgl.app.FXGLApplication$GameApplicationService, class com.almasb.fxgl.app.services.FXGLDialogService, class com.almasb.fxgl.app.services.IOTaskExecutorService, class com.almasb.fxgl.io.FileSystemService, class com.almasb.fxgl.localization.LocalizationService, class com.almasb.fxgl.app.services.SystemBundleService, class com.almasb.fxgl.profile.SaveLoadService, class com.almasb.fxgl.ui.FXGLUIFactoryServiceProvider, class com.almasb.fxgl.ui.FXGLDialogFactoryServiceProvider, class com.almasb.fxgl.audio.AudioPlayer, class com.almasb.fxgl.notification.impl.NotificationServiceProvider, class com.almasb.fxgl.achievement.AchievementService, class com.almasb.fxgl.cutscene.CutsceneService, class com.almasb.fxgl.minigames.MiniGameService, class com.almasb.fxgl.net.NetService, class com.almasb.fxgl.app.services.UpdaterService, class com.almasb.fxgl.dev.DevService]
21:05:50.373 [FXGL Background Thread 3 ] DEBUG Engine               - fontGame: Abel-Regular.ttf
21:05:50.373 [FXGL Background Thread 3 ] DEBUG Engine               - fontMono: TerminalLandMono-Regular.otf
21:05:50.373 [FXGL Background Thread 3 ] DEBUG Engine               - fontSizeScaleUI: 1.0
21:05:50.373 [FXGL Background Thread 3 ] DEBUG Engine               - fontText: Courier-Prime.ttf
21:05:50.373 [FXGL Background Thread 3 ] DEBUG Engine               - fontUI: VarelaRound-Regular.ttf
21:05:50.373 [FXGL Background Thread 3 ] DEBUG Engine               - fullScreen: BooleanProperty [value: false]
21:05:50.373 [FXGL Background Thread 3 ] DEBUG Engine               - gameDifficulty: MEDIUM
21:05:50.373 [FXGL Background Thread 3 ] DEBUG Engine               - gameDifficultyProperty: ObjectProperty [value: MEDIUM]
21:05:50.373 [FXGL Background Thread 3 ] DEBUG Engine               - globalMusicVolume: 0.5
21:05:50.373 [FXGL Background Thread 3 ] DEBUG Engine               - globalMusicVolumeProperty: DoubleProperty [value: 0.5]
21:05:50.373 [FXGL Background Thread 3 ] DEBUG Engine               - globalSoundVolume: 0.5
21:05:50.373 [FXGL Background Thread 3 ] DEBUG Engine               - globalSoundVolumeProperty: DoubleProperty [value: 0.5]
21:05:50.373 [FXGL Background Thread 3 ] DEBUG Engine               - height: 1080
21:05:50.374 [FXGL Background Thread 3 ] DEBUG Engine               - is3D: false
21:05:50.374 [FXGL Background Thread 3 ] DEBUG Engine               - isAndroid: false
21:05:50.374 [FXGL Background Thread 3 ] DEBUG Engine               - isBrowser: false
21:05:50.374 [FXGL Background Thread 3 ] DEBUG Engine               - isClickFeedbackEnabled: false
21:05:50.374 [FXGL Background Thread 3 ] DEBUG Engine               - isCloseConfirmation: false
21:05:50.374 [FXGL Background Thread 3 ] DEBUG Engine               - isDesktop: true
21:05:50.374 [FXGL Background Thread 3 ] DEBUG Engine               - isDeveloperMenuEnabled: false
21:05:50.374 [FXGL Background Thread 3 ] DEBUG Engine               - isEmbedded: false
21:05:50.374 [FXGL Background Thread 3 ] DEBUG Engine               - isEntityPreloadEnabled: true
21:05:50.374 [FXGL Background Thread 3 ] DEBUG Engine               - isExperimentalTiledLargeMap: false
21:05:50.374 [FXGL Background Thread 3 ] DEBUG Engine               - isFileSystemWriteAllowed: true
21:05:50.374 [FXGL Background Thread 3 ] DEBUG Engine               - isFullScreenAllowed: true
21:05:50.374 [FXGL Background Thread 3 ] DEBUG Engine               - isFullScreenFromStart: false
21:05:50.374 [FXGL Background Thread 3 ] DEBUG Engine               - isGameMenuEnabled: true
21:05:50.374 [FXGL Background Thread 3 ] DEBUG Engine               - isIOS: false
21:05:50.374 [FXGL Background Thread 3 ] DEBUG Engine               - isIntroEnabled: false
21:05:50.374 [FXGL Background Thread 3 ] DEBUG Engine               - isLinux: false
21:05:50.374 [FXGL Background Thread 3 ] DEBUG Engine               - isMac: false
21:05:50.374 [FXGL Background Thread 3 ] DEBUG Engine               - isMainMenuEnabled: false
21:05:50.374 [FXGL Background Thread 3 ] DEBUG Engine               - isManualResizeEnabled: true
21:05:50.374 [FXGL Background Thread 3 ] DEBUG Engine               - isMobile: false
21:05:50.374 [FXGL Background Thread 3 ] DEBUG Engine               - isNative: false
21:05:50.374 [FXGL Background Thread 3 ] DEBUG Engine               - isPauseMusicWhenMinimized: true
21:05:50.374 [FXGL Background Thread 3 ] DEBUG Engine               - isPreserveResizeRatio: false
21:05:50.374 [FXGL Background Thread 3 ] DEBUG Engine               - isProfilingEnabled: false
21:05:50.374 [FXGL Background Thread 3 ] DEBUG Engine               - isScaleAffectedOnResize: true
21:05:50.375 [FXGL Background Thread 3 ] DEBUG Engine               - isSingleStep: false
21:05:50.375 [FXGL Background Thread 3 ] DEBUG Engine               - isUserProfileEnabled: false
21:05:50.375 [FXGL Background Thread 3 ] DEBUG Engine               - isWindows: true
21:05:50.375 [FXGL Background Thread 3 ] DEBUG Engine               - language: ObjectProperty [value: ENGLISH]
21:05:50.375 [FXGL Background Thread 3 ] DEBUG Engine               - menuKey: ESCAPE
21:05:50.375 [FXGL Background Thread 3 ] DEBUG Engine               - mouseSensitivity: 0.2
21:05:50.375 [FXGL Background Thread 3 ] DEBUG Engine               - notificationViewClass: class com.almasb.fxgl.notification.view.XboxNotificationView
21:05:50.375 [FXGL Background Thread 3 ] DEBUG Engine               - pixelsPerMeter: 50.0
21:05:50.375 [FXGL Background Thread 3 ] DEBUG Engine               - platform: WINDOWS
21:05:50.375 [FXGL Background Thread 3 ] DEBUG Engine               - prefHeightProperty: ReadOnlyDoubleProperty [value: 1080.0]
21:05:50.375 [FXGL Background Thread 3 ] DEBUG Engine               - prefWidthProperty: ReadOnlyDoubleProperty [value: 1920.0]
21:05:50.375 [FXGL Background Thread 3 ] DEBUG Engine               - profileDir: profiles/
21:05:50.375 [FXGL Background Thread 3 ] DEBUG Engine               - profileName: StringProperty [value: DEFAULT]
21:05:50.375 [FXGL Background Thread 3 ] DEBUG Engine               - randomSeed: -1
21:05:50.375 [FXGL Background Thread 3 ] DEBUG Engine               - runtimeInfo: RuntimeInfo(platform=WINDOWS, version=21.1, build=27.03.2024 07.52)
21:05:50.375 [FXGL Background Thread 3 ] DEBUG Engine               - saveFileExt: sav
21:05:50.375 [FXGL Background Thread 3 ] DEBUG Engine               - scaledHeightProp$fxgl: DoubleProperty [bound, value: 1080.0]
21:05:50.375 [FXGL Background Thread 3 ] DEBUG Engine               - scaledWidthProp$fxgl: DoubleProperty [bound, value: 1920.0]
21:05:50.375 [FXGL Background Thread 3 ] DEBUG Engine               - sceneFactory: com.almasb.fxgl.app.scene.SceneFactory@3471c938
21:05:50.375 [FXGL Background Thread 3 ] DEBUG Engine               - secondsIn24h: 60
21:05:50.375 [FXGL Background Thread 3 ] DEBUG Engine               - soundMenuBack: menu/back.wav
21:05:50.375 [FXGL Background Thread 3 ] DEBUG Engine               - soundMenuPress: menu/press.wav
21:05:50.375 [FXGL Background Thread 3 ] DEBUG Engine               - soundMenuSelect: menu/select.wav
21:05:50.375 [FXGL Background Thread 3 ] DEBUG Engine               - soundNotification: core/notification.wav
21:05:50.375 [FXGL Background Thread 3 ] DEBUG Engine               - stageStyle: DECORATED
21:05:50.375 [FXGL Background Thread 3 ] DEBUG Engine               - supportedLanguages: [ENGLISH, FRENCH, GERMAN, HUNGARIAN, RUSSIAN]
21:05:50.375 [FXGL Background Thread 3 ] DEBUG Engine               - ticksPerSecond: -1
21:05:50.375 [FXGL Background Thread 3 ] DEBUG Engine               - title: Harry Potter: Hogwarts Battle - Deck Building Game
21:05:50.375 [FXGL Background Thread 3 ] DEBUG Engine               - urlGithub: https://github.com/AlmasB/FXGL
21:05:50.375 [FXGL Background Thread 3 ] DEBUG Engine               - urlLeaderboard: http://fxgl-top.herokuapp.com/
21:05:50.375 [FXGL Background Thread 3 ] DEBUG Engine               - urlPOM: https://raw.githubusercontent.com/AlmasB/FXGL/release/README.md
21:05:50.375 [FXGL Background Thread 3 ] DEBUG Engine               - userAppClass: class grafica.GameController
21:05:50.375 [FXGL Background Thread 3 ] DEBUG Engine               - version: 1.0
21:05:50.375 [FXGL Background Thread 3 ] DEBUG Engine               - versionCheckDays: 7
21:05:50.375 [FXGL Background Thread 3 ] DEBUG Engine               - width: 1920
21:05:50.376 [FXGL Background Thread 3 ] DEBUG Engine               - Logging services
21:05:50.376 [FXGL Background Thread 3 ] DEBUG Engine               - class com.almasb.fxgl.app.services.FXGLAssetLoaderService
21:05:50.376 [FXGL Background Thread 3 ] DEBUG Engine               - class com.almasb.fxgl.app.FXGLApplication$GameApplicationService
21:05:50.376 [FXGL Background Thread 3 ] DEBUG Engine               - class com.almasb.fxgl.app.services.FXGLDialogService
21:05:50.376 [FXGL Background Thread 3 ] DEBUG Engine               - class com.almasb.fxgl.app.services.IOTaskExecutorService
21:05:50.376 [FXGL Background Thread 3 ] DEBUG Engine               - class com.almasb.fxgl.io.FileSystemService
21:05:50.376 [FXGL Background Thread 3 ] DEBUG Engine               - class com.almasb.fxgl.localization.LocalizationService
21:05:50.376 [FXGL Background Thread 3 ] DEBUG Engine               - class com.almasb.fxgl.app.services.SystemBundleService
21:05:50.376 [FXGL Background Thread 3 ] DEBUG Engine               - class com.almasb.fxgl.profile.SaveLoadService
21:05:50.376 [FXGL Background Thread 3 ] DEBUG Engine               - class com.almasb.fxgl.ui.FXGLUIFactoryServiceProvider
21:05:50.376 [FXGL Background Thread 3 ] DEBUG Engine               - class com.almasb.fxgl.ui.FXGLDialogFactoryServiceProvider
21:05:50.376 [FXGL Background Thread 3 ] DEBUG Engine               - class com.almasb.fxgl.audio.AudioPlayer
21:05:50.376 [FXGL Background Thread 3 ] DEBUG Engine               - class com.almasb.fxgl.notification.impl.NotificationServiceProvider
21:05:50.376 [FXGL Background Thread 3 ] DEBUG Engine               - class com.almasb.fxgl.achievement.AchievementService
21:05:50.376 [FXGL Background Thread 3 ] DEBUG Engine               - class com.almasb.fxgl.cutscene.CutsceneService
21:05:50.376 [FXGL Background Thread 3 ] DEBUG Engine               - class com.almasb.fxgl.minigames.MiniGameService
21:05:50.376 [FXGL Background Thread 3 ] DEBUG Engine               - class com.almasb.fxgl.net.NetService
21:05:50.376 [FXGL Background Thread 3 ] DEBUG Engine               - class com.almasb.fxgl.app.services.UpdaterService
21:05:50.376 [FXGL Background Thread 3 ] DEBUG Engine               - class com.almasb.fxgl.dev.DevService
21:07:40.453 [JavaFX Application Thread] DEBUG PrimaryStageWindow   - Push state: FXGLDefaultMenu
21:07:40.459 [JavaFX Application Thread] DEBUG Input                - Clearing active input actions
21:07:40.459 [JavaFX Application Thread] DEBUG GameApplicationServi - Removing overlay from GameScene and adding to FXGLDefaultMenu
21:07:40.459 [JavaFX Application Thread] DEBUG PrimaryStageWindow   - GameScene -> FXGLDefaultMenu
21:07:46.187 [JavaFX Application Thread] DEBUG Menu                 - fireExit()
21:07:46.188 [JavaFX Application Thread] DEBUG PrimaryStageWindow   - Push state: DialogSubScene
21:07:46.188 [JavaFX Application Thread] DEBUG Input                - Clearing active input actions
21:07:46.189 [JavaFX Application Thread] DEBUG GameApplicationServi - Removing overlay from FXGLDefaultMenu and adding to DialogSubScene
21:07:46.189 [JavaFX Application Thread] DEBUG PrimaryStageWindow   - FXGLDefaultMenu -> DialogSubScene
21:07:47.460 [JavaFX Application Thread] DEBUG PrimaryStageWindow   - Pop state: DialogSubScene
21:07:47.460 [JavaFX Application Thread] DEBUG Input                - Clearing active input actions
21:07:47.460 [JavaFX Application Thread] DEBUG GameApplicationServi - Removing overlay from DialogSubScene and adding to FXGLDefaultMenu
21:07:47.460 [JavaFX Application Thread] DEBUG PrimaryStageWindow   - FXGLDefaultMenu <- DialogSubScene
21:07:47.460 [JavaFX Application Thread] DEBUG FXGLApplication      - Exiting FXGL
21:07:47.460 [JavaFX Application Thread] DEBUG LoopRunner           - Stopping loop
21:07:47.461 [JavaFX Application Thread] DEBUG SystemBundleService  - Saving FXGL system data
21:07:47.461 [JavaFX Application Thread] DEBUG FileSystemAccess     - Writing to: D:\documenti\Leonardo\università\anno_3\Ingegneria_del_software\Progetto\Progetto_Ing_Software\HogwartsBattle\HogwartsBattle\system\fxgl.bundle
21:07:47.463 [JavaFX Application Thread] DEBUG Async                - Shutting down background threads
21:07:47.463 [JavaFX Application Thread] DEBUG PrimaryStageWindow   - Closing main window
21:07:47.469 [JavaFX Application Thread] DEBUG Logger               - Closing Logger
