20:37:01.190 [main                     ] DEBUG Logger               - Configured Logger
20:37:01.199 [main                     ] DEBUG GameApplication      - Logging settings
Title: Harry Potter: Hogwarts Battle - Deck Building Game
Version: 1.0
Width: 1920
Height: 1080
Fullscreen: true
Intro: false
Profiling: false
Single step:false
App Mode: DEVELOPER
Menu Key: ESCAPE
Stage Style: DECORATED
Scene Factory: class com.almasb.fxgl.app.scene.SceneFactory

20:37:01.654 [JavaFX Application Thread] DEBUG FXGLApplication      - Initializing FXGL
20:37:01.656 [JavaFX Application Thread] INFO  Engine               - FXGL-21.1 (27.03.2024 07.52) on WINDOWS (J:24.0.2 FX:21.0.1)
20:37:01.656 [JavaFX Application Thread] DEBUG Engine               - JRE Vendor Name: Oracle Corporation
20:37:01.656 [JavaFX Application Thread] DEBUG Engine               - Running on OS: Windows 11 version 10.0
20:37:01.656 [JavaFX Application Thread] DEBUG Engine               - Architecture: amd64
20:37:01.657 [JavaFX Application Thread] INFO  Engine               - Source code and latest versions at: https://github.com/AlmasB/FXGL
20:37:01.657 [JavaFX Application Thread] INFO  Engine               -       Ask questions and discuss at: https://github.com/AlmasB/FXGL/discussions
20:37:01.657 [JavaFX Application Thread] INFO  Engine               -              Join the FXGL chat at: https://gitter.im/AlmasB/FXGL
20:37:01.738 [JavaFX Application Thread] DEBUG PrimaryStageWindow   - Creating a JavaFX scene
20:37:01.783 [JavaFX Application Thread] DEBUG PrimaryStageWindow   - Target settings size: 1920.0 x 1080.0
20:37:01.783 [JavaFX Application Thread] DEBUG PrimaryStageWindow   - Scaled scene size:    1920.0 x 1080.0
20:37:01.783 [JavaFX Application Thread] DEBUG PrimaryStageWindow   - Scaled ratio: (1.0, 1.0)
20:37:01.784 [JavaFX Application Thread] DEBUG PrimaryStageWindow   - Set initial scene to FXGLStartupScene
20:37:01.788 [JavaFX Application Thread] DEBUG PrimaryStageWindow   - Opening main window
20:37:01.856 [JavaFX Application Thread] DEBUG PrimaryStageWindow   - Window border size: (14.6666259765625, 37.3333740234375)
20:37:01.856 [JavaFX Application Thread] DEBUG PrimaryStageWindow   - Scaled size: 1920.0 x 1080.0
20:37:01.856 [JavaFX Application Thread] DEBUG PrimaryStageWindow   - Scaled ratio: (1.0, 1.0)
20:37:01.856 [JavaFX Application Thread] DEBUG PrimaryStageWindow   - Scene size: 1920.0 x 1080.0
20:37:01.856 [JavaFX Application Thread] DEBUG PrimaryStageWindow   - Stage size: 1934.6666259765625 x 1117.3333740234375
20:37:01.863 [FXGL Background Thread 1 ] DEBUG Engine               - Initializing environment variables
20:37:01.916 [FXGL Background Thread 1 ] DEBUG FXGLAssetLoaderServi - User app class for loading assets: class grafica.GameController
20:37:01.917 [FXGL Background Thread 1 ] DEBUG GameApplicationServi - Applying CSS: fxgl_dark.css
20:37:01.917 [FXGL Background Thread 1 ] DEBUG FXGLAssetLoaderServi - Loading from file system: jar:file:/C:/Users/Leo/.m2/repository/com/github/almasb/fxgl/21.1/fxgl-21.1.jar!/fxglassets/ui/css/fxgl_dark.css
20:37:01.950 [FXGL Background Thread 1 ] DEBUG GameApplicationServi - Initializing application scenes
20:37:01.988 [FXGL Background Thread 1 ] DEBUG GameWorld            - Game world initialized
20:37:02.037 [FXGL Background Thread 1 ] DEBUG PhysicsWorld         - Physics world initialized: appHeight=1080, physics.ppm=50,0
20:37:02.037 [FXGL Background Thread 1 ] DEBUG PhysicsWorld         - Using strategy: BRUTE_FORCE
20:37:02.040 [FXGL Background Thread 1 ] DEBUG GameScene            - Game scene initialized: 1920x1080
20:37:02.047 [FXGL Background Thread 1 ] DEBUG FXGL.DefaultMenu     - createMenuBodyGameMenu()
20:37:02.057 [FXGL Background Thread 1 ] DEBUG FXGL.DefaultMenu     - createOptionsMenu()
20:37:02.065 [FXGL Background Thread 1 ] DEBUG FXGLAssetLoaderServi - Loading from file system: jar:file:/C:/Users/Leo/.m2/repository/com/github/almasb/fxgl/21.1/fxgl-21.1.jar!/fxglassets/textures/particles/smoke.png
20:37:02.158 [FXGL Background Thread 1 ] DEBUG FXGLAssetLoaderServi - Loading from file system: jar:file:/C:/Users/Leo/.m2/repository/com/github/almasb/fxgl/21.1/fxgl-21.1.jar!/fxglassets/textures/particles/trace_horizontal.png
20:37:02.189 [FXGL Background Thread 1 ] DEBUG GameApplicationServi - Application scenes initialized
20:37:02.198 [FXGL Background Thread 1 ] DEBUG SystemBundleService  - Loading FXGL system data
20:37:02.207 [FXGL Background Thread 1 ] DEBUG FileSystemAccess     - Reading from: D:\documenti\Leonardo\università\anno_3\Ingegneria_del_software\Progetto\Progetto_Ing_Software\HogwartsBattle\HogwartsBattle\system\fxgl.bundle
20:37:02.211 [FXGL Background Thread 1 ] DEBUG SystemBundleService  - Bundle FXGL: {}
20:37:02.211 [FXGL Background Thread 1 ] DEBUG UpdaterService       - Checking for updates
20:37:02.214 [FXGL Background Thread 4 ] DEBUG FXGLApplication      - Loading fonts
20:37:02.214 [FXGL Background Thread 4 ] DEBUG FXGLAssetLoaderServi - Loading from file system: jar:file:/C:/Users/Leo/.m2/repository/com/github/almasb/fxgl/21.1/fxgl-21.1.jar!/fxglassets/ui/fonts/VarelaRound-Regular.ttf
20:37:02.215 [FXGL Background Thread 1 ] DEBUG FXGLApplication      - Loading default localization
20:37:02.215 [FXGL Background Thread 1 ] DEBUG FXGLAssetLoaderServi - Loading from file system: jar:file:/C:/Users/Leo/.m2/repository/com/github/almasb/fxgl/21.1/fxgl-21.1.jar!/fxglassets/languages/english.lang
20:37:02.244 [FXGL Background Thread 1 ] INFO  FXGLApplication      - FXGL initialization took: 0,382 sec
20:37:02.245 [JavaFX Application Thread] DEBUG FXGLAssetLoaderServi - Loading from file system: jar:file:/C:/Users/Leo/.m2/repository/com/github/almasb/fxgl/21.1/fxgl-21.1.jar!/fxglassets/textures/fxgl_icon.png
20:37:02.248 [FXGL Background Thread 4 ] DEBUG FXGLAssetLoaderServi - Loading from file system: jar:file:/C:/Users/Leo/.m2/repository/com/github/almasb/fxgl/21.1/fxgl-21.1.jar!/fxglassets/ui/fonts/Abel-Regular.ttf
20:37:02.250 [FXGL Background Thread 4 ] DEBUG FXGLAssetLoaderServi - Loading from file system: jar:file:/C:/Users/Leo/.m2/repository/com/github/almasb/fxgl/21.1/fxgl-21.1.jar!/fxglassets/ui/fonts/TerminalLandMono-Regular.otf
20:37:02.252 [FXGL Background Thread 4 ] DEBUG FXGLAssetLoaderServi - Loading from file system: jar:file:/C:/Users/Leo/.m2/repository/com/github/almasb/fxgl/21.1/fxgl-21.1.jar!/fxglassets/ui/fonts/Courier-Prime.ttf
20:37:02.269 [JavaFX Application Thread] DEBUG FXGLAssetLoaderServi - Loading from file system: jar:file:/C:/Users/Leo/.m2/repository/com/github/almasb/fxgl/21.1/fxgl-21.1.jar!/fxglassets/textures/fxgl_default_cursor.png
20:37:02.284 [JavaFX Application Thread] DEBUG Input                - Registered new binding: Screenshot - CTRL+8
20:37:02.285 [JavaFX Application Thread] DEBUG Input                - Registered new binding: System info dump - CTRL+9
20:37:02.285 [JavaFX Application Thread] DEBUG Input                - Registered new binding: Restart - CTRL+R
20:37:02.286 [JavaFX Application Thread] DEBUG Input                - Registered new binding: Toggle Debug Camera - CTRL+7
20:37:02.291 [JavaFX Application Thread] DEBUG LoopRunner           - Starting loop
20:37:02.291 [JavaFX Application Thread] DEBUG LoopRunner           - Initializing JavaFX AnimationTimerLoop
20:37:02.293 [JavaFX Application Thread] DEBUG GameApplicationServi - Starting new game
20:37:02.294 [JavaFX Application Thread] DEBUG Input                - Clearing active input actions
20:37:02.306 [JavaFX Application Thread] DEBUG GameApplicationServi - Removing overlay from FXGLStartupScene and adding to FXGLLoadingScene
20:37:02.306 [JavaFX Application Thread] DEBUG PrimaryStageWindow   - FXGLStartupScene -> FXGLLoadingScene
20:37:02.306 [JavaFX Application Thread] DEBUG GameApplicationServi - Clearing previous game
20:37:02.306 [JavaFX Application Thread] DEBUG GameScene            - Clearing game scene
20:37:02.306 [JavaFX Application Thread] DEBUG GameWorld            - Clearing game world
20:37:02.306 [JavaFX Application Thread] DEBUG PhysicsWorld         - Clearing physics world
20:37:02.309 [FXGL Background Thread 4 ] DEBUG FXGLApplication      - Initializing game
20:37:02.309 [JavaFX Application Thread] DEBUG FXGLApplication      - Registering font factories with UI factory
20:37:02.528 [FXGL Background Thread 4 ] INFO  FXGLApplication      - Game initialization took: 0,219 sec
20:37:02.528 [JavaFX Application Thread] DEBUG Input                - Clearing active input actions
20:37:02.533 [JavaFX Application Thread] DEBUG GameApplicationServi - Removing overlay from FXGLLoadingScene and adding to GameScene
20:37:02.533 [JavaFX Application Thread] DEBUG PrimaryStageWindow   - FXGLLoadingScene -> GameScene
20:37:05.215 [FXGL Background Thread 3 ] DEBUG Engine               - Logging environment variables
20:37:05.215 [FXGL Background Thread 3 ] DEBUG Engine               - achievements: []
20:37:05.215 [FXGL Background Thread 3 ] DEBUG Engine               - actualHeight: 1080.0
20:37:05.215 [FXGL Background Thread 3 ] DEBUG Engine               - actualHeightProperty: ReadOnlyDoubleProperty [value: 1080.0]
20:37:05.216 [FXGL Background Thread 3 ] DEBUG Engine               - actualWidth: 1920.0
20:37:05.216 [FXGL Background Thread 3 ] DEBUG Engine               - actualWidthProperty: ReadOnlyDoubleProperty [value: 1920.0]
20:37:05.216 [FXGL Background Thread 3 ] DEBUG Engine               - appIcon: fxgl_icon.png
20:37:05.216 [FXGL Background Thread 3 ] DEBUG Engine               - applicationMode: DEVELOPER
20:37:05.216 [FXGL Background Thread 3 ] DEBUG Engine               - cSSList: [fxgl_dark.css]
20:37:05.216 [FXGL Background Thread 3 ] DEBUG Engine               - collisionDetectionStrategy: BRUTE_FORCE
20:37:05.216 [FXGL Background Thread 3 ] DEBUG Engine               - configClass: Optional.empty
20:37:05.216 [FXGL Background Thread 3 ] DEBUG Engine               - credits: []
20:37:05.216 [FXGL Background Thread 3 ] DEBUG Engine               - defaultCursor: CursorInfo(imageName=fxgl_default_cursor.png, hotspotX=7.0, hotspotY=6.0)
20:37:05.216 [FXGL Background Thread 3 ] DEBUG Engine               - devBBoxColorProperty: ObjectProperty [value: 0xff0000ff]
20:37:05.216 [FXGL Background Thread 3 ] DEBUG Engine               - devEnableDebugCameraProperty: BooleanProperty [value: false]
20:37:05.216 [FXGL Background Thread 3 ] DEBUG Engine               - devSensorColorProperty: ObjectProperty [value: 0xffff00ff]
20:37:05.216 [FXGL Background Thread 3 ] DEBUG Engine               - devShowBBoxProperty: BooleanProperty [value: false]
20:37:05.216 [FXGL Background Thread 3 ] DEBUG Engine               - devShowPositionProperty: BooleanProperty [value: false]
20:37:05.216 [FXGL Background Thread 3 ] DEBUG Engine               - enabledMenuItems: []
20:37:05.216 [FXGL Background Thread 3 ] DEBUG Engine               - engineServices: [class com.almasb.fxgl.app.services.FXGLAssetLoaderService, class com.almasb.fxgl.app.FXGLApplication$GameApplicationService, class com.almasb.fxgl.app.services.FXGLDialogService, class com.almasb.fxgl.app.services.IOTaskExecutorService, class com.almasb.fxgl.io.FileSystemService, class com.almasb.fxgl.localization.LocalizationService, class com.almasb.fxgl.app.services.SystemBundleService, class com.almasb.fxgl.profile.SaveLoadService, class com.almasb.fxgl.ui.FXGLUIFactoryServiceProvider, class com.almasb.fxgl.ui.FXGLDialogFactoryServiceProvider, class com.almasb.fxgl.audio.AudioPlayer, class com.almasb.fxgl.notification.impl.NotificationServiceProvider, class com.almasb.fxgl.achievement.AchievementService, class com.almasb.fxgl.cutscene.CutsceneService, class com.almasb.fxgl.minigames.MiniGameService, class com.almasb.fxgl.net.NetService, class com.almasb.fxgl.app.services.UpdaterService, class com.almasb.fxgl.dev.DevService]
20:37:05.216 [FXGL Background Thread 3 ] DEBUG Engine               - fontGame: Abel-Regular.ttf
20:37:05.217 [FXGL Background Thread 3 ] DEBUG Engine               - fontMono: TerminalLandMono-Regular.otf
20:37:05.217 [FXGL Background Thread 3 ] DEBUG Engine               - fontSizeScaleUI: 1.0
20:37:05.217 [FXGL Background Thread 3 ] DEBUG Engine               - fontText: Courier-Prime.ttf
20:37:05.217 [FXGL Background Thread 3 ] DEBUG Engine               - fontUI: VarelaRound-Regular.ttf
20:37:05.217 [FXGL Background Thread 3 ] DEBUG Engine               - fullScreen: BooleanProperty [value: false]
20:37:05.217 [FXGL Background Thread 3 ] DEBUG Engine               - gameDifficulty: MEDIUM
20:37:05.217 [FXGL Background Thread 3 ] DEBUG Engine               - gameDifficultyProperty: ObjectProperty [value: MEDIUM]
20:37:05.217 [FXGL Background Thread 3 ] DEBUG Engine               - globalMusicVolume: 0.5
20:37:05.217 [FXGL Background Thread 3 ] DEBUG Engine               - globalMusicVolumeProperty: DoubleProperty [value: 0.5]
20:37:05.217 [FXGL Background Thread 3 ] DEBUG Engine               - globalSoundVolume: 0.5
20:37:05.217 [FXGL Background Thread 3 ] DEBUG Engine               - globalSoundVolumeProperty: DoubleProperty [value: 0.5]
20:37:05.217 [FXGL Background Thread 3 ] DEBUG Engine               - height: 1080
20:37:05.217 [FXGL Background Thread 3 ] DEBUG Engine               - is3D: false
20:37:05.217 [FXGL Background Thread 3 ] DEBUG Engine               - isAndroid: false
20:37:05.217 [FXGL Background Thread 3 ] DEBUG Engine               - isBrowser: false
20:37:05.217 [FXGL Background Thread 3 ] DEBUG Engine               - isClickFeedbackEnabled: false
20:37:05.217 [FXGL Background Thread 3 ] DEBUG Engine               - isCloseConfirmation: false
20:37:05.218 [FXGL Background Thread 3 ] DEBUG Engine               - isDesktop: true
20:37:05.218 [FXGL Background Thread 3 ] DEBUG Engine               - isDeveloperMenuEnabled: false
20:37:05.218 [FXGL Background Thread 3 ] DEBUG Engine               - isEmbedded: false
20:37:05.218 [FXGL Background Thread 3 ] DEBUG Engine               - isEntityPreloadEnabled: true
20:37:05.218 [FXGL Background Thread 3 ] DEBUG Engine               - isExperimentalTiledLargeMap: false
20:37:05.218 [FXGL Background Thread 3 ] DEBUG Engine               - isFileSystemWriteAllowed: true
20:37:05.218 [FXGL Background Thread 3 ] DEBUG Engine               - isFullScreenAllowed: true
20:37:05.218 [FXGL Background Thread 3 ] DEBUG Engine               - isFullScreenFromStart: false
20:37:05.218 [FXGL Background Thread 3 ] DEBUG Engine               - isGameMenuEnabled: true
20:37:05.218 [FXGL Background Thread 3 ] DEBUG Engine               - isIOS: false
20:37:05.218 [FXGL Background Thread 3 ] DEBUG Engine               - isIntroEnabled: false
20:37:05.218 [FXGL Background Thread 3 ] DEBUG Engine               - isLinux: false
20:37:05.218 [FXGL Background Thread 3 ] DEBUG Engine               - isMac: false
20:37:05.218 [FXGL Background Thread 3 ] DEBUG Engine               - isMainMenuEnabled: false
20:37:05.218 [FXGL Background Thread 3 ] DEBUG Engine               - isManualResizeEnabled: true
20:37:05.218 [FXGL Background Thread 3 ] DEBUG Engine               - isMobile: false
20:37:05.218 [FXGL Background Thread 3 ] DEBUG Engine               - isNative: false
20:37:05.218 [FXGL Background Thread 3 ] DEBUG Engine               - isPauseMusicWhenMinimized: true
20:37:05.218 [FXGL Background Thread 3 ] DEBUG Engine               - isPreserveResizeRatio: false
20:37:05.218 [FXGL Background Thread 3 ] DEBUG Engine               - isProfilingEnabled: false
20:37:05.218 [FXGL Background Thread 3 ] DEBUG Engine               - isScaleAffectedOnResize: true
20:37:05.218 [FXGL Background Thread 3 ] DEBUG Engine               - isSingleStep: false
20:37:05.218 [FXGL Background Thread 3 ] DEBUG Engine               - isUserProfileEnabled: false
20:37:05.219 [FXGL Background Thread 3 ] DEBUG Engine               - isWindows: true
20:37:05.219 [FXGL Background Thread 3 ] DEBUG Engine               - language: ObjectProperty [value: ENGLISH]
20:37:05.219 [FXGL Background Thread 3 ] DEBUG Engine               - menuKey: ESCAPE
20:37:05.219 [FXGL Background Thread 3 ] DEBUG Engine               - mouseSensitivity: 0.2
20:37:05.219 [FXGL Background Thread 3 ] DEBUG Engine               - notificationViewClass: class com.almasb.fxgl.notification.view.XboxNotificationView
20:37:05.219 [FXGL Background Thread 3 ] DEBUG Engine               - pixelsPerMeter: 50.0
20:37:05.219 [FXGL Background Thread 3 ] DEBUG Engine               - platform: WINDOWS
20:37:05.219 [FXGL Background Thread 3 ] DEBUG Engine               - prefHeightProperty: ReadOnlyDoubleProperty [value: 1080.0]
20:37:05.219 [FXGL Background Thread 3 ] DEBUG Engine               - prefWidthProperty: ReadOnlyDoubleProperty [value: 1920.0]
20:37:05.219 [FXGL Background Thread 3 ] DEBUG Engine               - profileDir: profiles/
20:37:05.219 [FXGL Background Thread 3 ] DEBUG Engine               - profileName: StringProperty [value: DEFAULT]
20:37:05.219 [FXGL Background Thread 3 ] DEBUG Engine               - randomSeed: -1
20:37:05.219 [FXGL Background Thread 3 ] DEBUG Engine               - runtimeInfo: RuntimeInfo(platform=WINDOWS, version=21.1, build=27.03.2024 07.52)
20:37:05.219 [FXGL Background Thread 3 ] DEBUG Engine               - saveFileExt: sav
20:37:05.219 [FXGL Background Thread 3 ] DEBUG Engine               - scaledHeightProp$fxgl: DoubleProperty [bound, value: 1080.0]
20:37:05.219 [FXGL Background Thread 3 ] DEBUG Engine               - scaledWidthProp$fxgl: DoubleProperty [bound, value: 1920.0]
20:37:05.219 [FXGL Background Thread 3 ] DEBUG Engine               - sceneFactory: com.almasb.fxgl.app.scene.SceneFactory@480785d6
20:37:05.219 [FXGL Background Thread 3 ] DEBUG Engine               - secondsIn24h: 60
20:37:05.219 [FXGL Background Thread 3 ] DEBUG Engine               - soundMenuBack: menu/back.wav
20:37:05.219 [FXGL Background Thread 3 ] DEBUG Engine               - soundMenuPress: menu/press.wav
20:37:05.219 [FXGL Background Thread 3 ] DEBUG Engine               - soundMenuSelect: menu/select.wav
20:37:05.219 [FXGL Background Thread 3 ] DEBUG Engine               - soundNotification: core/notification.wav
20:37:05.219 [FXGL Background Thread 3 ] DEBUG Engine               - stageStyle: DECORATED
20:37:05.220 [FXGL Background Thread 3 ] DEBUG Engine               - supportedLanguages: [ENGLISH, FRENCH, GERMAN, HUNGARIAN, RUSSIAN]
20:37:05.220 [FXGL Background Thread 3 ] DEBUG Engine               - ticksPerSecond: -1
20:37:05.220 [FXGL Background Thread 3 ] DEBUG Engine               - title: Harry Potter: Hogwarts Battle - Deck Building Game
20:37:05.220 [FXGL Background Thread 3 ] DEBUG Engine               - urlGithub: https://github.com/AlmasB/FXGL
20:37:05.220 [FXGL Background Thread 3 ] DEBUG Engine               - urlLeaderboard: http://fxgl-top.herokuapp.com/
20:37:05.220 [FXGL Background Thread 3 ] DEBUG Engine               - urlPOM: https://raw.githubusercontent.com/AlmasB/FXGL/release/README.md
20:37:05.220 [FXGL Background Thread 3 ] DEBUG Engine               - userAppClass: class grafica.GameController
20:37:05.220 [FXGL Background Thread 3 ] DEBUG Engine               - version: 1.0
20:37:05.220 [FXGL Background Thread 3 ] DEBUG Engine               - versionCheckDays: 7
20:37:05.220 [FXGL Background Thread 3 ] DEBUG Engine               - width: 1920
20:37:05.220 [FXGL Background Thread 3 ] DEBUG Engine               - Logging services
20:37:05.220 [FXGL Background Thread 3 ] DEBUG Engine               - class com.almasb.fxgl.app.services.FXGLAssetLoaderService
20:37:05.220 [FXGL Background Thread 3 ] DEBUG Engine               - class com.almasb.fxgl.app.FXGLApplication$GameApplicationService
20:37:05.220 [FXGL Background Thread 3 ] DEBUG Engine               - class com.almasb.fxgl.app.services.FXGLDialogService
20:37:05.220 [FXGL Background Thread 3 ] DEBUG Engine               - class com.almasb.fxgl.app.services.IOTaskExecutorService
20:37:05.220 [FXGL Background Thread 3 ] DEBUG Engine               - class com.almasb.fxgl.io.FileSystemService
20:37:05.220 [FXGL Background Thread 3 ] DEBUG Engine               - class com.almasb.fxgl.localization.LocalizationService
20:37:05.220 [FXGL Background Thread 3 ] DEBUG Engine               - class com.almasb.fxgl.app.services.SystemBundleService
20:37:05.220 [FXGL Background Thread 3 ] DEBUG Engine               - class com.almasb.fxgl.profile.SaveLoadService
20:37:05.220 [FXGL Background Thread 3 ] DEBUG Engine               - class com.almasb.fxgl.ui.FXGLUIFactoryServiceProvider
20:37:05.220 [FXGL Background Thread 3 ] DEBUG Engine               - class com.almasb.fxgl.ui.FXGLDialogFactoryServiceProvider
20:37:05.220 [FXGL Background Thread 3 ] DEBUG Engine               - class com.almasb.fxgl.audio.AudioPlayer
20:37:05.220 [FXGL Background Thread 3 ] DEBUG Engine               - class com.almasb.fxgl.notification.impl.NotificationServiceProvider
20:37:05.220 [FXGL Background Thread 3 ] DEBUG Engine               - class com.almasb.fxgl.achievement.AchievementService
20:37:05.220 [FXGL Background Thread 3 ] DEBUG Engine               - class com.almasb.fxgl.cutscene.CutsceneService
20:37:05.220 [FXGL Background Thread 3 ] DEBUG Engine               - class com.almasb.fxgl.minigames.MiniGameService
20:37:05.220 [FXGL Background Thread 3 ] DEBUG Engine               - class com.almasb.fxgl.net.NetService
20:37:05.220 [FXGL Background Thread 3 ] DEBUG Engine               - class com.almasb.fxgl.app.services.UpdaterService
20:37:05.220 [FXGL Background Thread 3 ] DEBUG Engine               - class com.almasb.fxgl.dev.DevService
20:37:44.289 [JavaFX Application Thread] DEBUG FXGLApplication      - Exiting FXGL
20:37:44.289 [JavaFX Application Thread] DEBUG LoopRunner           - Stopping loop
20:37:44.290 [JavaFX Application Thread] DEBUG SystemBundleService  - Saving FXGL system data
20:37:44.293 [JavaFX Application Thread] DEBUG FileSystemAccess     - Writing to: D:\documenti\Leonardo\università\anno_3\Ingegneria_del_software\Progetto\Progetto_Ing_Software\HogwartsBattle\HogwartsBattle\system\fxgl.bundle
20:37:44.296 [JavaFX Application Thread] DEBUG Async                - Shutting down background threads
20:37:44.297 [JavaFX Application Thread] DEBUG PrimaryStageWindow   - Closing main window
20:37:44.303 [JavaFX Application Thread] DEBUG Logger               - Closing Logger
