13:46:53.529 [main                     ] DEBUG Logger               - Configured Logger
13:46:53.536 [main                     ] DEBUG GameApplication      - Logging settings
Title: Harry Potter: Hogwarts Battle - Deck Building Game
Version: 1.0
Width: 1920
Height: 1080
Fullscreen: true
Intro: false
Profiling: false
Single step:false
App Mode: DEVELOPER
Menu Key: ESCAPE
Stage Style: DECORATED
Scene Factory: class com.almasb.fxgl.app.scene.SceneFactory

13:46:53.937 [JavaFX Application Thread] DEBUG FXGLApplication      - Initializing FXGL
13:46:53.939 [JavaFX Application Thread] INFO  Engine               - FXGL-21.1 (27.03.2024 07.52) on WINDOWS (J:24.0.2 FX:21.0.1)
13:46:53.939 [JavaFX Application Thread] DEBUG Engine               - JRE Vendor Name: Oracle Corporation
13:46:53.939 [JavaFX Application Thread] DEBUG Engine               - Running on OS: Windows 11 version 10.0
13:46:53.940 [JavaFX Application Thread] DEBUG Engine               - Architecture: amd64
13:46:53.940 [JavaFX Application Thread] INFO  Engine               - Source code and latest versions at: https://github.com/AlmasB/FXGL
13:46:53.940 [JavaFX Application Thread] INFO  Engine               -       Ask questions and discuss at: https://github.com/AlmasB/FXGL/discussions
13:46:53.940 [JavaFX Application Thread] INFO  Engine               -              Join the FXGL chat at: https://gitter.im/AlmasB/FXGL
13:46:54.010 [JavaFX Application Thread] DEBUG PrimaryStageWindow   - Creating a JavaFX scene
13:46:54.046 [JavaFX Application Thread] DEBUG PrimaryStageWindow   - Target settings size: 1920.0 x 1080.0
13:46:54.046 [JavaFX Application Thread] DEBUG PrimaryStageWindow   - Scaled scene size:    1920.0 x 1080.0
13:46:54.046 [JavaFX Application Thread] DEBUG PrimaryStageWindow   - Scaled ratio: (1.0, 1.0)
13:46:54.047 [JavaFX Application Thread] DEBUG PrimaryStageWindow   - Set initial scene to FXGLStartupScene
13:46:54.050 [JavaFX Application Thread] DEBUG PrimaryStageWindow   - Opening main window
13:46:54.112 [JavaFX Application Thread] DEBUG PrimaryStageWindow   - Window border size: (14.6666259765625, 37.3333740234375)
13:46:54.112 [JavaFX Application Thread] DEBUG PrimaryStageWindow   - Scaled size: 1920.0 x 1080.0
13:46:54.113 [JavaFX Application Thread] DEBUG PrimaryStageWindow   - Scaled ratio: (1.0, 1.0)
13:46:54.113 [JavaFX Application Thread] DEBUG PrimaryStageWindow   - Scene size: 1920.0 x 1080.0
13:46:54.113 [JavaFX Application Thread] DEBUG PrimaryStageWindow   - Stage size: 1934.6666259765625 x 1117.3333740234375
13:46:54.118 [FXGL Background Thread 1 ] DEBUG Engine               - Initializing environment variables
13:46:54.165 [FXGL Background Thread 1 ] DEBUG FXGLAssetLoaderServi - User app class for loading assets: class grafica.GameController
13:46:54.165 [FXGL Background Thread 1 ] DEBUG GameApplicationServi - Applying CSS: fxgl_dark.css
13:46:54.165 [FXGL Background Thread 1 ] DEBUG FXGLAssetLoaderServi - Loading from file system: jar:file:/C:/Users/Leo/.m2/repository/com/github/almasb/fxgl/21.1/fxgl-21.1.jar!/fxglassets/ui/css/fxgl_dark.css
13:46:54.197 [FXGL Background Thread 1 ] DEBUG GameApplicationServi - Initializing application scenes
13:46:54.236 [FXGL Background Thread 1 ] DEBUG GameWorld            - Game world initialized
13:46:54.277 [FXGL Background Thread 1 ] DEBUG PhysicsWorld         - Physics world initialized: appHeight=1080, physics.ppm=50,0
13:46:54.278 [FXGL Background Thread 1 ] DEBUG PhysicsWorld         - Using strategy: BRUTE_FORCE
13:46:54.283 [FXGL Background Thread 1 ] DEBUG GameScene            - Game scene initialized: 1920x1080
13:46:54.290 [FXGL Background Thread 1 ] DEBUG FXGL.DefaultMenu     - createMenuBodyGameMenu()
13:46:54.300 [FXGL Background Thread 1 ] DEBUG FXGL.DefaultMenu     - createOptionsMenu()
13:46:54.307 [FXGL Background Thread 1 ] DEBUG FXGLAssetLoaderServi - Loading from file system: jar:file:/C:/Users/Leo/.m2/repository/com/github/almasb/fxgl/21.1/fxgl-21.1.jar!/fxglassets/textures/particles/smoke.png
13:46:54.386 [FXGL Background Thread 1 ] DEBUG FXGLAssetLoaderServi - Loading from file system: jar:file:/C:/Users/Leo/.m2/repository/com/github/almasb/fxgl/21.1/fxgl-21.1.jar!/fxglassets/textures/particles/trace_horizontal.png
13:46:54.408 [FXGL Background Thread 1 ] DEBUG GameApplicationServi - Application scenes initialized
13:46:54.417 [FXGL Background Thread 1 ] DEBUG SystemBundleService  - Loading FXGL system data
13:46:54.419 [FXGL Background Thread 1 ] DEBUG FileSystemAccess     - Reading from: D:\documenti\Leonardo\università\anno_3\Ingegneria_del_software\Progetto\Progetto_Ing_Software\HogwartsBattle\HogwartsBattle\system\fxgl.bundle
13:46:54.424 [FXGL Background Thread 1 ] DEBUG SystemBundleService  - Bundle FXGL: {}
13:46:54.424 [FXGL Background Thread 1 ] DEBUG UpdaterService       - Checking for updates
13:46:54.427 [FXGL Background Thread 4 ] DEBUG FXGLApplication      - Loading fonts
13:46:54.427 [FXGL Background Thread 4 ] DEBUG FXGLAssetLoaderServi - Loading from file system: jar:file:/C:/Users/Leo/.m2/repository/com/github/almasb/fxgl/21.1/fxgl-21.1.jar!/fxglassets/ui/fonts/VarelaRound-Regular.ttf
13:46:54.428 [FXGL Background Thread 1 ] DEBUG FXGLApplication      - Loading default localization
13:46:54.428 [FXGL Background Thread 1 ] DEBUG FXGLAssetLoaderServi - Loading from file system: jar:file:/C:/Users/Leo/.m2/repository/com/github/almasb/fxgl/21.1/fxgl-21.1.jar!/fxglassets/languages/english.lang
13:46:54.454 [FXGL Background Thread 1 ] INFO  FXGLApplication      - FXGL initialization took: 0,336 sec
13:46:54.455 [JavaFX Application Thread] DEBUG FXGLAssetLoaderServi - Loading from file system: jar:file:/C:/Users/Leo/.m2/repository/com/github/almasb/fxgl/21.1/fxgl-21.1.jar!/fxglassets/textures/fxgl_icon.png
13:46:54.460 [FXGL Background Thread 4 ] DEBUG FXGLAssetLoaderServi - Loading from file system: jar:file:/C:/Users/Leo/.m2/repository/com/github/almasb/fxgl/21.1/fxgl-21.1.jar!/fxglassets/ui/fonts/Abel-Regular.ttf
13:46:54.462 [FXGL Background Thread 4 ] DEBUG FXGLAssetLoaderServi - Loading from file system: jar:file:/C:/Users/Leo/.m2/repository/com/github/almasb/fxgl/21.1/fxgl-21.1.jar!/fxglassets/ui/fonts/TerminalLandMono-Regular.otf
13:46:54.464 [FXGL Background Thread 4 ] DEBUG FXGLAssetLoaderServi - Loading from file system: jar:file:/C:/Users/Leo/.m2/repository/com/github/almasb/fxgl/21.1/fxgl-21.1.jar!/fxglassets/ui/fonts/Courier-Prime.ttf
13:46:54.478 [JavaFX Application Thread] DEBUG FXGLAssetLoaderServi - Loading from file system: jar:file:/C:/Users/Leo/.m2/repository/com/github/almasb/fxgl/21.1/fxgl-21.1.jar!/fxglassets/textures/fxgl_default_cursor.png
13:46:54.492 [JavaFX Application Thread] DEBUG Input                - Registered new binding: Screenshot - CTRL+8
13:46:54.492 [JavaFX Application Thread] DEBUG Input                - Registered new binding: System info dump - CTRL+9
13:46:54.492 [JavaFX Application Thread] DEBUG Input                - Registered new binding: Restart - CTRL+R
13:46:54.493 [JavaFX Application Thread] DEBUG Input                - Registered new binding: Toggle Debug Camera - CTRL+7
13:46:54.498 [JavaFX Application Thread] DEBUG LoopRunner           - Starting loop
13:46:54.498 [JavaFX Application Thread] DEBUG LoopRunner           - Initializing JavaFX AnimationTimerLoop
13:46:54.500 [JavaFX Application Thread] DEBUG GameApplicationServi - Starting new game
13:46:54.500 [JavaFX Application Thread] DEBUG Input                - Clearing active input actions
13:46:54.512 [JavaFX Application Thread] DEBUG GameApplicationServi - Removing overlay from FXGLStartupScene and adding to FXGLLoadingScene
13:46:54.512 [JavaFX Application Thread] DEBUG PrimaryStageWindow   - FXGLStartupScene -> FXGLLoadingScene
13:46:54.512 [JavaFX Application Thread] DEBUG GameApplicationServi - Clearing previous game
13:46:54.513 [JavaFX Application Thread] DEBUG GameScene            - Clearing game scene
13:46:54.513 [JavaFX Application Thread] DEBUG GameWorld            - Clearing game world
13:46:54.513 [JavaFX Application Thread] DEBUG PhysicsWorld         - Clearing physics world
13:46:54.516 [FXGL Background Thread 4 ] DEBUG FXGLApplication      - Initializing game
13:46:54.517 [JavaFX Application Thread] DEBUG FXGLApplication      - Registering font factories with UI factory
13:46:54.662 [FXGL Background Thread 4 ] INFO  FXGLApplication      - Game initialization took: 0,146 sec
13:46:54.662 [JavaFX Application Thread] DEBUG Input                - Clearing active input actions
13:46:54.667 [JavaFX Application Thread] DEBUG GameApplicationServi - Removing overlay from FXGLLoadingScene and adding to GameScene
13:46:54.668 [JavaFX Application Thread] DEBUG PrimaryStageWindow   - FXGLLoadingScene -> GameScene
13:46:57.166 [JavaFX Application Thread] DEBUG LoopRunner           - Stopping loop
13:46:57.167 [JavaFX Application Thread] FATAL FXGLApplication      - Uncaught Exception:
java.lang.NullPointerException: Cannot invoke "java.util.List.iterator()" because the return value of "carte.Eroe.getTriggers()" is null
	at gioco.StatoDiGioco.setupTabellone(StatoDiGioco.java:240)
	at gioco.StatoDiGioco.<init>(StatoDiGioco.java:117)
	at grafica.GameController.caricaPartitaDaSalvataggio(GameController.java:180)
	at grafica.GameController.lambda$0(GameController.java:118)
	at grafica.screens.MainMenuScreen.lambda$2(MainMenuScreen.java:164)
	at com.sun.javafx.event.CompositeEventHandler.dispatchBubblingEvent(CompositeEventHandler.java:86)
	at com.sun.javafx.event.EventHandlerManager.dispatchBubblingEvent(EventHandlerManager.java:232)
	at com.sun.javafx.event.EventHandlerManager.dispatchBubblingEvent(EventHandlerManager.java:189)
	at com.sun.javafx.event.CompositeEventDispatcher.dispatchBubblingEvent(CompositeEventDispatcher.java:59)
	at com.sun.javafx.event.BasicEventDispatcher.dispatchEvent(BasicEventDispatcher.java:58)
	at com.sun.javafx.event.EventDispatchChainImpl.dispatchEvent(EventDispatchChainImpl.java:114)
	at com.sun.javafx.event.BasicEventDispatcher.dispatchEvent(BasicEventDispatcher.java:56)
	at com.sun.javafx.event.EventDispatchChainImpl.dispatchEvent(EventDispatchChainImpl.java:114)
	at com.sun.javafx.event.BasicEventDispatcher.dispatchEvent(BasicEventDispatcher.java:56)
	at com.sun.javafx.event.EventDispatchChainImpl.dispatchEvent(EventDispatchChainImpl.java:114)
	at com.sun.javafx.event.EventUtil.fireEventImpl(EventUtil.java:74)
	at com.sun.javafx.event.EventUtil.fireEvent(EventUtil.java:54)
	at javafx.event.Event.fireEvent(Event.java:198)
	at javafx.scene.Scene$ClickGenerator.postProcess(Scene.java:3688)
	at javafx.scene.Scene$MouseHandler.process(Scene.java:3993)
	at javafx.scene.Scene.processMouseEvent(Scene.java:1890)
	at javafx.scene.Scene$ScenePeerListener.mouseEvent(Scene.java:2708)
	at com.sun.javafx.tk.quantum.GlassViewEventHandler$MouseEventNotification.run(GlassViewEventHandler.java:411)
	at com.sun.javafx.tk.quantum.GlassViewEventHandler$MouseEventNotification.run(GlassViewEventHandler.java:301)
	at java.base/java.security.AccessController.doPrivileged(AccessController.java:138)
	at com.sun.javafx.tk.quantum.GlassViewEventHandler.lambda$handleMouseEvent$2(GlassViewEventHandler.java:450)
	at com.sun.javafx.tk.quantum.QuantumToolkit.runWithoutRenderLock(QuantumToolkit.java:424)
	at com.sun.javafx.tk.quantum.GlassViewEventHandler.handleMouseEvent(GlassViewEventHandler.java:449)
	at com.sun.glass.ui.View.handleMouseEvent(View.java:551)
	at com.sun.glass.ui.View.notifyMouse(View.java:937)
	at com.sun.glass.ui.win.WinApplication._runLoop(Native Method)
	at com.sun.glass.ui.win.WinApplication.lambda$runLoop$3(WinApplication.java:185)
	at java.base/java.lang.Thread.run(Thread.java:1447)

13:46:57.167 [JavaFX Application Thread] FATAL FXGLApplication      - Application will now exit
13:46:57.176 [JavaFX Application Thread] DEBUG PrimaryStageWindow   - Push state: ErrorSubScene
13:46:57.176 [JavaFX Application Thread] DEBUG Input                - Clearing active input actions
13:46:57.180 [JavaFX Application Thread] DEBUG GameApplicationServi - Removing overlay from GameScene and adding to ErrorSubScene
13:46:57.180 [JavaFX Application Thread] DEBUG PrimaryStageWindow   - GameScene -> ErrorSubScene
13:46:57.427 [FXGL Background Thread 3 ] DEBUG Engine               - Logging environment variables
13:46:57.427 [FXGL Background Thread 3 ] DEBUG Engine               - achievements: []
13:46:57.427 [FXGL Background Thread 3 ] DEBUG Engine               - actualHeight: 1080.0
13:46:57.427 [FXGL Background Thread 3 ] DEBUG Engine               - actualHeightProperty: ReadOnlyDoubleProperty [value: 1369.333251953125]
13:46:57.427 [FXGL Background Thread 3 ] DEBUG Engine               - actualWidth: 1920.0
13:46:57.428 [FXGL Background Thread 3 ] DEBUG Engine               - actualWidthProperty: ReadOnlyDoubleProperty [value: 2560.0001220703125]
13:46:57.428 [FXGL Background Thread 3 ] DEBUG Engine               - appIcon: fxgl_icon.png
13:46:57.428 [FXGL Background Thread 3 ] DEBUG Engine               - applicationMode: DEVELOPER
13:46:57.428 [FXGL Background Thread 3 ] DEBUG Engine               - cSSList: [fxgl_dark.css]
13:46:57.428 [FXGL Background Thread 3 ] DEBUG Engine               - collisionDetectionStrategy: BRUTE_FORCE
13:46:57.428 [FXGL Background Thread 3 ] DEBUG Engine               - configClass: Optional.empty
13:46:57.428 [FXGL Background Thread 3 ] DEBUG Engine               - credits: []
13:46:57.428 [FXGL Background Thread 3 ] DEBUG Engine               - defaultCursor: CursorInfo(imageName=fxgl_default_cursor.png, hotspotX=7.0, hotspotY=6.0)
13:46:57.428 [FXGL Background Thread 3 ] DEBUG Engine               - devBBoxColorProperty: ObjectProperty [value: 0xff0000ff]
13:46:57.428 [FXGL Background Thread 3 ] DEBUG Engine               - devEnableDebugCameraProperty: BooleanProperty [value: false]
13:46:57.428 [FXGL Background Thread 3 ] DEBUG Engine               - devSensorColorProperty: ObjectProperty [value: 0xffff00ff]
13:46:57.428 [FXGL Background Thread 3 ] DEBUG Engine               - devShowBBoxProperty: BooleanProperty [value: false]
13:46:57.428 [FXGL Background Thread 3 ] DEBUG Engine               - devShowPositionProperty: BooleanProperty [value: false]
13:46:57.428 [FXGL Background Thread 3 ] DEBUG Engine               - enabledMenuItems: []
13:46:57.428 [FXGL Background Thread 3 ] DEBUG Engine               - engineServices: [class com.almasb.fxgl.app.services.FXGLAssetLoaderService, class com.almasb.fxgl.app.FXGLApplication$GameApplicationService, class com.almasb.fxgl.app.services.FXGLDialogService, class com.almasb.fxgl.app.services.IOTaskExecutorService, class com.almasb.fxgl.io.FileSystemService, class com.almasb.fxgl.localization.LocalizationService, class com.almasb.fxgl.app.services.SystemBundleService, class com.almasb.fxgl.profile.SaveLoadService, class com.almasb.fxgl.ui.FXGLUIFactoryServiceProvider, class com.almasb.fxgl.ui.FXGLDialogFactoryServiceProvider, class com.almasb.fxgl.audio.AudioPlayer, class com.almasb.fxgl.notification.impl.NotificationServiceProvider, class com.almasb.fxgl.achievement.AchievementService, class com.almasb.fxgl.cutscene.CutsceneService, class com.almasb.fxgl.minigames.MiniGameService, class com.almasb.fxgl.net.NetService, class com.almasb.fxgl.app.services.UpdaterService, class com.almasb.fxgl.dev.DevService]
13:46:57.428 [FXGL Background Thread 3 ] DEBUG Engine               - fontGame: Abel-Regular.ttf
13:46:57.428 [FXGL Background Thread 3 ] DEBUG Engine               - fontMono: TerminalLandMono-Regular.otf
13:46:57.429 [FXGL Background Thread 3 ] DEBUG Engine               - fontSizeScaleUI: 1.0
13:46:57.429 [FXGL Background Thread 3 ] DEBUG Engine               - fontText: Courier-Prime.ttf
13:46:57.429 [FXGL Background Thread 3 ] DEBUG Engine               - fontUI: VarelaRound-Regular.ttf
13:46:57.429 [FXGL Background Thread 3 ] DEBUG Engine               - fullScreen: BooleanProperty [value: false]
13:46:57.429 [FXGL Background Thread 3 ] DEBUG Engine               - gameDifficulty: MEDIUM
13:46:57.429 [FXGL Background Thread 3 ] DEBUG Engine               - gameDifficultyProperty: ObjectProperty [value: MEDIUM]
13:46:57.429 [FXGL Background Thread 3 ] DEBUG Engine               - globalMusicVolume: 0.5
13:46:57.429 [FXGL Background Thread 3 ] DEBUG Engine               - globalMusicVolumeProperty: DoubleProperty [value: 0.5]
13:46:57.429 [FXGL Background Thread 3 ] DEBUG Engine               - globalSoundVolume: 0.5
13:46:57.429 [FXGL Background Thread 3 ] DEBUG Engine               - globalSoundVolumeProperty: DoubleProperty [value: 0.5]
13:46:57.429 [FXGL Background Thread 3 ] DEBUG Engine               - height: 1080
13:46:57.429 [FXGL Background Thread 3 ] DEBUG Engine               - is3D: false
13:46:57.429 [FXGL Background Thread 3 ] DEBUG Engine               - isAndroid: false
13:46:57.429 [FXGL Background Thread 3 ] DEBUG Engine               - isBrowser: false
13:46:57.429 [FXGL Background Thread 3 ] DEBUG Engine               - isClickFeedbackEnabled: false
13:46:57.429 [FXGL Background Thread 3 ] DEBUG Engine               - isCloseConfirmation: false
13:46:57.429 [FXGL Background Thread 3 ] DEBUG Engine               - isDesktop: true
13:46:57.429 [FXGL Background Thread 3 ] DEBUG Engine               - isDeveloperMenuEnabled: false
13:46:57.429 [FXGL Background Thread 3 ] DEBUG Engine               - isEmbedded: false
13:46:57.429 [FXGL Background Thread 3 ] DEBUG Engine               - isEntityPreloadEnabled: true
13:46:57.429 [FXGL Background Thread 3 ] DEBUG Engine               - isExperimentalTiledLargeMap: false
13:46:57.429 [FXGL Background Thread 3 ] DEBUG Engine               - isFileSystemWriteAllowed: true
13:46:57.429 [FXGL Background Thread 3 ] DEBUG Engine               - isFullScreenAllowed: true
13:46:57.429 [FXGL Background Thread 3 ] DEBUG Engine               - isFullScreenFromStart: false
13:46:57.429 [FXGL Background Thread 3 ] DEBUG Engine               - isGameMenuEnabled: true
13:46:57.430 [FXGL Background Thread 3 ] DEBUG Engine               - isIOS: false
13:46:57.430 [FXGL Background Thread 3 ] DEBUG Engine               - isIntroEnabled: false
13:46:57.430 [FXGL Background Thread 3 ] DEBUG Engine               - isLinux: false
13:46:57.430 [FXGL Background Thread 3 ] DEBUG Engine               - isMac: false
13:46:57.430 [FXGL Background Thread 3 ] DEBUG Engine               - isMainMenuEnabled: false
13:46:57.430 [FXGL Background Thread 3 ] DEBUG Engine               - isManualResizeEnabled: true
13:46:57.430 [FXGL Background Thread 3 ] DEBUG Engine               - isMobile: false
13:46:57.430 [FXGL Background Thread 3 ] DEBUG Engine               - isNative: false
13:46:57.430 [FXGL Background Thread 3 ] DEBUG Engine               - isPauseMusicWhenMinimized: true
13:46:57.430 [FXGL Background Thread 3 ] DEBUG Engine               - isPreserveResizeRatio: false
13:46:57.430 [FXGL Background Thread 3 ] DEBUG Engine               - isProfilingEnabled: false
13:46:57.430 [FXGL Background Thread 3 ] DEBUG Engine               - isScaleAffectedOnResize: true
13:46:57.430 [FXGL Background Thread 3 ] DEBUG Engine               - isSingleStep: false
13:46:57.430 [FXGL Background Thread 3 ] DEBUG Engine               - isUserProfileEnabled: false
13:46:57.430 [FXGL Background Thread 3 ] DEBUG Engine               - isWindows: true
13:46:57.430 [FXGL Background Thread 3 ] DEBUG Engine               - language: ObjectProperty [value: ENGLISH]
13:46:57.430 [FXGL Background Thread 3 ] DEBUG Engine               - menuKey: ESCAPE
13:46:57.430 [FXGL Background Thread 3 ] DEBUG Engine               - mouseSensitivity: 0.2
13:46:57.430 [FXGL Background Thread 3 ] DEBUG Engine               - notificationViewClass: class com.almasb.fxgl.notification.view.XboxNotificationView
13:46:57.430 [FXGL Background Thread 3 ] DEBUG Engine               - pixelsPerMeter: 50.0
13:46:57.430 [FXGL Background Thread 3 ] DEBUG Engine               - platform: WINDOWS
13:46:57.430 [FXGL Background Thread 3 ] DEBUG Engine               - prefHeightProperty: ReadOnlyDoubleProperty [value: 1080.0]
13:46:57.430 [FXGL Background Thread 3 ] DEBUG Engine               - prefWidthProperty: ReadOnlyDoubleProperty [value: 1920.0]
13:46:57.430 [FXGL Background Thread 3 ] DEBUG Engine               - profileDir: profiles/
13:46:57.430 [FXGL Background Thread 3 ] DEBUG Engine               - profileName: StringProperty [value: DEFAULT]
13:46:57.430 [FXGL Background Thread 3 ] DEBUG Engine               - randomSeed: -1
13:46:57.430 [FXGL Background Thread 3 ] DEBUG Engine               - runtimeInfo: RuntimeInfo(platform=WINDOWS, version=21.1, build=27.03.2024 07.52)
13:46:57.431 [FXGL Background Thread 3 ] DEBUG Engine               - saveFileExt: sav
13:46:57.431 [FXGL Background Thread 3 ] DEBUG Engine               - scaledHeightProp$fxgl: DoubleProperty [bound, value: 1369.333251953125]
13:46:57.431 [FXGL Background Thread 3 ] DEBUG Engine               - scaledWidthProp$fxgl: DoubleProperty [bound, value: 2560.0001220703125]
13:46:57.431 [FXGL Background Thread 3 ] DEBUG Engine               - sceneFactory: com.almasb.fxgl.app.scene.SceneFactory@3a530bd7
13:46:57.431 [FXGL Background Thread 3 ] DEBUG Engine               - secondsIn24h: 60
13:46:57.431 [FXGL Background Thread 3 ] DEBUG Engine               - soundMenuBack: menu/back.wav
13:46:57.431 [FXGL Background Thread 3 ] DEBUG Engine               - soundMenuPress: menu/press.wav
13:46:57.431 [FXGL Background Thread 3 ] DEBUG Engine               - soundMenuSelect: menu/select.wav
13:46:57.431 [FXGL Background Thread 3 ] DEBUG Engine               - soundNotification: core/notification.wav
13:46:57.431 [FXGL Background Thread 3 ] DEBUG Engine               - stageStyle: DECORATED
13:46:57.431 [FXGL Background Thread 3 ] DEBUG Engine               - supportedLanguages: [ENGLISH, FRENCH, GERMAN, HUNGARIAN, RUSSIAN]
13:46:57.431 [FXGL Background Thread 3 ] DEBUG Engine               - ticksPerSecond: -1
13:46:57.431 [FXGL Background Thread 3 ] DEBUG Engine               - title: Harry Potter: Hogwarts Battle - Deck Building Game
13:46:57.431 [FXGL Background Thread 3 ] DEBUG Engine               - urlGithub: https://github.com/AlmasB/FXGL
13:46:57.431 [FXGL Background Thread 3 ] DEBUG Engine               - urlLeaderboard: http://fxgl-top.herokuapp.com/
13:46:57.431 [FXGL Background Thread 3 ] DEBUG Engine               - urlPOM: https://raw.githubusercontent.com/AlmasB/FXGL/release/README.md
13:46:57.431 [FXGL Background Thread 3 ] DEBUG Engine               - userAppClass: class grafica.GameController
13:46:57.431 [FXGL Background Thread 3 ] DEBUG Engine               - version: 1.0
13:46:57.431 [FXGL Background Thread 3 ] DEBUG Engine               - versionCheckDays: 7
13:46:57.431 [FXGL Background Thread 3 ] DEBUG Engine               - width: 1920
13:46:57.431 [FXGL Background Thread 3 ] DEBUG Engine               - Logging services
13:46:57.431 [FXGL Background Thread 3 ] DEBUG Engine               - class com.almasb.fxgl.app.services.FXGLAssetLoaderService
13:46:57.431 [FXGL Background Thread 3 ] DEBUG Engine               - class com.almasb.fxgl.app.FXGLApplication$GameApplicationService
13:46:57.431 [FXGL Background Thread 3 ] DEBUG Engine               - class com.almasb.fxgl.app.services.FXGLDialogService
13:46:57.431 [FXGL Background Thread 3 ] DEBUG Engine               - class com.almasb.fxgl.app.services.IOTaskExecutorService
13:46:57.431 [FXGL Background Thread 3 ] DEBUG Engine               - class com.almasb.fxgl.io.FileSystemService
13:46:57.431 [FXGL Background Thread 3 ] DEBUG Engine               - class com.almasb.fxgl.localization.LocalizationService
13:46:57.431 [FXGL Background Thread 3 ] DEBUG Engine               - class com.almasb.fxgl.app.services.SystemBundleService
13:46:57.431 [FXGL Background Thread 3 ] DEBUG Engine               - class com.almasb.fxgl.profile.SaveLoadService
13:46:57.431 [FXGL Background Thread 3 ] DEBUG Engine               - class com.almasb.fxgl.ui.FXGLUIFactoryServiceProvider
13:46:57.431 [FXGL Background Thread 3 ] DEBUG Engine               - class com.almasb.fxgl.ui.FXGLDialogFactoryServiceProvider
13:46:57.431 [FXGL Background Thread 3 ] DEBUG Engine               - class com.almasb.fxgl.audio.AudioPlayer
13:46:57.431 [FXGL Background Thread 3 ] DEBUG Engine               - class com.almasb.fxgl.notification.impl.NotificationServiceProvider
13:46:57.431 [FXGL Background Thread 3 ] DEBUG Engine               - class com.almasb.fxgl.achievement.AchievementService
13:46:57.431 [FXGL Background Thread 3 ] DEBUG Engine               - class com.almasb.fxgl.cutscene.CutsceneService
13:46:57.431 [FXGL Background Thread 3 ] DEBUG Engine               - class com.almasb.fxgl.minigames.MiniGameService
13:46:57.431 [FXGL Background Thread 3 ] DEBUG Engine               - class com.almasb.fxgl.net.NetService
13:46:57.431 [FXGL Background Thread 3 ] DEBUG Engine               - class com.almasb.fxgl.app.services.UpdaterService
13:46:57.431 [FXGL Background Thread 3 ] DEBUG Engine               - class com.almasb.fxgl.dev.DevService
13:47:08.445 [JavaFX Application Thread] DEBUG FXGLApplication      - Exiting FXGL
13:47:08.445 [JavaFX Application Thread] DEBUG Async                - Shutting down background threads
13:47:08.446 [JavaFX Application Thread] DEBUG PrimaryStageWindow   - Closing main window
13:47:08.460 [JavaFX Application Thread] DEBUG Logger               - Closing Logger
