18:34:30.718 [main                     ] DEBUG Logger               - Configured Logger
18:34:30.725 [main                     ] DEBUG GameApplication      - Logging settings
Title: Harry Potter: Hogwarts Battle
Version: 2.0
Width: 1920
Height: 1080
Fullscreen: true
Intro: false
Profiling: false
Single step:false
App Mode: DEVELOPER
Menu Key: ESCAPE
Stage Style: DECORATED
Scene Factory: class com.almasb.fxgl.app.scene.SceneFactory

18:34:31.133 [JavaFX Application Thread] DEBUG FXGLApplication      - Initializing FXGL
18:34:31.135 [JavaFX Application Thread] INFO  Engine               - FXGL-21.1 (27.03.2024 07.52) on WINDOWS (J:24.0.2 FX:21.0.1)
18:34:31.135 [JavaFX Application Thread] DEBUG Engine               - JRE Vendor Name: Oracle Corporation
18:34:31.135 [JavaFX Application Thread] DEBUG Engine               - Running on OS: Windows 11 version 10.0
18:34:31.135 [JavaFX Application Thread] DEBUG Engine               - Architecture: amd64
18:34:31.135 [JavaFX Application Thread] INFO  Engine               - Source code and latest versions at: https://github.com/AlmasB/FXGL
18:34:31.135 [JavaFX Application Thread] INFO  Engine               -       Ask questions and discuss at: https://github.com/AlmasB/FXGL/discussions
18:34:31.135 [JavaFX Application Thread] INFO  Engine               -              Join the FXGL chat at: https://gitter.im/AlmasB/FXGL
18:34:31.207 [JavaFX Application Thread] DEBUG PrimaryStageWindow   - Creating a JavaFX scene
18:34:31.241 [JavaFX Application Thread] DEBUG PrimaryStageWindow   - Target settings size: 1920.0 x 1080.0
18:34:31.241 [JavaFX Application Thread] DEBUG PrimaryStageWindow   - Scaled scene size:    1920.0 x 1080.0
18:34:31.242 [JavaFX Application Thread] DEBUG PrimaryStageWindow   - Scaled ratio: (1.0, 1.0)
18:34:31.242 [JavaFX Application Thread] DEBUG PrimaryStageWindow   - Set initial scene to FXGLStartupScene
18:34:31.246 [JavaFX Application Thread] DEBUG PrimaryStageWindow   - Opening main window
18:34:31.309 [JavaFX Application Thread] DEBUG PrimaryStageWindow   - Window border size: (14.6666259765625, 37.3333740234375)
18:34:31.309 [JavaFX Application Thread] DEBUG PrimaryStageWindow   - Scaled size: 1920.0 x 1080.0
18:34:31.309 [JavaFX Application Thread] DEBUG PrimaryStageWindow   - Scaled ratio: (1.0, 1.0)
18:34:31.309 [JavaFX Application Thread] DEBUG PrimaryStageWindow   - Scene size: 1920.0 x 1080.0
18:34:31.309 [JavaFX Application Thread] DEBUG PrimaryStageWindow   - Stage size: 1934.6666259765625 x 1117.3333740234375
18:34:31.315 [FXGL Background Thread 1 ] DEBUG Engine               - Initializing environment variables
18:34:31.362 [FXGL Background Thread 1 ] DEBUG FXGLAssetLoaderServi - User app class for loading assets: class grafica.GameApp
18:34:31.363 [FXGL Background Thread 1 ] DEBUG GameApplicationServi - Applying CSS: fxgl_dark.css
18:34:31.363 [FXGL Background Thread 1 ] DEBUG FXGLAssetLoaderServi - Loading from file system: jar:file:/C:/Users/Leo/.m2/repository/com/github/almasb/fxgl/21.1/fxgl-21.1.jar!/fxglassets/ui/css/fxgl_dark.css
18:34:31.394 [FXGL Background Thread 1 ] DEBUG GameApplicationServi - Initializing application scenes
18:34:31.435 [FXGL Background Thread 1 ] DEBUG GameWorld            - Game world initialized
18:34:31.481 [FXGL Background Thread 1 ] DEBUG PhysicsWorld         - Physics world initialized: appHeight=1080, physics.ppm=50,0
18:34:31.482 [FXGL Background Thread 1 ] DEBUG PhysicsWorld         - Using strategy: BRUTE_FORCE
18:34:31.484 [FXGL Background Thread 1 ] DEBUG GameScene            - Game scene initialized: 1920x1080
18:34:31.491 [FXGL Background Thread 1 ] DEBUG FXGL.DefaultMenu     - createMenuBodyGameMenu()
18:34:31.501 [FXGL Background Thread 1 ] DEBUG FXGL.DefaultMenu     - createOptionsMenu()
18:34:31.508 [FXGL Background Thread 1 ] DEBUG FXGLAssetLoaderServi - Loading from file system: jar:file:/C:/Users/Leo/.m2/repository/com/github/almasb/fxgl/21.1/fxgl-21.1.jar!/fxglassets/textures/particles/smoke.png
18:34:31.588 [FXGL Background Thread 1 ] DEBUG FXGLAssetLoaderServi - Loading from file system: jar:file:/C:/Users/Leo/.m2/repository/com/github/almasb/fxgl/21.1/fxgl-21.1.jar!/fxglassets/textures/particles/trace_horizontal.png
18:34:31.609 [FXGL Background Thread 1 ] DEBUG GameApplicationServi - Application scenes initialized
18:34:31.618 [FXGL Background Thread 1 ] DEBUG SystemBundleService  - Loading FXGL system data
18:34:31.621 [FXGL Background Thread 1 ] DEBUG FileSystemAccess     - Reading from: D:\documenti\Leonardo\università\anno_3\Ingegneria_del_software\Progetto\Progetto_Ing_Software\HogwartsBattle\HogwartsBattle\system\fxgl.bundle
18:34:31.626 [FXGL Background Thread 1 ] DEBUG SystemBundleService  - Bundle FXGL: {}
18:34:31.626 [FXGL Background Thread 1 ] DEBUG UpdaterService       - Checking for updates
18:34:31.629 [FXGL Background Thread 4 ] DEBUG FXGLApplication      - Loading fonts
18:34:31.630 [FXGL Background Thread 4 ] DEBUG FXGLAssetLoaderServi - Loading from file system: jar:file:/C:/Users/Leo/.m2/repository/com/github/almasb/fxgl/21.1/fxgl-21.1.jar!/fxglassets/ui/fonts/VarelaRound-Regular.ttf
18:34:31.630 [FXGL Background Thread 1 ] DEBUG FXGLApplication      - Loading default localization
18:34:31.630 [FXGL Background Thread 1 ] DEBUG FXGLAssetLoaderServi - Loading from file system: jar:file:/C:/Users/Leo/.m2/repository/com/github/almasb/fxgl/21.1/fxgl-21.1.jar!/fxglassets/languages/english.lang
18:34:31.657 [FXGL Background Thread 1 ] INFO  FXGLApplication      - FXGL initialization took: 0,343 sec
18:34:31.658 [JavaFX Application Thread] DEBUG FXGLAssetLoaderServi - Loading from file system: jar:file:/C:/Users/Leo/.m2/repository/com/github/almasb/fxgl/21.1/fxgl-21.1.jar!/fxglassets/textures/fxgl_icon.png
18:34:31.661 [FXGL Background Thread 4 ] DEBUG FXGLAssetLoaderServi - Loading from file system: jar:file:/C:/Users/Leo/.m2/repository/com/github/almasb/fxgl/21.1/fxgl-21.1.jar!/fxglassets/ui/fonts/Abel-Regular.ttf
18:34:31.663 [FXGL Background Thread 4 ] DEBUG FXGLAssetLoaderServi - Loading from file system: jar:file:/C:/Users/Leo/.m2/repository/com/github/almasb/fxgl/21.1/fxgl-21.1.jar!/fxglassets/ui/fonts/TerminalLandMono-Regular.otf
18:34:31.665 [FXGL Background Thread 4 ] DEBUG FXGLAssetLoaderServi - Loading from file system: jar:file:/C:/Users/Leo/.m2/repository/com/github/almasb/fxgl/21.1/fxgl-21.1.jar!/fxglassets/ui/fonts/Courier-Prime.ttf
18:34:31.680 [JavaFX Application Thread] DEBUG FXGLAssetLoaderServi - Loading from file system: jar:file:/C:/Users/Leo/.m2/repository/com/github/almasb/fxgl/21.1/fxgl-21.1.jar!/fxglassets/textures/fxgl_default_cursor.png
18:34:31.696 [JavaFX Application Thread] DEBUG Input                - Registered new binding: Screenshot - CTRL+8
18:34:31.697 [JavaFX Application Thread] DEBUG Input                - Registered new binding: System info dump - CTRL+9
18:34:31.697 [JavaFX Application Thread] DEBUG Input                - Registered new binding: Restart - CTRL+R
18:34:31.698 [JavaFX Application Thread] DEBUG Input                - Registered new binding: Toggle Debug Camera - CTRL+7
18:34:31.703 [JavaFX Application Thread] DEBUG LoopRunner           - Starting loop
18:34:31.703 [JavaFX Application Thread] DEBUG LoopRunner           - Initializing JavaFX AnimationTimerLoop
18:34:31.705 [JavaFX Application Thread] DEBUG GameApplicationServi - Starting new game
18:34:31.706 [JavaFX Application Thread] DEBUG Input                - Clearing active input actions
18:34:31.718 [JavaFX Application Thread] DEBUG GameApplicationServi - Removing overlay from FXGLStartupScene and adding to FXGLLoadingScene
18:34:31.718 [JavaFX Application Thread] DEBUG PrimaryStageWindow   - FXGLStartupScene -> FXGLLoadingScene
18:34:31.719 [JavaFX Application Thread] DEBUG GameApplicationServi - Clearing previous game
18:34:31.719 [JavaFX Application Thread] DEBUG GameScene            - Clearing game scene
18:34:31.719 [JavaFX Application Thread] DEBUG GameWorld            - Clearing game world
18:34:31.719 [JavaFX Application Thread] DEBUG PhysicsWorld         - Clearing physics world
18:34:31.722 [FXGL Background Thread 4 ] DEBUG FXGLApplication      - Initializing game
18:34:31.723 [JavaFX Application Thread] DEBUG FXGLApplication      - Registering font factories with UI factory
18:34:31.756 [FXGL Background Thread 4 ] INFO  FXGLApplication      - Game initialization took: 0,035 sec
18:34:31.783 [JavaFX Application Thread] DEBUG Input                - Clearing active input actions
18:34:31.788 [JavaFX Application Thread] DEBUG GameApplicationServi - Removing overlay from FXGLLoadingScene and adding to GameScene
18:34:31.788 [JavaFX Application Thread] DEBUG PrimaryStageWindow   - FXGLLoadingScene -> GameScene
18:34:34.629 [FXGL Background Thread 3 ] DEBUG Engine               - Logging environment variables
18:34:34.629 [FXGL Background Thread 3 ] DEBUG Engine               - achievements: []
18:34:34.629 [FXGL Background Thread 3 ] DEBUG Engine               - actualHeight: 1080.0
18:34:34.629 [FXGL Background Thread 3 ] DEBUG Engine               - actualHeightProperty: ReadOnlyDoubleProperty [value: 1080.0]
18:34:34.629 [FXGL Background Thread 3 ] DEBUG Engine               - actualWidth: 1920.0
18:34:34.629 [FXGL Background Thread 3 ] DEBUG Engine               - actualWidthProperty: ReadOnlyDoubleProperty [value: 1920.0]
18:34:34.629 [FXGL Background Thread 3 ] DEBUG Engine               - appIcon: fxgl_icon.png
18:34:34.629 [FXGL Background Thread 3 ] DEBUG Engine               - applicationMode: DEVELOPER
18:34:34.629 [FXGL Background Thread 3 ] DEBUG Engine               - cSSList: [fxgl_dark.css]
18:34:34.629 [FXGL Background Thread 3 ] DEBUG Engine               - collisionDetectionStrategy: BRUTE_FORCE
18:34:34.629 [FXGL Background Thread 3 ] DEBUG Engine               - configClass: Optional.empty
18:34:34.629 [FXGL Background Thread 3 ] DEBUG Engine               - credits: []
18:34:34.630 [FXGL Background Thread 3 ] DEBUG Engine               - defaultCursor: CursorInfo(imageName=fxgl_default_cursor.png, hotspotX=7.0, hotspotY=6.0)
18:34:34.630 [FXGL Background Thread 3 ] DEBUG Engine               - devBBoxColorProperty: ObjectProperty [value: 0xff0000ff]
18:34:34.630 [FXGL Background Thread 3 ] DEBUG Engine               - devEnableDebugCameraProperty: BooleanProperty [value: false]
18:34:34.630 [FXGL Background Thread 3 ] DEBUG Engine               - devSensorColorProperty: ObjectProperty [value: 0xffff00ff]
18:34:34.630 [FXGL Background Thread 3 ] DEBUG Engine               - devShowBBoxProperty: BooleanProperty [value: false]
18:34:34.630 [FXGL Background Thread 3 ] DEBUG Engine               - devShowPositionProperty: BooleanProperty [value: false]
18:34:34.630 [FXGL Background Thread 3 ] DEBUG Engine               - enabledMenuItems: []
18:34:34.630 [FXGL Background Thread 3 ] DEBUG Engine               - engineServices: [class com.almasb.fxgl.app.services.FXGLAssetLoaderService, class com.almasb.fxgl.app.FXGLApplication$GameApplicationService, class com.almasb.fxgl.app.services.FXGLDialogService, class com.almasb.fxgl.app.services.IOTaskExecutorService, class com.almasb.fxgl.io.FileSystemService, class com.almasb.fxgl.localization.LocalizationService, class com.almasb.fxgl.app.services.SystemBundleService, class com.almasb.fxgl.profile.SaveLoadService, class com.almasb.fxgl.ui.FXGLUIFactoryServiceProvider, class com.almasb.fxgl.ui.FXGLDialogFactoryServiceProvider, class com.almasb.fxgl.audio.AudioPlayer, class com.almasb.fxgl.notification.impl.NotificationServiceProvider, class com.almasb.fxgl.achievement.AchievementService, class com.almasb.fxgl.cutscene.CutsceneService, class com.almasb.fxgl.minigames.MiniGameService, class com.almasb.fxgl.net.NetService, class com.almasb.fxgl.app.services.UpdaterService, class com.almasb.fxgl.dev.DevService]
18:34:34.630 [FXGL Background Thread 3 ] DEBUG Engine               - fontGame: Abel-Regular.ttf
18:34:34.630 [FXGL Background Thread 3 ] DEBUG Engine               - fontMono: TerminalLandMono-Regular.otf
18:34:34.630 [FXGL Background Thread 3 ] DEBUG Engine               - fontSizeScaleUI: 1.0
18:34:34.630 [FXGL Background Thread 3 ] DEBUG Engine               - fontText: Courier-Prime.ttf
18:34:34.630 [FXGL Background Thread 3 ] DEBUG Engine               - fontUI: VarelaRound-Regular.ttf
18:34:34.630 [FXGL Background Thread 3 ] DEBUG Engine               - fullScreen: BooleanProperty [value: false]
18:34:34.630 [FXGL Background Thread 3 ] DEBUG Engine               - gameDifficulty: MEDIUM
18:34:34.630 [FXGL Background Thread 3 ] DEBUG Engine               - gameDifficultyProperty: ObjectProperty [value: MEDIUM]
18:34:34.630 [FXGL Background Thread 3 ] DEBUG Engine               - globalMusicVolume: 0.5
18:34:34.630 [FXGL Background Thread 3 ] DEBUG Engine               - globalMusicVolumeProperty: DoubleProperty [value: 0.5]
18:34:34.630 [FXGL Background Thread 3 ] DEBUG Engine               - globalSoundVolume: 0.5
18:34:34.630 [FXGL Background Thread 3 ] DEBUG Engine               - globalSoundVolumeProperty: DoubleProperty [value: 0.5]
18:34:34.630 [FXGL Background Thread 3 ] DEBUG Engine               - height: 1080
18:34:34.630 [FXGL Background Thread 3 ] DEBUG Engine               - is3D: false
18:34:34.630 [FXGL Background Thread 3 ] DEBUG Engine               - isAndroid: false
18:34:34.630 [FXGL Background Thread 3 ] DEBUG Engine               - isBrowser: false
18:34:34.630 [FXGL Background Thread 3 ] DEBUG Engine               - isClickFeedbackEnabled: false
18:34:34.630 [FXGL Background Thread 3 ] DEBUG Engine               - isCloseConfirmation: false
18:34:34.630 [FXGL Background Thread 3 ] DEBUG Engine               - isDesktop: true
18:34:34.631 [FXGL Background Thread 3 ] DEBUG Engine               - isDeveloperMenuEnabled: false
18:34:34.631 [FXGL Background Thread 3 ] DEBUG Engine               - isEmbedded: false
18:34:34.631 [FXGL Background Thread 3 ] DEBUG Engine               - isEntityPreloadEnabled: true
18:34:34.631 [FXGL Background Thread 3 ] DEBUG Engine               - isExperimentalTiledLargeMap: false
18:34:34.631 [FXGL Background Thread 3 ] DEBUG Engine               - isFileSystemWriteAllowed: true
18:34:34.631 [FXGL Background Thread 3 ] DEBUG Engine               - isFullScreenAllowed: true
18:34:34.631 [FXGL Background Thread 3 ] DEBUG Engine               - isFullScreenFromStart: false
18:34:34.631 [FXGL Background Thread 3 ] DEBUG Engine               - isGameMenuEnabled: true
18:34:34.631 [FXGL Background Thread 3 ] DEBUG Engine               - isIOS: false
18:34:34.631 [FXGL Background Thread 3 ] DEBUG Engine               - isIntroEnabled: false
18:34:34.631 [FXGL Background Thread 3 ] DEBUG Engine               - isLinux: false
18:34:34.631 [FXGL Background Thread 3 ] DEBUG Engine               - isMac: false
18:34:34.631 [FXGL Background Thread 3 ] DEBUG Engine               - isMainMenuEnabled: false
18:34:34.631 [FXGL Background Thread 3 ] DEBUG Engine               - isManualResizeEnabled: true
18:34:34.631 [FXGL Background Thread 3 ] DEBUG Engine               - isMobile: false
18:34:34.631 [FXGL Background Thread 3 ] DEBUG Engine               - isNative: false
18:34:34.631 [FXGL Background Thread 3 ] DEBUG Engine               - isPauseMusicWhenMinimized: true
18:34:34.631 [FXGL Background Thread 3 ] DEBUG Engine               - isPreserveResizeRatio: true
18:34:34.631 [FXGL Background Thread 3 ] DEBUG Engine               - isProfilingEnabled: false
18:34:34.631 [FXGL Background Thread 3 ] DEBUG Engine               - isScaleAffectedOnResize: true
18:34:34.631 [FXGL Background Thread 3 ] DEBUG Engine               - isSingleStep: false
18:34:34.631 [FXGL Background Thread 3 ] DEBUG Engine               - isUserProfileEnabled: false
18:34:34.631 [FXGL Background Thread 3 ] DEBUG Engine               - isWindows: true
18:34:34.632 [FXGL Background Thread 3 ] DEBUG Engine               - language: ObjectProperty [value: ENGLISH]
18:34:34.632 [FXGL Background Thread 3 ] DEBUG Engine               - menuKey: ESCAPE
18:34:34.632 [FXGL Background Thread 3 ] DEBUG Engine               - mouseSensitivity: 0.2
18:34:34.632 [FXGL Background Thread 3 ] DEBUG Engine               - notificationViewClass: class com.almasb.fxgl.notification.view.XboxNotificationView
18:34:34.632 [FXGL Background Thread 3 ] DEBUG Engine               - pixelsPerMeter: 50.0
18:34:34.632 [FXGL Background Thread 3 ] DEBUG Engine               - platform: WINDOWS
18:34:34.632 [FXGL Background Thread 3 ] DEBUG Engine               - prefHeightProperty: ReadOnlyDoubleProperty [value: 1080.0]
18:34:34.632 [FXGL Background Thread 3 ] DEBUG Engine               - prefWidthProperty: ReadOnlyDoubleProperty [value: 1920.0]
18:34:34.632 [FXGL Background Thread 3 ] DEBUG Engine               - profileDir: profiles/
18:34:34.632 [FXGL Background Thread 3 ] DEBUG Engine               - profileName: StringProperty [value: DEFAULT]
18:34:34.632 [FXGL Background Thread 3 ] DEBUG Engine               - randomSeed: -1
18:34:34.632 [FXGL Background Thread 3 ] DEBUG Engine               - runtimeInfo: RuntimeInfo(platform=WINDOWS, version=21.1, build=27.03.2024 07.52)
18:34:34.632 [FXGL Background Thread 3 ] DEBUG Engine               - saveFileExt: sav
18:34:34.632 [FXGL Background Thread 3 ] DEBUG Engine               - scaledHeightProp$fxgl: DoubleProperty [bound, value: 1080.0]
18:34:34.632 [FXGL Background Thread 3 ] DEBUG Engine               - scaledWidthProp$fxgl: DoubleProperty [bound, value: 1920.0]
18:34:34.632 [FXGL Background Thread 3 ] DEBUG Engine               - sceneFactory: com.almasb.fxgl.app.scene.SceneFactory@766b540b
18:34:34.632 [FXGL Background Thread 3 ] DEBUG Engine               - secondsIn24h: 60
18:34:34.632 [FXGL Background Thread 3 ] DEBUG Engine               - soundMenuBack: menu/back.wav
18:34:34.632 [FXGL Background Thread 3 ] DEBUG Engine               - soundMenuPress: menu/press.wav
18:34:34.632 [FXGL Background Thread 3 ] DEBUG Engine               - soundMenuSelect: menu/select.wav
18:34:34.632 [FXGL Background Thread 3 ] DEBUG Engine               - soundNotification: core/notification.wav
18:34:34.632 [FXGL Background Thread 3 ] DEBUG Engine               - stageStyle: DECORATED
18:34:34.632 [FXGL Background Thread 3 ] DEBUG Engine               - supportedLanguages: [ENGLISH, FRENCH, GERMAN, HUNGARIAN, RUSSIAN]
18:34:34.632 [FXGL Background Thread 3 ] DEBUG Engine               - ticksPerSecond: -1
18:34:34.632 [FXGL Background Thread 3 ] DEBUG Engine               - title: Harry Potter: Hogwarts Battle
18:34:34.632 [FXGL Background Thread 3 ] DEBUG Engine               - urlGithub: https://github.com/AlmasB/FXGL
18:34:34.632 [FXGL Background Thread 3 ] DEBUG Engine               - urlLeaderboard: http://fxgl-top.herokuapp.com/
18:34:34.632 [FXGL Background Thread 3 ] DEBUG Engine               - urlPOM: https://raw.githubusercontent.com/AlmasB/FXGL/release/README.md
18:34:34.632 [FXGL Background Thread 3 ] DEBUG Engine               - userAppClass: class grafica.GameApp
18:34:34.632 [FXGL Background Thread 3 ] DEBUG Engine               - version: 2.0
18:34:34.632 [FXGL Background Thread 3 ] DEBUG Engine               - versionCheckDays: 7
18:34:34.632 [FXGL Background Thread 3 ] DEBUG Engine               - width: 1920
18:34:34.632 [FXGL Background Thread 3 ] DEBUG Engine               - Logging services
18:34:34.632 [FXGL Background Thread 3 ] DEBUG Engine               - class com.almasb.fxgl.app.services.FXGLAssetLoaderService
18:34:34.632 [FXGL Background Thread 3 ] DEBUG Engine               - class com.almasb.fxgl.app.FXGLApplication$GameApplicationService
18:34:34.632 [FXGL Background Thread 3 ] DEBUG Engine               - class com.almasb.fxgl.app.services.FXGLDialogService
18:34:34.632 [FXGL Background Thread 3 ] DEBUG Engine               - class com.almasb.fxgl.app.services.IOTaskExecutorService
18:34:34.632 [FXGL Background Thread 3 ] DEBUG Engine               - class com.almasb.fxgl.io.FileSystemService
18:34:34.632 [FXGL Background Thread 3 ] DEBUG Engine               - class com.almasb.fxgl.localization.LocalizationService
18:34:34.632 [FXGL Background Thread 3 ] DEBUG Engine               - class com.almasb.fxgl.app.services.SystemBundleService
18:34:34.632 [FXGL Background Thread 3 ] DEBUG Engine               - class com.almasb.fxgl.profile.SaveLoadService
18:34:34.632 [FXGL Background Thread 3 ] DEBUG Engine               - class com.almasb.fxgl.ui.FXGLUIFactoryServiceProvider
18:34:34.632 [FXGL Background Thread 3 ] DEBUG Engine               - class com.almasb.fxgl.ui.FXGLDialogFactoryServiceProvider
18:34:34.632 [FXGL Background Thread 3 ] DEBUG Engine               - class com.almasb.fxgl.audio.AudioPlayer
18:34:34.632 [FXGL Background Thread 3 ] DEBUG Engine               - class com.almasb.fxgl.notification.impl.NotificationServiceProvider
18:34:34.632 [FXGL Background Thread 3 ] DEBUG Engine               - class com.almasb.fxgl.achievement.AchievementService
18:34:34.632 [FXGL Background Thread 3 ] DEBUG Engine               - class com.almasb.fxgl.cutscene.CutsceneService
18:34:34.632 [FXGL Background Thread 3 ] DEBUG Engine               - class com.almasb.fxgl.minigames.MiniGameService
18:34:34.633 [FXGL Background Thread 3 ] DEBUG Engine               - class com.almasb.fxgl.net.NetService
18:34:34.633 [FXGL Background Thread 3 ] DEBUG Engine               - class com.almasb.fxgl.app.services.UpdaterService
18:34:34.633 [FXGL Background Thread 3 ] DEBUG Engine               - class com.almasb.fxgl.dev.DevService
18:35:16.021 [JavaFX Application Thread] DEBUG LoopRunner           - Stopping loop
18:35:16.022 [JavaFX Application Thread] FATAL FXGLApplication      - Uncaught Exception:
java.lang.IndexOutOfBoundsException: Index 0 out of bounds for length 0
	at java.base/jdk.internal.util.Preconditions.outOfBounds(Preconditions.java:100)
	at java.base/jdk.internal.util.Preconditions.outOfBoundsCheckIndex(Preconditions.java:106)
	at java.base/jdk.internal.util.Preconditions.checkIndex(Preconditions.java:302)
	at java.base/java.util.Objects.checkIndex(Objects.java:365)
	at java.base/java.util.ArrayList.get(ArrayList.java:428)
	at carte.Mazzo.get(Mazzo.java:71)
	at gestoreEffetti.EsecutoreEffetti.rivelaCarta(EsecutoreEffetti.java:648)
	at gestoreEffetti.EsecutoreEffetti.eseguiEffetto(EsecutoreEffetti.java:148)
	at carte.Carta.applicaEffetto(Carta.java:41)
	at gioco.TurnManager.eseguiFaseArtiOscure(TurnManager.java:113)
	at com.almasb.fxgl.time.TimerAction.update(TimerAction.kt:69)
	at com.almasb.fxgl.time.Timer.update(Timer.kt:38)
	at com.almasb.fxgl.scene.Scene.update(Scene.kt:104)
	at com.almasb.fxgl.app.MainWindow$update$1.invoke(MainWindow.kt:121)
	at com.almasb.fxgl.app.MainWindow$update$1.invoke(MainWindow.kt:121)
	at com.almasb.fxgl.core.fsm.StateMachine.runOnActiveStates(StateMachine.kt:69)
	at com.almasb.fxgl.app.MainWindow.update(MainWindow.kt:121)
	at com.almasb.fxgl.app.FXGLApplication$GameApplicationService.onUpdate(FXGLApplication.kt:445)
	at com.almasb.fxgl.app.Engine.loop(Engine.kt:134)
	at com.almasb.fxgl.app.Engine.access$loop(Engine.kt:24)
	at com.almasb.fxgl.app.Engine$loop$1.invoke(Engine.kt:28)
	at com.almasb.fxgl.app.Engine$loop$1.invoke(Engine.kt:28)
	at com.almasb.fxgl.app.LoopRunner.frame(LoopRunner.kt:103)
	at com.almasb.fxgl.app.LoopRunner.access$frame(LoopRunner.kt:23)
	at com.almasb.fxgl.app.LoopRunner$impl$2$1.onTick(LoopRunner.kt:57)
	at com.almasb.fxgl.app.AnimationTimerLoop$timer$1.handle(LoopRunner.kt:137)
	at javafx.animation.AnimationTimer$AnimationTimerReceiver.lambda$handle$0(AnimationTimer.java:58)
	at java.base/java.security.AccessController.doPrivileged(AccessController.java:138)
	at javafx.animation.AnimationTimer$AnimationTimerReceiver.handle(AnimationTimer.java:57)
	at com.sun.scenario.animation.AbstractPrimaryTimer.timePulseImpl(AbstractPrimaryTimer.java:356)
	at com.sun.scenario.animation.AbstractPrimaryTimer$MainLoop.run(AbstractPrimaryTimer.java:266)
	at com.sun.javafx.tk.quantum.QuantumToolkit.pulse(QuantumToolkit.java:588)
	at com.sun.javafx.tk.quantum.QuantumToolkit.pulse(QuantumToolkit.java:572)
	at com.sun.javafx.tk.quantum.QuantumToolkit.pulseFromQueue(QuantumToolkit.java:565)
	at com.sun.javafx.tk.quantum.QuantumToolkit.lambda$runToolkit$11(QuantumToolkit.java:352)
	at com.sun.glass.ui.InvokeLaterDispatcher$Future.run(InvokeLaterDispatcher.java:95)
	at com.sun.glass.ui.win.WinApplication._runLoop(Native Method)
	at com.sun.glass.ui.win.WinApplication.lambda$runLoop$3(WinApplication.java:185)
	at java.base/java.lang.Thread.run(Thread.java:1447)

18:35:16.022 [JavaFX Application Thread] FATAL FXGLApplication      - Application will now exit
18:35:16.033 [JavaFX Application Thread] DEBUG PrimaryStageWindow   - Push state: ErrorSubScene
18:35:16.033 [JavaFX Application Thread] DEBUG Input                - Clearing active input actions
18:35:16.034 [JavaFX Application Thread] DEBUG GameApplicationServi - Removing overlay from GameScene and adding to ErrorSubScene
18:35:16.034 [JavaFX Application Thread] DEBUG PrimaryStageWindow   - GameScene -> ErrorSubScene
18:40:24.824 [JavaFX Application Thread] DEBUG FXGLApplication      - Exiting FXGL
18:40:24.824 [JavaFX Application Thread] DEBUG Async                - Shutting down background threads
18:40:24.824 [JavaFX Application Thread] DEBUG PrimaryStageWindow   - Closing main window
18:40:24.833 [JavaFX Application Thread] DEBUG Logger               - Closing Logger
