14:55:19.965 [main                     ] DEBUG Logger               - Configured Logger
14:55:19.972 [main                     ] DEBUG GameApplication      - Logging settings
Title: Harry Potter: Hogwarts Battle - Deck Building Game
Version: 1.0
Width: 1920
Height: 1080
Fullscreen: true
Intro: false
Profiling: false
Single step:false
App Mode: DEVELOPER
Menu Key: ESCAPE
Stage Style: DECORATED
Scene Factory: class com.almasb.fxgl.app.scene.SceneFactory

14:55:20.374 [JavaFX Application Thread] DEBUG FXGLApplication      - Initializing FXGL
14:55:20.376 [JavaFX Application Thread] INFO  Engine               - FXGL-21.1 (27.03.2024 07.52) on WINDOWS (J:24.0.2 FX:21.0.1)
14:55:20.376 [JavaFX Application Thread] DEBUG Engine               - JRE Vendor Name: Oracle Corporation
14:55:20.376 [JavaFX Application Thread] DEBUG Engine               - Running on OS: Windows 11 version 10.0
14:55:20.376 [JavaFX Application Thread] DEBUG Engine               - Architecture: amd64
14:55:20.376 [JavaFX Application Thread] INFO  Engine               - Source code and latest versions at: https://github.com/AlmasB/FXGL
14:55:20.376 [JavaFX Application Thread] INFO  Engine               -       Ask questions and discuss at: https://github.com/AlmasB/FXGL/discussions
14:55:20.376 [JavaFX Application Thread] INFO  Engine               -              Join the FXGL chat at: https://gitter.im/AlmasB/FXGL
14:55:20.452 [JavaFX Application Thread] DEBUG PrimaryStageWindow   - Creating a JavaFX scene
14:55:20.491 [JavaFX Application Thread] DEBUG PrimaryStageWindow   - Target settings size: 1920.0 x 1080.0
14:55:20.491 [JavaFX Application Thread] DEBUG PrimaryStageWindow   - Scaled scene size:    1920.0 x 1080.0
14:55:20.491 [JavaFX Application Thread] DEBUG PrimaryStageWindow   - Scaled ratio: (1.0, 1.0)
14:55:20.492 [JavaFX Application Thread] DEBUG PrimaryStageWindow   - Set initial scene to FXGLStartupScene
14:55:20.495 [JavaFX Application Thread] DEBUG PrimaryStageWindow   - Opening main window
14:55:20.565 [JavaFX Application Thread] DEBUG PrimaryStageWindow   - Window border size: (14.6666259765625, 37.3333740234375)
14:55:20.565 [JavaFX Application Thread] DEBUG PrimaryStageWindow   - Scaled size: 1920.0 x 1080.0
14:55:20.565 [JavaFX Application Thread] DEBUG PrimaryStageWindow   - Scaled ratio: (1.0, 1.0)
14:55:20.566 [JavaFX Application Thread] DEBUG PrimaryStageWindow   - Scene size: 1920.0 x 1080.0
14:55:20.566 [JavaFX Application Thread] DEBUG PrimaryStageWindow   - Stage size: 1934.6666259765625 x 1117.3333740234375
14:55:20.571 [FXGL Background Thread 1 ] DEBUG Engine               - Initializing environment variables
14:55:20.621 [FXGL Background Thread 1 ] DEBUG FXGLAssetLoaderServi - User app class for loading assets: class grafica.GameController
14:55:20.621 [FXGL Background Thread 1 ] DEBUG GameApplicationServi - Applying CSS: fxgl_dark.css
14:55:20.622 [FXGL Background Thread 1 ] DEBUG FXGLAssetLoaderServi - Loading from file system: jar:file:/C:/Users/Leo/.m2/repository/com/github/almasb/fxgl/21.1/fxgl-21.1.jar!/fxglassets/ui/css/fxgl_dark.css
14:55:20.655 [FXGL Background Thread 1 ] DEBUG GameApplicationServi - Initializing application scenes
14:55:20.695 [FXGL Background Thread 1 ] DEBUG GameWorld            - Game world initialized
14:55:20.740 [FXGL Background Thread 1 ] DEBUG PhysicsWorld         - Physics world initialized: appHeight=1080, physics.ppm=50,0
14:55:20.741 [FXGL Background Thread 1 ] DEBUG PhysicsWorld         - Using strategy: BRUTE_FORCE
14:55:20.747 [FXGL Background Thread 1 ] DEBUG GameScene            - Game scene initialized: 1920x1080
14:55:20.755 [FXGL Background Thread 1 ] DEBUG FXGL.DefaultMenu     - createMenuBodyGameMenu()
14:55:20.765 [FXGL Background Thread 1 ] DEBUG FXGL.DefaultMenu     - createOptionsMenu()
14:55:20.774 [FXGL Background Thread 1 ] DEBUG FXGLAssetLoaderServi - Loading from file system: jar:file:/C:/Users/Leo/.m2/repository/com/github/almasb/fxgl/21.1/fxgl-21.1.jar!/fxglassets/textures/particles/smoke.png
14:55:20.859 [FXGL Background Thread 1 ] DEBUG FXGLAssetLoaderServi - Loading from file system: jar:file:/C:/Users/Leo/.m2/repository/com/github/almasb/fxgl/21.1/fxgl-21.1.jar!/fxglassets/textures/particles/trace_horizontal.png
14:55:20.897 [FXGL Background Thread 1 ] DEBUG GameApplicationServi - Application scenes initialized
14:55:20.905 [FXGL Background Thread 1 ] DEBUG SystemBundleService  - Loading FXGL system data
14:55:20.907 [FXGL Background Thread 1 ] DEBUG FileSystemAccess     - Reading from: D:\documenti\Leonardo\università\anno_3\Ingegneria_del_software\Progetto\Progetto_Ing_Software\HogwartsBattle\HogwartsBattle\system\fxgl.bundle
14:55:20.912 [FXGL Background Thread 1 ] DEBUG SystemBundleService  - Bundle FXGL: {}
14:55:20.912 [FXGL Background Thread 1 ] DEBUG UpdaterService       - Checking for updates
14:55:20.914 [FXGL Background Thread 4 ] DEBUG FXGLApplication      - Loading fonts
14:55:20.914 [FXGL Background Thread 4 ] DEBUG FXGLAssetLoaderServi - Loading from file system: jar:file:/C:/Users/Leo/.m2/repository/com/github/almasb/fxgl/21.1/fxgl-21.1.jar!/fxglassets/ui/fonts/VarelaRound-Regular.ttf
14:55:20.915 [FXGL Background Thread 1 ] DEBUG FXGLApplication      - Loading default localization
14:55:20.915 [FXGL Background Thread 1 ] DEBUG FXGLAssetLoaderServi - Loading from file system: jar:file:/C:/Users/Leo/.m2/repository/com/github/almasb/fxgl/21.1/fxgl-21.1.jar!/fxglassets/languages/english.lang
14:55:20.943 [FXGL Background Thread 1 ] INFO  FXGLApplication      - FXGL initialization took: 0,372 sec
14:55:20.944 [JavaFX Application Thread] DEBUG FXGLAssetLoaderServi - Loading from file system: jar:file:/C:/Users/Leo/.m2/repository/com/github/almasb/fxgl/21.1/fxgl-21.1.jar!/fxglassets/textures/fxgl_icon.png
14:55:20.949 [FXGL Background Thread 4 ] DEBUG FXGLAssetLoaderServi - Loading from file system: jar:file:/C:/Users/Leo/.m2/repository/com/github/almasb/fxgl/21.1/fxgl-21.1.jar!/fxglassets/ui/fonts/Abel-Regular.ttf
14:55:20.951 [FXGL Background Thread 4 ] DEBUG FXGLAssetLoaderServi - Loading from file system: jar:file:/C:/Users/Leo/.m2/repository/com/github/almasb/fxgl/21.1/fxgl-21.1.jar!/fxglassets/ui/fonts/TerminalLandMono-Regular.otf
14:55:20.955 [FXGL Background Thread 4 ] DEBUG FXGLAssetLoaderServi - Loading from file system: jar:file:/C:/Users/Leo/.m2/repository/com/github/almasb/fxgl/21.1/fxgl-21.1.jar!/fxglassets/ui/fonts/Courier-Prime.ttf
14:55:20.967 [JavaFX Application Thread] DEBUG FXGLAssetLoaderServi - Loading from file system: jar:file:/C:/Users/Leo/.m2/repository/com/github/almasb/fxgl/21.1/fxgl-21.1.jar!/fxglassets/textures/fxgl_default_cursor.png
14:55:20.983 [JavaFX Application Thread] DEBUG Input                - Registered new binding: Screenshot - CTRL+8
14:55:20.983 [JavaFX Application Thread] DEBUG Input                - Registered new binding: System info dump - CTRL+9
14:55:20.984 [JavaFX Application Thread] DEBUG Input                - Registered new binding: Restart - CTRL+R
14:55:20.985 [JavaFX Application Thread] DEBUG Input                - Registered new binding: Toggle Debug Camera - CTRL+7
14:55:20.990 [JavaFX Application Thread] DEBUG LoopRunner           - Starting loop
14:55:20.990 [JavaFX Application Thread] DEBUG LoopRunner           - Initializing JavaFX AnimationTimerLoop
14:55:20.992 [JavaFX Application Thread] DEBUG GameApplicationServi - Starting new game
14:55:20.993 [JavaFX Application Thread] DEBUG Input                - Clearing active input actions
14:55:21.005 [JavaFX Application Thread] DEBUG GameApplicationServi - Removing overlay from FXGLStartupScene and adding to FXGLLoadingScene
14:55:21.005 [JavaFX Application Thread] DEBUG PrimaryStageWindow   - FXGLStartupScene -> FXGLLoadingScene
14:55:21.006 [JavaFX Application Thread] DEBUG GameApplicationServi - Clearing previous game
14:55:21.006 [JavaFX Application Thread] DEBUG GameScene            - Clearing game scene
14:55:21.006 [JavaFX Application Thread] DEBUG GameWorld            - Clearing game world
14:55:21.006 [JavaFX Application Thread] DEBUG PhysicsWorld         - Clearing physics world
14:55:21.009 [FXGL Background Thread 4 ] DEBUG FXGLApplication      - Initializing game
14:55:21.010 [JavaFX Application Thread] DEBUG FXGLApplication      - Registering font factories with UI factory
14:55:21.183 [FXGL Background Thread 4 ] INFO  FXGLApplication      - Game initialization took: 0,173 sec
14:55:21.186 [JavaFX Application Thread] DEBUG Input                - Clearing active input actions
14:55:21.191 [JavaFX Application Thread] DEBUG GameApplicationServi - Removing overlay from FXGLLoadingScene and adding to GameScene
14:55:21.191 [JavaFX Application Thread] DEBUG PrimaryStageWindow   - FXGLLoadingScene -> GameScene
14:55:23.914 [FXGL Background Thread 3 ] DEBUG Engine               - Logging environment variables
14:55:23.914 [FXGL Background Thread 3 ] DEBUG Engine               - achievements: []
14:55:23.914 [FXGL Background Thread 3 ] DEBUG Engine               - actualHeight: 1080.0
14:55:23.914 [FXGL Background Thread 3 ] DEBUG Engine               - actualHeightProperty: ReadOnlyDoubleProperty [value: 1369.333251953125]
14:55:23.914 [FXGL Background Thread 3 ] DEBUG Engine               - actualWidth: 1920.0
14:55:23.914 [FXGL Background Thread 3 ] DEBUG Engine               - actualWidthProperty: ReadOnlyDoubleProperty [value: 2560.0001220703125]
14:55:23.914 [FXGL Background Thread 3 ] DEBUG Engine               - appIcon: fxgl_icon.png
14:55:23.914 [FXGL Background Thread 3 ] DEBUG Engine               - applicationMode: DEVELOPER
14:55:23.914 [FXGL Background Thread 3 ] DEBUG Engine               - cSSList: [fxgl_dark.css]
14:55:23.914 [FXGL Background Thread 3 ] DEBUG Engine               - collisionDetectionStrategy: BRUTE_FORCE
14:55:23.914 [FXGL Background Thread 3 ] DEBUG Engine               - configClass: Optional.empty
14:55:23.914 [FXGL Background Thread 3 ] DEBUG Engine               - credits: []
14:55:23.915 [FXGL Background Thread 3 ] DEBUG Engine               - defaultCursor: CursorInfo(imageName=fxgl_default_cursor.png, hotspotX=7.0, hotspotY=6.0)
14:55:23.915 [FXGL Background Thread 3 ] DEBUG Engine               - devBBoxColorProperty: ObjectProperty [value: 0xff0000ff]
14:55:23.915 [FXGL Background Thread 3 ] DEBUG Engine               - devEnableDebugCameraProperty: BooleanProperty [value: false]
14:55:23.915 [FXGL Background Thread 3 ] DEBUG Engine               - devSensorColorProperty: ObjectProperty [value: 0xffff00ff]
14:55:23.915 [FXGL Background Thread 3 ] DEBUG Engine               - devShowBBoxProperty: BooleanProperty [value: false]
14:55:23.915 [FXGL Background Thread 3 ] DEBUG Engine               - devShowPositionProperty: BooleanProperty [value: false]
14:55:23.915 [FXGL Background Thread 3 ] DEBUG Engine               - enabledMenuItems: []
14:55:23.915 [FXGL Background Thread 3 ] DEBUG Engine               - engineServices: [class com.almasb.fxgl.app.services.FXGLAssetLoaderService, class com.almasb.fxgl.app.FXGLApplication$GameApplicationService, class com.almasb.fxgl.app.services.FXGLDialogService, class com.almasb.fxgl.app.services.IOTaskExecutorService, class com.almasb.fxgl.io.FileSystemService, class com.almasb.fxgl.localization.LocalizationService, class com.almasb.fxgl.app.services.SystemBundleService, class com.almasb.fxgl.profile.SaveLoadService, class com.almasb.fxgl.ui.FXGLUIFactoryServiceProvider, class com.almasb.fxgl.ui.FXGLDialogFactoryServiceProvider, class com.almasb.fxgl.audio.AudioPlayer, class com.almasb.fxgl.notification.impl.NotificationServiceProvider, class com.almasb.fxgl.achievement.AchievementService, class com.almasb.fxgl.cutscene.CutsceneService, class com.almasb.fxgl.minigames.MiniGameService, class com.almasb.fxgl.net.NetService, class com.almasb.fxgl.app.services.UpdaterService, class com.almasb.fxgl.dev.DevService]
14:55:23.915 [FXGL Background Thread 3 ] DEBUG Engine               - fontGame: Abel-Regular.ttf
14:55:23.915 [FXGL Background Thread 3 ] DEBUG Engine               - fontMono: TerminalLandMono-Regular.otf
14:55:23.915 [FXGL Background Thread 3 ] DEBUG Engine               - fontSizeScaleUI: 1.0
14:55:23.915 [FXGL Background Thread 3 ] DEBUG Engine               - fontText: Courier-Prime.ttf
14:55:23.915 [FXGL Background Thread 3 ] DEBUG Engine               - fontUI: VarelaRound-Regular.ttf
14:55:23.915 [FXGL Background Thread 3 ] DEBUG Engine               - fullScreen: BooleanProperty [value: false]
14:55:23.915 [FXGL Background Thread 3 ] DEBUG Engine               - gameDifficulty: MEDIUM
14:55:23.915 [FXGL Background Thread 3 ] DEBUG Engine               - gameDifficultyProperty: ObjectProperty [value: MEDIUM]
14:55:23.915 [FXGL Background Thread 3 ] DEBUG Engine               - globalMusicVolume: 0.5
14:55:23.915 [FXGL Background Thread 3 ] DEBUG Engine               - globalMusicVolumeProperty: DoubleProperty [value: 0.5]
14:55:23.915 [FXGL Background Thread 3 ] DEBUG Engine               - globalSoundVolume: 0.5
14:55:23.915 [FXGL Background Thread 3 ] DEBUG Engine               - globalSoundVolumeProperty: DoubleProperty [value: 0.5]
14:55:23.916 [FXGL Background Thread 3 ] DEBUG Engine               - height: 1080
14:55:23.916 [FXGL Background Thread 3 ] DEBUG Engine               - is3D: false
14:55:23.916 [FXGL Background Thread 3 ] DEBUG Engine               - isAndroid: false
14:55:23.916 [FXGL Background Thread 3 ] DEBUG Engine               - isBrowser: false
14:55:23.916 [FXGL Background Thread 3 ] DEBUG Engine               - isClickFeedbackEnabled: false
14:55:23.916 [FXGL Background Thread 3 ] DEBUG Engine               - isCloseConfirmation: false
14:55:23.916 [FXGL Background Thread 3 ] DEBUG Engine               - isDesktop: true
14:55:23.916 [FXGL Background Thread 3 ] DEBUG Engine               - isDeveloperMenuEnabled: false
14:55:23.916 [FXGL Background Thread 3 ] DEBUG Engine               - isEmbedded: false
14:55:23.916 [FXGL Background Thread 3 ] DEBUG Engine               - isEntityPreloadEnabled: true
14:55:23.916 [FXGL Background Thread 3 ] DEBUG Engine               - isExperimentalTiledLargeMap: false
14:55:23.916 [FXGL Background Thread 3 ] DEBUG Engine               - isFileSystemWriteAllowed: true
14:55:23.916 [FXGL Background Thread 3 ] DEBUG Engine               - isFullScreenAllowed: true
14:55:23.916 [FXGL Background Thread 3 ] DEBUG Engine               - isFullScreenFromStart: false
14:55:23.916 [FXGL Background Thread 3 ] DEBUG Engine               - isGameMenuEnabled: true
14:55:23.916 [FXGL Background Thread 3 ] DEBUG Engine               - isIOS: false
14:55:23.916 [FXGL Background Thread 3 ] DEBUG Engine               - isIntroEnabled: false
14:55:23.916 [FXGL Background Thread 3 ] DEBUG Engine               - isLinux: false
14:55:23.916 [FXGL Background Thread 3 ] DEBUG Engine               - isMac: false
14:55:23.916 [FXGL Background Thread 3 ] DEBUG Engine               - isMainMenuEnabled: false
14:55:23.916 [FXGL Background Thread 3 ] DEBUG Engine               - isManualResizeEnabled: true
14:55:23.916 [FXGL Background Thread 3 ] DEBUG Engine               - isMobile: false
14:55:23.916 [FXGL Background Thread 3 ] DEBUG Engine               - isNative: false
14:55:23.916 [FXGL Background Thread 3 ] DEBUG Engine               - isPauseMusicWhenMinimized: true
14:55:23.916 [FXGL Background Thread 3 ] DEBUG Engine               - isPreserveResizeRatio: false
14:55:23.916 [FXGL Background Thread 3 ] DEBUG Engine               - isProfilingEnabled: false
14:55:23.916 [FXGL Background Thread 3 ] DEBUG Engine               - isScaleAffectedOnResize: true
14:55:23.916 [FXGL Background Thread 3 ] DEBUG Engine               - isSingleStep: false
14:55:23.916 [FXGL Background Thread 3 ] DEBUG Engine               - isUserProfileEnabled: false
14:55:23.916 [FXGL Background Thread 3 ] DEBUG Engine               - isWindows: true
14:55:23.917 [FXGL Background Thread 3 ] DEBUG Engine               - language: ObjectProperty [value: ENGLISH]
14:55:23.917 [FXGL Background Thread 3 ] DEBUG Engine               - menuKey: ESCAPE
14:55:23.917 [FXGL Background Thread 3 ] DEBUG Engine               - mouseSensitivity: 0.2
14:55:23.917 [FXGL Background Thread 3 ] DEBUG Engine               - notificationViewClass: class com.almasb.fxgl.notification.view.XboxNotificationView
14:55:23.917 [FXGL Background Thread 3 ] DEBUG Engine               - pixelsPerMeter: 50.0
14:55:23.917 [FXGL Background Thread 3 ] DEBUG Engine               - platform: WINDOWS
14:55:23.917 [FXGL Background Thread 3 ] DEBUG Engine               - prefHeightProperty: ReadOnlyDoubleProperty [value: 1080.0]
14:55:23.917 [FXGL Background Thread 3 ] DEBUG Engine               - prefWidthProperty: ReadOnlyDoubleProperty [value: 1920.0]
14:55:23.917 [FXGL Background Thread 3 ] DEBUG Engine               - profileDir: profiles/
14:55:23.917 [FXGL Background Thread 3 ] DEBUG Engine               - profileName: StringProperty [value: DEFAULT]
14:55:23.917 [FXGL Background Thread 3 ] DEBUG Engine               - randomSeed: -1
14:55:23.917 [FXGL Background Thread 3 ] DEBUG Engine               - runtimeInfo: RuntimeInfo(platform=WINDOWS, version=21.1, build=27.03.2024 07.52)
14:55:23.917 [FXGL Background Thread 3 ] DEBUG Engine               - saveFileExt: sav
14:55:23.917 [FXGL Background Thread 3 ] DEBUG Engine               - scaledHeightProp$fxgl: DoubleProperty [bound, value: 1369.333251953125]
14:55:23.917 [FXGL Background Thread 3 ] DEBUG Engine               - scaledWidthProp$fxgl: DoubleProperty [bound, value: 2560.0001220703125]
14:55:23.917 [FXGL Background Thread 3 ] DEBUG Engine               - sceneFactory: com.almasb.fxgl.app.scene.SceneFactory@5fac8571
14:55:23.917 [FXGL Background Thread 3 ] DEBUG Engine               - secondsIn24h: 60
14:55:23.917 [FXGL Background Thread 3 ] DEBUG Engine               - soundMenuBack: menu/back.wav
14:55:23.917 [FXGL Background Thread 3 ] DEBUG Engine               - soundMenuPress: menu/press.wav
14:55:23.917 [FXGL Background Thread 3 ] DEBUG Engine               - soundMenuSelect: menu/select.wav
14:55:23.917 [FXGL Background Thread 3 ] DEBUG Engine               - soundNotification: core/notification.wav
14:55:23.917 [FXGL Background Thread 3 ] DEBUG Engine               - stageStyle: DECORATED
14:55:23.917 [FXGL Background Thread 3 ] DEBUG Engine               - supportedLanguages: [ENGLISH, FRENCH, GERMAN, HUNGARIAN, RUSSIAN]
14:55:23.917 [FXGL Background Thread 3 ] DEBUG Engine               - ticksPerSecond: -1
14:55:23.917 [FXGL Background Thread 3 ] DEBUG Engine               - title: Harry Potter: Hogwarts Battle - Deck Building Game
14:55:23.917 [FXGL Background Thread 3 ] DEBUG Engine               - urlGithub: https://github.com/AlmasB/FXGL
14:55:23.917 [FXGL Background Thread 3 ] DEBUG Engine               - urlLeaderboard: http://fxgl-top.herokuapp.com/
14:55:23.917 [FXGL Background Thread 3 ] DEBUG Engine               - urlPOM: https://raw.githubusercontent.com/AlmasB/FXGL/release/README.md
14:55:23.917 [FXGL Background Thread 3 ] DEBUG Engine               - userAppClass: class grafica.GameController
14:55:23.917 [FXGL Background Thread 3 ] DEBUG Engine               - version: 1.0
14:55:23.917 [FXGL Background Thread 3 ] DEBUG Engine               - versionCheckDays: 7
14:55:23.917 [FXGL Background Thread 3 ] DEBUG Engine               - width: 1920
14:55:23.917 [FXGL Background Thread 3 ] DEBUG Engine               - Logging services
14:55:23.917 [FXGL Background Thread 3 ] DEBUG Engine               - class com.almasb.fxgl.app.services.FXGLAssetLoaderService
14:55:23.917 [FXGL Background Thread 3 ] DEBUG Engine               - class com.almasb.fxgl.app.FXGLApplication$GameApplicationService
14:55:23.917 [FXGL Background Thread 3 ] DEBUG Engine               - class com.almasb.fxgl.app.services.FXGLDialogService
14:55:23.917 [FXGL Background Thread 3 ] DEBUG Engine               - class com.almasb.fxgl.app.services.IOTaskExecutorService
14:55:23.917 [FXGL Background Thread 3 ] DEBUG Engine               - class com.almasb.fxgl.io.FileSystemService
14:55:23.917 [FXGL Background Thread 3 ] DEBUG Engine               - class com.almasb.fxgl.localization.LocalizationService
14:55:23.917 [FXGL Background Thread 3 ] DEBUG Engine               - class com.almasb.fxgl.app.services.SystemBundleService
14:55:23.917 [FXGL Background Thread 3 ] DEBUG Engine               - class com.almasb.fxgl.profile.SaveLoadService
14:55:23.917 [FXGL Background Thread 3 ] DEBUG Engine               - class com.almasb.fxgl.ui.FXGLUIFactoryServiceProvider
14:55:23.918 [FXGL Background Thread 3 ] DEBUG Engine               - class com.almasb.fxgl.ui.FXGLDialogFactoryServiceProvider
14:55:23.918 [FXGL Background Thread 3 ] DEBUG Engine               - class com.almasb.fxgl.audio.AudioPlayer
14:55:23.918 [FXGL Background Thread 3 ] DEBUG Engine               - class com.almasb.fxgl.notification.impl.NotificationServiceProvider
14:55:23.918 [FXGL Background Thread 3 ] DEBUG Engine               - class com.almasb.fxgl.achievement.AchievementService
14:55:23.918 [FXGL Background Thread 3 ] DEBUG Engine               - class com.almasb.fxgl.cutscene.CutsceneService
14:55:23.918 [FXGL Background Thread 3 ] DEBUG Engine               - class com.almasb.fxgl.minigames.MiniGameService
14:55:23.918 [FXGL Background Thread 3 ] DEBUG Engine               - class com.almasb.fxgl.net.NetService
14:55:23.918 [FXGL Background Thread 3 ] DEBUG Engine               - class com.almasb.fxgl.app.services.UpdaterService
14:55:23.918 [FXGL Background Thread 3 ] DEBUG Engine               - class com.almasb.fxgl.dev.DevService
15:08:14.270 [JavaFX Application Thread] DEBUG FXGLApplication      - Exiting FXGL
15:08:14.270 [JavaFX Application Thread] DEBUG LoopRunner           - Stopping loop
15:08:14.270 [JavaFX Application Thread] DEBUG SystemBundleService  - Saving FXGL system data
15:08:14.272 [JavaFX Application Thread] DEBUG FileSystemAccess     - Writing to: D:\documenti\Leonardo\università\anno_3\Ingegneria_del_software\Progetto\Progetto_Ing_Software\HogwartsBattle\HogwartsBattle\system\fxgl.bundle
15:08:14.274 [JavaFX Application Thread] DEBUG Async                - Shutting down background threads
15:08:14.275 [JavaFX Application Thread] DEBUG PrimaryStageWindow   - Closing main window
15:08:14.281 [JavaFX Application Thread] DEBUG Logger               - Closing Logger
